{"/Users/mertz/Downloads/P2_main-Hope/scripts/assignee.js": {"path":"/Users/mertz/Downloads/P2_main-Hope/scripts/assignee.js","statementMap":{"0":{"start":{"line":1,"column":24},"end":{"line":1,"column":80}},"1":{"start":{"line":3,"column":27},"end":{"line":3,"column":68}},"2":{"start":{"line":4,"column":20},"end":{"line":4,"column":55}},"3":{"start":{"line":6,"column":0},"end":{"line":6,"column":61}},"4":{"start":{"line":8,"column":23},"end":{"line":8,"column":62}},"5":{"start":{"line":9,"column":2},"end":{"line":9,"column":25}},"6":{"start":{"line":10,"column":15},"end":{"line":12,"column":3}},"7":{"start":{"line":13,"column":2},"end":{"line":25,"column":3}},"8":{"start":{"line":14,"column":21},"end":{"line":20,"column":6}},"9":{"start":{"line":21,"column":33},"end":{"line":21,"column":54}},"10":{"start":{"line":22,"column":24},"end":{"line":22,"column":110}},"11":{"start":{"line":24,"column":4},"end":{"line":24,"column":25}},"12":{"start":{"line":28,"column":26},"end":{"line":28,"column":30}},"13":{"start":{"line":29,"column":0},"end":{"line":37,"column":3}},"14":{"start":{"line":30,"column":2},"end":{"line":36,"column":3}},"15":{"start":{"line":31,"column":22},"end":{"line":31,"column":44}},"16":{"start":{"line":32,"column":4},"end":{"line":34,"column":5}},"17":{"start":{"line":33,"column":6},"end":{"line":33,"column":13}},"18":{"start":{"line":35,"column":4},"end":{"line":35,"column":34}},"19":{"start":{"line":40,"column":2},"end":{"line":42,"column":3}},"20":{"start":{"line":41,"column":4},"end":{"line":41,"column":61}},"21":{"start":{"line":43,"column":30},"end":{"line":43,"column":81}},"22":{"start":{"line":44,"column":26},"end":{"line":44,"column":73}},"23":{"start":{"line":45,"column":29},"end":{"line":45,"column":61}},"24":{"start":{"line":46,"column":30},"end":{"line":46,"column":61}},"25":{"start":{"line":47,"column":25},"end":{"line":47,"column":57}},"26":{"start":{"line":49,"column":2},"end":{"line":49,"column":47}},"27":{"start":{"line":50,"column":2},"end":{"line":50,"column":33}},"28":{"start":{"line":51,"column":2},"end":{"line":51,"column":33}},"29":{"start":{"line":52,"column":2},"end":{"line":52,"column":35}},"30":{"start":{"line":54,"column":2},"end":{"line":54,"column":41}},"31":{"start":{"line":55,"column":2},"end":{"line":55,"column":37}},"32":{"start":{"line":56,"column":2},"end":{"line":56,"column":41}},"33":{"start":{"line":58,"column":2},"end":{"line":75,"column":5}},"34":{"start":{"line":59,"column":4},"end":{"line":59,"column":59}},"35":{"start":{"line":60,"column":4},"end":{"line":74,"column":5}},"36":{"start":{"line":61,"column":25},"end":{"line":61,"column":57}},"37":{"start":{"line":62,"column":21},"end":{"line":62,"column":53}},"38":{"start":{"line":63,"column":6},"end":{"line":63,"column":51}},"39":{"start":{"line":64,"column":6},"end":{"line":64,"column":45}},"40":{"start":{"line":65,"column":6},"end":{"line":65,"column":47}},"41":{"start":{"line":66,"column":6},"end":{"line":66,"column":41}},"42":{"start":{"line":67,"column":6},"end":{"line":67,"column":41}},"43":{"start":{"line":68,"column":6},"end":{"line":68,"column":49}},"44":{"start":{"line":70,"column":6},"end":{"line":70,"column":30}},"45":{"start":{"line":71,"column":6},"end":{"line":71,"column":35}},"46":{"start":{"line":72,"column":6},"end":{"line":72,"column":34}},"47":{"start":{"line":73,"column":6},"end":{"line":73,"column":13}},"48":{"start":{"line":77,"column":2},"end":{"line":77,"column":68}},"49":{"start":{"line":78,"column":2},"end":{"line":78,"column":76}},"50":{"start":{"line":79,"column":2},"end":{"line":79,"column":34}},"51":{"start":{"line":81,"column":0},"end":{"line":81,"column":56}},"52":{"start":{"line":82,"column":38},"end":{"line":82,"column":35830}},"53":{"start":{"line":82,"column":42},"end":{"line":82,"column":35819}},"54":{"start":{"line":82,"column":35855},"end":{"line":82,"column":35895}},"55":{"start":{"line":82,"column":35859},"end":{"line":82,"column":35884}},"56":{"start":{"line":82,"column":35896},"end":{"line":82,"column":35904}},"57":{"start":{"line":82,"column":35929},"end":{"line":82,"column":35971}},"58":{"start":{"line":82,"column":35933},"end":{"line":82,"column":35960}},"59":{"start":{"line":82,"column":35972},"end":{"line":82,"column":35980}},"60":{"start":{"line":82,"column":35999},"end":{"line":82,"column":36036}},"61":{"start":{"line":82,"column":36003},"end":{"line":82,"column":36025}},"62":{"start":{"line":82,"column":36055},"end":{"line":82,"column":36095}},"63":{"start":{"line":82,"column":36059},"end":{"line":82,"column":36084}}},"fnMap":{"0":{"name":"addNewAssignee","decl":{"start":{"line":7,"column":15},"end":{"line":7,"column":29}},"loc":{"start":{"line":7,"column":37},"end":{"line":26,"column":1}},"line":7},"1":{"name":"getAssignees","decl":{"start":{"line":29,"column":53},"end":{"line":29,"column":65}},"loc":{"start":{"line":29,"column":73},"end":{"line":37,"column":1}},"line":29},"2":{"name":"makeAssigneeSelect","decl":{"start":{"line":39,"column":9},"end":{"line":39,"column":27}},"loc":{"start":{"line":39,"column":39},"end":{"line":80,"column":1}},"line":39},"3":{"name":"(anonymous_3)","decl":{"start":{"line":58,"column":20},"end":{"line":58,"column":21}},"loc":{"start":{"line":58,"column":32},"end":{"line":75,"column":3}},"line":58},"4":{"name":"oo_cm","decl":{"start":{"line":82,"column":30},"end":{"line":82,"column":35}},"loc":{"start":{"line":82,"column":37},"end":{"line":82,"column":35831}},"line":82},"5":{"name":"oo_oo","decl":{"start":{"line":82,"column":35841},"end":{"line":82,"column":35846}},"loc":{"start":{"line":82,"column":35854},"end":{"line":82,"column":35905}},"line":82},"6":{"name":"oo_tr","decl":{"start":{"line":82,"column":35915},"end":{"line":82,"column":35920}},"loc":{"start":{"line":82,"column":35928},"end":{"line":82,"column":35981}},"line":82},"7":{"name":"oo_ts","decl":{"start":{"line":82,"column":35991},"end":{"line":82,"column":35996}},"loc":{"start":{"line":82,"column":35998},"end":{"line":82,"column":36037}},"line":82},"8":{"name":"oo_te","decl":{"start":{"line":82,"column":36047},"end":{"line":82,"column":36052}},"loc":{"start":{"line":82,"column":36054},"end":{"line":82,"column":36096}},"line":82}},"branchMap":{"0":{"loc":{"start":{"line":30,"column":2},"end":{"line":36,"column":3}},"type":"if","locations":[{"start":{"line":30,"column":2},"end":{"line":36,"column":3}},{"start":{},"end":{}}],"line":30},"1":{"loc":{"start":{"line":30,"column":6},"end":{"line":30,"column":54}},"type":"binary-expr","locations":[{"start":{"line":30,"column":6},"end":{"line":30,"column":38}},{"start":{"line":30,"column":42},"end":{"line":30,"column":54}}],"line":30},"2":{"loc":{"start":{"line":32,"column":4},"end":{"line":34,"column":5}},"type":"if","locations":[{"start":{"line":32,"column":4},"end":{"line":34,"column":5}},{"start":{},"end":{}}],"line":32},"3":{"loc":{"start":{"line":40,"column":2},"end":{"line":42,"column":3}},"type":"if","locations":[{"start":{"line":40,"column":2},"end":{"line":42,"column":3}},{"start":{},"end":{}}],"line":40},"4":{"loc":{"start":{"line":60,"column":4},"end":{"line":74,"column":5}},"type":"if","locations":[{"start":{"line":60,"column":4},"end":{"line":74,"column":5}},{"start":{"line":69,"column":11},"end":{"line":74,"column":5}}],"line":60},"5":{"loc":{"start":{"line":82,"column":49},"end":{"line":82,"column":35818}},"type":"binary-expr","locations":[{"start":{"line":82,"column":49},"end":{"line":82,"column":86}},{"start":{"line":82,"column":90},"end":{"line":82,"column":35818}}],"line":82}},"s":{"0":2,"1":2,"2":2,"3":2,"4":2,"5":2,"6":2,"7":2,"8":2,"9":2,"10":0,"11":2,"12":2,"13":2,"14":0,"15":0,"16":0,"17":0,"18":0,"19":1,"20":1,"21":1,"22":1,"23":1,"24":1,"25":1,"26":1,"27":1,"28":1,"29":1,"30":1,"31":1,"32":1,"33":1,"34":3,"35":3,"36":3,"37":3,"38":3,"39":3,"40":3,"41":3,"42":3,"43":3,"44":0,"45":0,"46":0,"47":0,"48":1,"49":1,"50":1,"51":2,"52":0,"53":0,"54":0,"55":0,"56":0,"57":0,"58":0,"59":0,"60":0,"61":0,"62":0,"63":0},"f":{"0":2,"1":0,"2":1,"3":3,"4":0,"5":0,"6":0,"7":0,"8":0},"b":{"0":[0,0],"1":[0,0],"2":[0,0],"3":[1,0],"4":[3,0],"5":[0,0]},"_coverageSchema":"1a1c01bbd47fc00a2c39e90264f33305004495a9","hash":"7001f588d9d8d5edb744d0355d1364f98250a78a"}
,"/Users/mertz/Downloads/P2_main-Hope/scripts/backlog.js": {"path":"/Users/mertz/Downloads/P2_main-Hope/scripts/backlog.js","statementMap":{"0":{"start":{"line":1,"column":0},"end":{"line":1,"column":46}},"1":{"start":{"line":2,"column":15},"end":{"line":2,"column":68}},"2":{"start":{"line":3,"column":21},"end":{"line":3,"column":55}},"3":{"start":{"line":4,"column":17},"end":{"line":8,"column":1}},"4":{"start":{"line":10,"column":0},"end":{"line":14,"column":3}},"5":{"start":{"line":11,"column":16},"end":{"line":11,"column":38}},"6":{"start":{"line":12,"column":22},"end":{"line":12,"column":38}},"7":{"start":{"line":13,"column":2},"end":{"line":13,"column":27}},"8":{"start":{"line":17,"column":22},"end":{"line":17,"column":83}},"9":{"start":{"line":17,"column":45},"end":{"line":17,"column":82}},"10":{"start":{"line":18,"column":2},"end":{"line":27,"column":5}},"11":{"start":{"line":19,"column":24},"end":{"line":19,"column":115}},"12":{"start":{"line":20,"column":4},"end":{"line":26,"column":5}},"13":{"start":{"line":21,"column":6},"end":{"line":21,"column":25}},"14":{"start":{"line":23,"column":24},"end":{"line":23,"column":59}},"15":{"start":{"line":24,"column":24},"end":{"line":24,"column":59}},"16":{"start":{"line":25,"column":6},"end":{"line":25,"column":35}},"17":{"start":{"line":28,"column":2},"end":{"line":28,"column":21}},"18":{"start":{"line":32,"column":16},"end":{"line":32,"column":33}},"19":{"start":{"line":33,"column":19},"end":{"line":33,"column":20}},"20":{"start":{"line":35,"column":2},"end":{"line":41,"column":5}},"21":{"start":{"line":36,"column":4},"end":{"line":38,"column":5}},"22":{"start":{"line":37,"column":6},"end":{"line":37,"column":45}},"23":{"start":{"line":39,"column":4},"end":{"line":39,"column":17}},"24":{"start":{"line":40,"column":4},"end":{"line":40,"column":42}},"25":{"start":{"line":44,"column":2},"end":{"line":47,"column":3}},"26":{"start":{"line":45,"column":4},"end":{"line":45,"column":58}},"27":{"start":{"line":46,"column":4},"end":{"line":46,"column":25}},"28":{"start":{"line":48,"column":23},"end":{"line":48,"column":52}},"29":{"start":{"line":49,"column":2},"end":{"line":49,"column":35}},"30":{"start":{"line":51,"column":2},"end":{"line":51,"column":34}},"31":{"start":{"line":52,"column":2},"end":{"line":54,"column":3}},"32":{"start":{"line":53,"column":4},"end":{"line":53,"column":43}},"33":{"start":{"line":58,"column":16},"end":{"line":58,"column":47}},"34":{"start":{"line":59,"column":20},"end":{"line":59,"column":48}},"35":{"start":{"line":60,"column":22},"end":{"line":60,"column":50}},"36":{"start":{"line":61,"column":25},"end":{"line":61,"column":53}},"37":{"start":{"line":62,"column":25},"end":{"line":62,"column":53}},"38":{"start":{"line":63,"column":26},"end":{"line":63,"column":54}},"39":{"start":{"line":64,"column":24},"end":{"line":64,"column":52}},"40":{"start":{"line":65,"column":23},"end":{"line":65,"column":51}},"41":{"start":{"line":66,"column":25},"end":{"line":66,"column":53}},"42":{"start":{"line":68,"column":2},"end":{"line":68,"column":28}},"43":{"start":{"line":69,"column":2},"end":{"line":69,"column":36}},"44":{"start":{"line":70,"column":2},"end":{"line":70,"column":42}},"45":{"start":{"line":71,"column":2},"end":{"line":71,"column":42}},"46":{"start":{"line":72,"column":2},"end":{"line":72,"column":45}},"47":{"start":{"line":73,"column":2},"end":{"line":73,"column":41}},"48":{"start":{"line":74,"column":2},"end":{"line":74,"column":38}},"49":{"start":{"line":75,"column":2},"end":{"line":75,"column":42}},"50":{"start":{"line":77,"column":2},"end":{"line":77,"column":37}},"51":{"start":{"line":78,"column":2},"end":{"line":78,"column":40}},"52":{"start":{"line":79,"column":2},"end":{"line":79,"column":40}},"53":{"start":{"line":80,"column":2},"end":{"line":80,"column":41}},"54":{"start":{"line":81,"column":2},"end":{"line":81,"column":39}},"55":{"start":{"line":82,"column":2},"end":{"line":82,"column":38}},"56":{"start":{"line":83,"column":2},"end":{"line":83,"column":40}},"57":{"start":{"line":84,"column":2},"end":{"line":84,"column":31}},"58":{"start":{"line":85,"column":2},"end":{"line":85,"column":15}},"59":{"start":{"line":89,"column":14},"end":{"line":89,"column":42}},"60":{"start":{"line":90,"column":20},"end":{"line":90,"column":48}},"61":{"start":{"line":91,"column":19},"end":{"line":91,"column":47}},"62":{"start":{"line":92,"column":19},"end":{"line":92,"column":47}},"63":{"start":{"line":93,"column":20},"end":{"line":93,"column":48}},"64":{"start":{"line":94,"column":18},"end":{"line":94,"column":46}},"65":{"start":{"line":95,"column":17},"end":{"line":95,"column":45}},"66":{"start":{"line":96,"column":19},"end":{"line":96,"column":47}},"67":{"start":{"line":98,"column":2},"end":{"line":98,"column":37}},"68":{"start":{"line":99,"column":2},"end":{"line":99,"column":39}},"69":{"start":{"line":100,"column":2},"end":{"line":100,"column":54}},"70":{"start":{"line":101,"column":2},"end":{"line":101,"column":56}},"71":{"start":{"line":102,"column":2},"end":{"line":102,"column":52}},"72":{"start":{"line":103,"column":2},"end":{"line":103,"column":50}},"73":{"start":{"line":104,"column":2},"end":{"line":104,"column":54}},"74":{"start":{"line":105,"column":2},"end":{"line":105,"column":45}},"75":{"start":{"line":107,"column":2},"end":{"line":107,"column":29}},"76":{"start":{"line":108,"column":2},"end":{"line":108,"column":28}},"77":{"start":{"line":109,"column":2},"end":{"line":109,"column":28}},"78":{"start":{"line":110,"column":2},"end":{"line":110,"column":29}},"79":{"start":{"line":111,"column":2},"end":{"line":111,"column":27}},"80":{"start":{"line":112,"column":2},"end":{"line":112,"column":26}},"81":{"start":{"line":113,"column":2},"end":{"line":113,"column":28}},"82":{"start":{"line":114,"column":2},"end":{"line":114,"column":25}},"83":{"start":{"line":116,"column":0},"end":{"line":116,"column":72}}},"fnMap":{"0":{"name":"(anonymous_0)","decl":{"start":{"line":10,"column":35},"end":{"line":10,"column":36}},"loc":{"start":{"line":10,"column":52},"end":{"line":14,"column":1}},"line":10},"1":{"name":"sortTasks","decl":{"start":{"line":16,"column":9},"end":{"line":16,"column":18}},"loc":{"start":{"line":16,"column":26},"end":{"line":29,"column":1}},"line":16},"2":{"name":"(anonymous_2)","decl":{"start":{"line":17,"column":35},"end":{"line":17,"column":36}},"loc":{"start":{"line":17,"column":45},"end":{"line":17,"column":82}},"line":17},"3":{"name":"(anonymous_3)","decl":{"start":{"line":18,"column":19},"end":{"line":18,"column":20}},"loc":{"start":{"line":18,"column":29},"end":{"line":27,"column":3}},"line":18},"4":{"name":"createTasks","decl":{"start":{"line":31,"column":9},"end":{"line":31,"column":20}},"loc":{"start":{"line":31,"column":28},"end":{"line":55,"column":1}},"line":31},"5":{"name":"(anonymous_5)","decl":{"start":{"line":35,"column":16},"end":{"line":35,"column":17}},"loc":{"start":{"line":35,"column":33},"end":{"line":41,"column":3}},"line":35},"6":{"name":"makeTableHeader","decl":{"start":{"line":57,"column":9},"end":{"line":57,"column":24}},"loc":{"start":{"line":57,"column":27},"end":{"line":86,"column":1}},"line":57},"7":{"name":"makeTableRow","decl":{"start":{"line":88,"column":9},"end":{"line":88,"column":21}},"loc":{"start":{"line":88,"column":47},"end":{"line":115,"column":1}},"line":88}},"branchMap":{"0":{"loc":{"start":{"line":20,"column":4},"end":{"line":26,"column":5}},"type":"if","locations":[{"start":{"line":20,"column":4},"end":{"line":26,"column":5}},{"start":{"line":22,"column":11},"end":{"line":26,"column":5}}],"line":20},"1":{"loc":{"start":{"line":36,"column":4},"end":{"line":38,"column":5}},"type":"if","locations":[{"start":{"line":36,"column":4},"end":{"line":38,"column":5}},{"start":{},"end":{}}],"line":36},"2":{"loc":{"start":{"line":44,"column":2},"end":{"line":47,"column":3}},"type":"if","locations":[{"start":{"line":44,"column":2},"end":{"line":47,"column":3}},{"start":{},"end":{}}],"line":44},"3":{"loc":{"start":{"line":52,"column":2},"end":{"line":54,"column":3}},"type":"if","locations":[{"start":{"line":52,"column":2},"end":{"line":54,"column":3}},{"start":{},"end":{}}],"line":52}},"s":{"0":2,"1":2,"2":2,"3":2,"4":2,"5":0,"6":0,"7":0,"8":1,"9":3,"10":1,"11":4,"12":4,"13":4,"14":0,"15":0,"16":0,"17":1,"18":1,"19":1,"20":1,"21":1,"22":0,"23":1,"24":1,"25":1,"26":0,"27":0,"28":1,"29":1,"30":1,"31":1,"32":0,"33":3,"34":3,"35":3,"36":3,"37":3,"38":3,"39":3,"40":3,"41":3,"42":3,"43":3,"44":3,"45":3,"46":3,"47":3,"48":3,"49":3,"50":3,"51":3,"52":3,"53":3,"54":3,"55":3,"56":3,"57":3,"58":3,"59":3,"60":3,"61":3,"62":3,"63":3,"64":3,"65":3,"66":3,"67":3,"68":3,"69":3,"70":3,"71":3,"72":3,"73":3,"74":3,"75":3,"76":3,"77":3,"78":3,"79":3,"80":3,"81":3,"82":3,"83":2},"f":{"0":0,"1":1,"2":3,"3":4,"4":1,"5":1,"6":3,"7":3},"b":{"0":[4,0],"1":[0,1],"2":[0,1],"3":[0,1]},"_coverageSchema":"1a1c01bbd47fc00a2c39e90264f33305004495a9","hash":"c793037e6753bc861fba3b953694d9d80f067647"}
,"/Users/mertz/Downloads/P2_main-Hope/scripts/board.js": {"path":"/Users/mertz/Downloads/P2_main-Hope/scripts/board.js","statementMap":{"0":{"start":{"line":1,"column":20},"end":{"line":1,"column":73}},"1":{"start":{"line":2,"column":25},"end":{"line":2,"column":66}},"2":{"start":{"line":3,"column":23},"end":{"line":7,"column":1}},"3":{"start":{"line":9,"column":0},"end":{"line":9,"column":63}},"4":{"start":{"line":11,"column":0},"end":{"line":11,"column":60}},"5":{"start":{"line":14,"column":27},"end":{"line":14,"column":70}},"6":{"start":{"line":15,"column":19},"end":{"line":15,"column":54}},"7":{"start":{"line":16,"column":2},"end":{"line":41,"column":5}},"8":{"start":{"line":17,"column":4},"end":{"line":17,"column":27}},"9":{"start":{"line":20,"column":21},"end":{"line":20,"column":45}},"10":{"start":{"line":21,"column":4},"end":{"line":40,"column":5}},"11":{"start":{"line":22,"column":23},"end":{"line":28,"column":8}},"12":{"start":{"line":29,"column":27},"end":{"line":29,"column":48}},"13":{"start":{"line":30,"column":26},"end":{"line":30,"column":75}},"14":{"start":{"line":32,"column":6},"end":{"line":32,"column":23}},"15":{"start":{"line":34,"column":6},"end":{"line":34,"column":45}},"16":{"start":{"line":35,"column":6},"end":{"line":35,"column":71}},"17":{"start":{"line":36,"column":6},"end":{"line":36,"column":40}},"18":{"start":{"line":37,"column":6},"end":{"line":37,"column":46}},"19":{"start":{"line":39,"column":6},"end":{"line":39,"column":27}},"20":{"start":{"line":43,"column":2},"end":{"line":54,"column":5}},"21":{"start":{"line":44,"column":4},"end":{"line":44,"column":38}},"22":{"start":{"line":45,"column":4},"end":{"line":53,"column":5}},"23":{"start":{"line":46,"column":6},"end":{"line":46,"column":45}},"24":{"start":{"line":47,"column":6},"end":{"line":47,"column":71}},"25":{"start":{"line":48,"column":6},"end":{"line":48,"column":46}},"26":{"start":{"line":50,"column":6},"end":{"line":50,"column":44}},"27":{"start":{"line":51,"column":6},"end":{"line":51,"column":70}},"28":{"start":{"line":52,"column":6},"end":{"line":52,"column":46}},"29":{"start":{"line":58,"column":0},"end":{"line":66,"column":3}},"30":{"start":{"line":59,"column":21},"end":{"line":59,"column":68}},"31":{"start":{"line":60,"column":2},"end":{"line":65,"column":5}},"32":{"start":{"line":61,"column":4},"end":{"line":63,"column":7}},"33":{"start":{"line":62,"column":6},"end":{"line":62,"column":29}},"34":{"start":{"line":64,"column":4},"end":{"line":64,"column":80}},"35":{"start":{"line":64,"column":50},"end":{"line":64,"column":78}},"36":{"start":{"line":68,"column":25},"end":{"line":68,"column":30}},"37":{"start":{"line":70,"column":16},"end":{"line":70,"column":38}},"38":{"start":{"line":72,"column":2},"end":{"line":76,"column":5}},"39":{"start":{"line":73,"column":4},"end":{"line":75,"column":5}},"40":{"start":{"line":74,"column":6},"end":{"line":74,"column":45}},"41":{"start":{"line":78,"column":22},"end":{"line":78,"column":38}},"42":{"start":{"line":81,"column":2},"end":{"line":83,"column":3}},"43":{"start":{"line":82,"column":4},"end":{"line":82,"column":25}},"44":{"start":{"line":84,"column":2},"end":{"line":84,"column":28}},"45":{"start":{"line":86,"column":2},"end":{"line":91,"column":5}},"46":{"start":{"line":87,"column":4},"end":{"line":90,"column":5}},"47":{"start":{"line":88,"column":25},"end":{"line":88,"column":89}},"48":{"start":{"line":89,"column":6},"end":{"line":89,"column":43}},"49":{"start":{"line":94,"column":27},"end":{"line":94,"column":52}},"50":{"start":{"line":95,"column":2},"end":{"line":95,"column":43}},"51":{"start":{"line":96,"column":2},"end":{"line":98,"column":3}},"52":{"start":{"line":97,"column":4},"end":{"line":97,"column":49}},"53":{"start":{"line":102,"column":2},"end":{"line":108,"column":5}},"54":{"start":{"line":103,"column":4},"end":{"line":107,"column":5}},"55":{"start":{"line":104,"column":6},"end":{"line":104,"column":99}},"56":{"start":{"line":106,"column":6},"end":{"line":106,"column":85}},"57":{"start":{"line":109,"column":2},"end":{"line":109,"column":15}},"58":{"start":{"line":113,"column":26},"end":{"line":113,"column":69}},"59":{"start":{"line":114,"column":2},"end":{"line":116,"column":5}},"60":{"start":{"line":115,"column":4},"end":{"line":115,"column":18}},"61":{"start":{"line":122,"column":22},"end":{"line":122,"column":50}},"62":{"start":{"line":123,"column":19},"end":{"line":123,"column":47}},"63":{"start":{"line":125,"column":2},"end":{"line":125,"column":39}},"64":{"start":{"line":126,"column":2},"end":{"line":126,"column":42}},"65":{"start":{"line":127,"column":2},"end":{"line":127,"column":28}},"66":{"start":{"line":128,"column":2},"end":{"line":128,"column":36}},"67":{"start":{"line":130,"column":25},"end":{"line":130,"column":61}},"68":{"start":{"line":131,"column":23},"end":{"line":131,"column":60}},"69":{"start":{"line":132,"column":21},"end":{"line":132,"column":39}},"70":{"start":{"line":133,"column":2},"end":{"line":133,"column":64}},"71":{"start":{"line":135,"column":2},"end":{"line":135,"column":42}},"72":{"start":{"line":136,"column":2},"end":{"line":136,"column":40}},"73":{"start":{"line":137,"column":2},"end":{"line":137,"column":38}},"74":{"start":{"line":139,"column":2},"end":{"line":139,"column":21}},"75":{"start":{"line":143,"column":23},"end":{"line":143,"column":55}},"76":{"start":{"line":144,"column":2},"end":{"line":144,"column":37}},"77":{"start":{"line":145,"column":2},"end":{"line":145,"column":38}},"78":{"start":{"line":146,"column":2},"end":{"line":146,"column":38}},"79":{"start":{"line":147,"column":2},"end":{"line":147,"column":43}},"80":{"start":{"line":149,"column":2},"end":{"line":151,"column":5}},"81":{"start":{"line":150,"column":4},"end":{"line":150,"column":48}},"82":{"start":{"line":152,"column":2},"end":{"line":154,"column":5}},"83":{"start":{"line":153,"column":4},"end":{"line":153,"column":40}},"84":{"start":{"line":156,"column":2},"end":{"line":158,"column":5}},"85":{"start":{"line":157,"column":4},"end":{"line":157,"column":44}},"86":{"start":{"line":159,"column":2},"end":{"line":159,"column":22}},"87":{"start":{"line":162,"column":2},"end":{"line":162,"column":25}},"88":{"start":{"line":163,"column":2},"end":{"line":163,"column":26}},"89":{"start":{"line":164,"column":2},"end":{"line":164,"column":25}},"90":{"start":{"line":165,"column":19},"end":{"line":171,"column":4}},"91":{"start":{"line":172,"column":2},"end":{"line":177,"column":3}},"92":{"start":{"line":173,"column":17},"end":{"line":173,"column":38}},"93":{"start":{"line":174,"column":24},"end":{"line":174,"column":65}},"94":{"start":{"line":176,"column":4},"end":{"line":176,"column":25}},"95":{"start":{"line":181,"column":21},"end":{"line":181,"column":53}},"96":{"start":{"line":183,"column":2},"end":{"line":183,"column":33}},"97":{"start":{"line":184,"column":2},"end":{"line":184,"column":34}},"98":{"start":{"line":185,"column":2},"end":{"line":185,"column":42}},"99":{"start":{"line":186,"column":2},"end":{"line":186,"column":36}},"100":{"start":{"line":187,"column":2},"end":{"line":187,"column":20}},"101":{"start":{"line":190,"column":2},"end":{"line":209,"column":5}},"102":{"start":{"line":191,"column":19},"end":{"line":191,"column":59}},"103":{"start":{"line":192,"column":17},"end":{"line":192,"column":45}},"104":{"start":{"line":193,"column":23},"end":{"line":193,"column":62}},"105":{"start":{"line":194,"column":4},"end":{"line":194,"column":28}},"106":{"start":{"line":195,"column":4},"end":{"line":195,"column":27}},"107":{"start":{"line":196,"column":4},"end":{"line":196,"column":23}},"108":{"start":{"line":198,"column":4},"end":{"line":198,"column":40}},"109":{"start":{"line":199,"column":4},"end":{"line":199,"column":61}},"110":{"start":{"line":200,"column":4},"end":{"line":200,"column":59}},"111":{"start":{"line":201,"column":4},"end":{"line":201,"column":55}},"112":{"start":{"line":202,"column":4},"end":{"line":202,"column":57}},"113":{"start":{"line":203,"column":4},"end":{"line":203,"column":53}},"114":{"start":{"line":204,"column":4},"end":{"line":204,"column":51}},"115":{"start":{"line":206,"column":4},"end":{"line":208,"column":7}},"116":{"start":{"line":207,"column":6},"end":{"line":207,"column":36}},"117":{"start":{"line":210,"column":2},"end":{"line":212,"column":5}},"118":{"start":{"line":211,"column":4},"end":{"line":211,"column":46}},"119":{"start":{"line":213,"column":2},"end":{"line":215,"column":5}},"120":{"start":{"line":214,"column":4},"end":{"line":214,"column":38}},"121":{"start":{"line":218,"column":22},"end":{"line":218,"column":60}},"122":{"start":{"line":219,"column":2},"end":{"line":231,"column":3}},"123":{"start":{"line":220,"column":21},"end":{"line":226,"column":6}},"124":{"start":{"line":227,"column":25},"end":{"line":227,"column":46}},"125":{"start":{"line":228,"column":24},"end":{"line":228,"column":94}},"126":{"start":{"line":230,"column":4},"end":{"line":230,"column":25}},"127":{"start":{"line":235,"column":25},"end":{"line":235,"column":54}},"128":{"start":{"line":236,"column":2},"end":{"line":236,"column":44}},"129":{"start":{"line":237,"column":2},"end":{"line":237,"column":40}},"130":{"start":{"line":240,"column":2},"end":{"line":250,"column":3}},"131":{"start":{"line":241,"column":31},"end":{"line":241,"column":60}},"132":{"start":{"line":242,"column":18},"end":{"line":242,"column":49}},"133":{"start":{"line":243,"column":18},"end":{"line":243,"column":45}},"134":{"start":{"line":244,"column":4},"end":{"line":244,"column":55}},"135":{"start":{"line":245,"column":4},"end":{"line":245,"column":41}},"136":{"start":{"line":246,"column":4},"end":{"line":246,"column":55}},"137":{"start":{"line":247,"column":4},"end":{"line":247,"column":42}},"138":{"start":{"line":248,"column":4},"end":{"line":248,"column":42}},"139":{"start":{"line":249,"column":4},"end":{"line":249,"column":51}},"140":{"start":{"line":252,"column":2},"end":{"line":258,"column":5}},"141":{"start":{"line":253,"column":4},"end":{"line":257,"column":5}},"142":{"start":{"line":254,"column":6},"end":{"line":254,"column":45}},"143":{"start":{"line":256,"column":6},"end":{"line":256,"column":44}},"144":{"start":{"line":259,"column":2},"end":{"line":259,"column":24}},"145":{"start":{"line":263,"column":19},"end":{"line":288,"column":1}},"146":{"start":{"line":264,"column":2},"end":{"line":264,"column":25}},"147":{"start":{"line":265,"column":2},"end":{"line":265,"column":26}},"148":{"start":{"line":266,"column":20},"end":{"line":266,"column":55}},"149":{"start":{"line":267,"column":2},"end":{"line":287,"column":3}},"150":{"start":{"line":268,"column":4},"end":{"line":268,"column":37}},"151":{"start":{"line":269,"column":24},"end":{"line":272,"column":5}},"152":{"start":{"line":273,"column":24},"end":{"line":273,"column":72}},"153":{"start":{"line":274,"column":4},"end":{"line":286,"column":5}},"154":{"start":{"line":275,"column":23},"end":{"line":281,"column":8}},"155":{"start":{"line":282,"column":27},"end":{"line":282,"column":48}},"156":{"start":{"line":283,"column":26},"end":{"line":283,"column":96}},"157":{"start":{"line":285,"column":6},"end":{"line":285,"column":27}},"158":{"start":{"line":291,"column":2},"end":{"line":291,"column":51}},"159":{"start":{"line":292,"column":2},"end":{"line":294,"column":5}},"160":{"start":{"line":293,"column":4},"end":{"line":293,"column":47}},"161":{"start":{"line":295,"column":2},"end":{"line":297,"column":5}},"162":{"start":{"line":296,"column":4},"end":{"line":296,"column":50}},"163":{"start":{"line":301,"column":19},"end":{"line":301,"column":42}},"164":{"start":{"line":302,"column":22},"end":{"line":302,"column":48}},"165":{"start":{"line":303,"column":19},"end":{"line":303,"column":42}},"166":{"start":{"line":304,"column":19},"end":{"line":304,"column":42}},"167":{"start":{"line":305,"column":20},"end":{"line":305,"column":44}},"168":{"start":{"line":306,"column":18},"end":{"line":306,"column":40}},"169":{"start":{"line":307,"column":17},"end":{"line":307,"column":38}},"170":{"start":{"line":309,"column":15},"end":{"line":319,"column":3}},"171":{"start":{"line":320,"column":2},"end":{"line":320,"column":14}},"172":{"start":{"line":323,"column":22},"end":{"line":334,"column":3}},"173":{"start":{"line":335,"column":22},"end":{"line":335,"column":70}},"174":{"start":{"line":336,"column":2},"end":{"line":336,"column":21}},"175":{"start":{"line":338,"column":0},"end":{"line":350,"column":2}},"176":{"start":{"line":351,"column":38},"end":{"line":351,"column":35830}},"177":{"start":{"line":351,"column":42},"end":{"line":351,"column":35819}},"178":{"start":{"line":351,"column":35855},"end":{"line":351,"column":35895}},"179":{"start":{"line":351,"column":35859},"end":{"line":351,"column":35884}},"180":{"start":{"line":351,"column":35896},"end":{"line":351,"column":35904}},"181":{"start":{"line":351,"column":35929},"end":{"line":351,"column":35971}},"182":{"start":{"line":351,"column":35933},"end":{"line":351,"column":35960}},"183":{"start":{"line":351,"column":35972},"end":{"line":351,"column":35980}},"184":{"start":{"line":351,"column":35999},"end":{"line":351,"column":36036}},"185":{"start":{"line":351,"column":36003},"end":{"line":351,"column":36025}},"186":{"start":{"line":351,"column":36055},"end":{"line":351,"column":36095}},"187":{"start":{"line":351,"column":36059},"end":{"line":351,"column":36084}}},"fnMap":{"0":{"name":"handleExpand","decl":{"start":{"line":13,"column":9},"end":{"line":13,"column":21}},"loc":{"start":{"line":13,"column":24},"end":{"line":55,"column":1}},"line":13},"1":{"name":"(anonymous_1)","decl":{"start":{"line":16,"column":38},"end":{"line":16,"column":39}},"loc":{"start":{"line":16,"column":55},"end":{"line":41,"column":3}},"line":16},"2":{"name":"(anonymous_2)","decl":{"start":{"line":43,"column":45},"end":{"line":43,"column":46}},"loc":{"start":{"line":43,"column":51},"end":{"line":54,"column":3}},"line":43},"3":{"name":"(anonymous_3)","decl":{"start":{"line":58,"column":46},"end":{"line":58,"column":47}},"loc":{"start":{"line":58,"column":52},"end":{"line":66,"column":1}},"line":58},"4":{"name":"(anonymous_4)","decl":{"start":{"line":60,"column":21},"end":{"line":60,"column":22}},"loc":{"start":{"line":60,"column":36},"end":{"line":65,"column":3}},"line":60},"5":{"name":"(anonymous_5)","decl":{"start":{"line":61,"column":43},"end":{"line":61,"column":44}},"loc":{"start":{"line":61,"column":54},"end":{"line":63,"column":5}},"line":61},"6":{"name":"(anonymous_6)","decl":{"start":{"line":64,"column":39},"end":{"line":64,"column":40}},"loc":{"start":{"line":64,"column":50},"end":{"line":64,"column":78}},"line":64},"7":{"name":"handleServerSentEvent","decl":{"start":{"line":69,"column":9},"end":{"line":69,"column":30}},"loc":{"start":{"line":69,"column":38},"end":{"line":92,"column":1}},"line":69},"8":{"name":"(anonymous_8)","decl":{"start":{"line":72,"column":16},"end":{"line":72,"column":17}},"loc":{"start":{"line":72,"column":26},"end":{"line":76,"column":3}},"line":72},"9":{"name":"(anonymous_9)","decl":{"start":{"line":86,"column":22},"end":{"line":86,"column":23}},"loc":{"start":{"line":86,"column":32},"end":{"line":91,"column":3}},"line":86},"10":{"name":"handleTaskCreation","decl":{"start":{"line":93,"column":9},"end":{"line":93,"column":27}},"loc":{"start":{"line":93,"column":46},"end":{"line":99,"column":1}},"line":93},"11":{"name":"sortTasks","decl":{"start":{"line":101,"column":9},"end":{"line":101,"column":18}},"loc":{"start":{"line":101,"column":26},"end":{"line":110,"column":1}},"line":101},"12":{"name":"(anonymous_12)","decl":{"start":{"line":102,"column":13},"end":{"line":102,"column":14}},"loc":{"start":{"line":102,"column":23},"end":{"line":108,"column":3}},"line":102},"13":{"name":"handleCleanUpLists","decl":{"start":{"line":112,"column":9},"end":{"line":112,"column":27}},"loc":{"start":{"line":112,"column":30},"end":{"line":117,"column":1}},"line":112},"14":{"name":"(anonymous_14)","decl":{"start":{"line":114,"column":26},"end":{"line":114,"column":27}},"loc":{"start":{"line":114,"column":36},"end":{"line":116,"column":3}},"line":114},"15":{"name":"createTaskContainer","decl":{"start":{"line":121,"column":9},"end":{"line":121,"column":28}},"loc":{"start":{"line":121,"column":35},"end":{"line":140,"column":1}},"line":121},"16":{"name":"createDeleteButton","decl":{"start":{"line":142,"column":9},"end":{"line":142,"column":27}},"loc":{"start":{"line":142,"column":49},"end":{"line":160,"column":1}},"line":142},"17":{"name":"(anonymous_17)","decl":{"start":{"line":149,"column":46},"end":{"line":149,"column":47}},"loc":{"start":{"line":149,"column":52},"end":{"line":151,"column":3}},"line":149},"18":{"name":"(anonymous_18)","decl":{"start":{"line":152,"column":45},"end":{"line":152,"column":46}},"loc":{"start":{"line":152,"column":51},"end":{"line":154,"column":3}},"line":152},"19":{"name":"(anonymous_19)","decl":{"start":{"line":156,"column":41},"end":{"line":156,"column":42}},"loc":{"start":{"line":156,"column":52},"end":{"line":158,"column":3}},"line":156},"20":{"name":"deleteEntry","decl":{"start":{"line":161,"column":15},"end":{"line":161,"column":26}},"loc":{"start":{"line":161,"column":55},"end":{"line":178,"column":1}},"line":161},"21":{"name":"createEditButton","decl":{"start":{"line":180,"column":9},"end":{"line":180,"column":25}},"loc":{"start":{"line":180,"column":28},"end":{"line":188,"column":1}},"line":180},"22":{"name":"createEditButtonEventListeners","decl":{"start":{"line":189,"column":9},"end":{"line":189,"column":39}},"loc":{"start":{"line":189,"column":73},"end":{"line":216,"column":1}},"line":189},"23":{"name":"(anonymous_23)","decl":{"start":{"line":190,"column":39},"end":{"line":190,"column":40}},"loc":{"start":{"line":190,"column":56},"end":{"line":209,"column":3}},"line":190},"24":{"name":"(anonymous_24)","decl":{"start":{"line":206,"column":41},"end":{"line":206,"column":42}},"loc":{"start":{"line":206,"column":47},"end":{"line":208,"column":5}},"line":206},"25":{"name":"(anonymous_25)","decl":{"start":{"line":210,"column":46},"end":{"line":210,"column":47}},"loc":{"start":{"line":210,"column":52},"end":{"line":212,"column":3}},"line":210},"26":{"name":"(anonymous_26)","decl":{"start":{"line":213,"column":45},"end":{"line":213,"column":46}},"loc":{"start":{"line":213,"column":51},"end":{"line":215,"column":3}},"line":213},"27":{"name":"saveData","decl":{"start":{"line":217,"column":15},"end":{"line":217,"column":23}},"loc":{"start":{"line":217,"column":45},"end":{"line":232,"column":1}},"line":217},"28":{"name":"createDescription","decl":{"start":{"line":234,"column":9},"end":{"line":234,"column":26}},"loc":{"start":{"line":234,"column":48},"end":{"line":260,"column":1}},"line":234},"29":{"name":"(anonymous_29)","decl":{"start":{"line":252,"column":42},"end":{"line":252,"column":43}},"loc":{"start":{"line":252,"column":48},"end":{"line":258,"column":3}},"line":252},"30":{"name":"(anonymous_30)","decl":{"start":{"line":263,"column":19},"end":{"line":263,"column":20}},"loc":{"start":{"line":263,"column":47},"end":{"line":288,"column":1}},"line":263},"31":{"name":"makeTaskContainerDraggable","decl":{"start":{"line":290,"column":9},"end":{"line":290,"column":35}},"loc":{"start":{"line":290,"column":54},"end":{"line":298,"column":1}},"line":290},"32":{"name":"(anonymous_32)","decl":{"start":{"line":292,"column":49},"end":{"line":292,"column":50}},"loc":{"start":{"line":292,"column":55},"end":{"line":294,"column":3}},"line":292},"33":{"name":"(anonymous_33)","decl":{"start":{"line":295,"column":47},"end":{"line":295,"column":48}},"loc":{"start":{"line":295,"column":53},"end":{"line":297,"column":3}},"line":295},"34":{"name":"createFormData","decl":{"start":{"line":300,"column":9},"end":{"line":300,"column":23}},"loc":{"start":{"line":300,"column":34},"end":{"line":321,"column":1}},"line":300},"35":{"name":"createUpdatedData","decl":{"start":{"line":322,"column":9},"end":{"line":322,"column":26}},"loc":{"start":{"line":322,"column":48},"end":{"line":337,"column":1}},"line":322},"36":{"name":"oo_cm","decl":{"start":{"line":351,"column":30},"end":{"line":351,"column":35}},"loc":{"start":{"line":351,"column":37},"end":{"line":351,"column":35831}},"line":351},"37":{"name":"oo_oo","decl":{"start":{"line":351,"column":35841},"end":{"line":351,"column":35846}},"loc":{"start":{"line":351,"column":35854},"end":{"line":351,"column":35905}},"line":351},"38":{"name":"oo_tr","decl":{"start":{"line":351,"column":35915},"end":{"line":351,"column":35920}},"loc":{"start":{"line":351,"column":35928},"end":{"line":351,"column":35981}},"line":351},"39":{"name":"oo_ts","decl":{"start":{"line":351,"column":35991},"end":{"line":351,"column":35996}},"loc":{"start":{"line":351,"column":35998},"end":{"line":351,"column":36037}},"line":351},"40":{"name":"oo_te","decl":{"start":{"line":351,"column":36047},"end":{"line":351,"column":36052}},"loc":{"start":{"line":351,"column":36054},"end":{"line":351,"column":36096}},"line":351}},"branchMap":{"0":{"loc":{"start":{"line":45,"column":4},"end":{"line":53,"column":5}},"type":"if","locations":[{"start":{"line":45,"column":4},"end":{"line":53,"column":5}},{"start":{"line":49,"column":11},"end":{"line":53,"column":5}}],"line":45},"1":{"loc":{"start":{"line":73,"column":4},"end":{"line":75,"column":5}},"type":"if","locations":[{"start":{"line":73,"column":4},"end":{"line":75,"column":5}},{"start":{},"end":{}}],"line":73},"2":{"loc":{"start":{"line":73,"column":8},"end":{"line":73,"column":89}},"type":"binary-expr","locations":[{"start":{"line":73,"column":8},"end":{"line":73,"column":48}},{"start":{"line":73,"column":52},"end":{"line":73,"column":89}}],"line":73},"3":{"loc":{"start":{"line":81,"column":2},"end":{"line":83,"column":3}},"type":"if","locations":[{"start":{"line":81,"column":2},"end":{"line":83,"column":3}},{"start":{},"end":{}}],"line":81},"4":{"loc":{"start":{"line":87,"column":4},"end":{"line":90,"column":5}},"type":"if","locations":[{"start":{"line":87,"column":4},"end":{"line":90,"column":5}},{"start":{},"end":{}}],"line":87},"5":{"loc":{"start":{"line":96,"column":2},"end":{"line":98,"column":3}},"type":"if","locations":[{"start":{"line":96,"column":2},"end":{"line":98,"column":3}},{"start":{},"end":{}}],"line":96},"6":{"loc":{"start":{"line":103,"column":4},"end":{"line":107,"column":5}},"type":"if","locations":[{"start":{"line":103,"column":4},"end":{"line":107,"column":5}},{"start":{"line":105,"column":11},"end":{"line":107,"column":5}}],"line":103},"7":{"loc":{"start":{"line":253,"column":4},"end":{"line":257,"column":5}},"type":"if","locations":[{"start":{"line":253,"column":4},"end":{"line":257,"column":5}},{"start":{"line":255,"column":11},"end":{"line":257,"column":5}}],"line":253},"8":{"loc":{"start":{"line":267,"column":2},"end":{"line":287,"column":3}},"type":"if","locations":[{"start":{"line":267,"column":2},"end":{"line":287,"column":3}},{"start":{},"end":{}}],"line":267},"9":{"loc":{"start":{"line":267,"column":6},"end":{"line":267,"column":72}},"type":"binary-expr","locations":[{"start":{"line":267,"column":6},"end":{"line":267,"column":32}},{"start":{"line":267,"column":36},"end":{"line":267,"column":72}}],"line":267},"10":{"loc":{"start":{"line":351,"column":49},"end":{"line":351,"column":35818}},"type":"binary-expr","locations":[{"start":{"line":351,"column":49},"end":{"line":351,"column":86}},{"start":{"line":351,"column":90},"end":{"line":351,"column":35818}}],"line":351}},"s":{"0":2,"1":2,"2":2,"3":2,"4":2,"5":0,"6":0,"7":0,"8":0,"9":0,"10":0,"11":0,"12":0,"13":0,"14":0,"15":0,"16":0,"17":0,"18":0,"19":0,"20":0,"21":0,"22":0,"23":0,"24":0,"25":0,"26":0,"27":0,"28":0,"29":2,"30":0,"31":0,"32":0,"33":0,"34":0,"35":0,"36":2,"37":0,"38":0,"39":0,"40":0,"41":0,"42":0,"43":0,"44":0,"45":0,"46":0,"47":0,"48":0,"49":2,"50":2,"51":2,"52":1,"53":1,"54":4,"55":0,"56":4,"57":1,"58":1,"59":1,"60":2,"61":3,"62":3,"63":3,"64":3,"65":3,"66":3,"67":3,"68":3,"69":3,"70":3,"71":3,"72":3,"73":3,"74":3,"75":7,"76":7,"77":7,"78":7,"79":7,"80":7,"81":1,"82":7,"83":1,"84":7,"85":1,"86":7,"87":1,"88":1,"89":1,"90":1,"91":1,"92":1,"93":1,"94":0,"95":4,"96":4,"97":4,"98":4,"99":4,"100":4,"101":3,"102":0,"103":0,"104":0,"105":0,"106":0,"107":0,"108":0,"109":0,"110":0,"111":0,"112":0,"113":0,"114":0,"115":0,"116":0,"117":3,"118":0,"119":3,"120":0,"121":0,"122":0,"123":0,"124":0,"125":0,"126":0,"127":4,"128":4,"129":4,"130":4,"131":8,"132":8,"133":8,"134":8,"135":8,"136":8,"137":8,"138":8,"139":8,"140":4,"141":0,"142":0,"143":0,"144":4,"145":2,"146":1,"147":1,"148":1,"149":1,"150":1,"151":1,"152":1,"153":1,"154":1,"155":1,"156":1,"157":0,"158":2,"159":2,"160":1,"161":2,"162":1,"163":1,"164":1,"165":1,"166":1,"167":1,"168":1,"169":1,"170":1,"171":1,"172":1,"173":1,"174":1,"175":2,"176":4,"177":4,"178":4,"179":4,"180":4,"181":0,"182":0,"183":0,"184":0,"185":0,"186":0,"187":0},"f":{"0":0,"1":0,"2":0,"3":0,"4":0,"5":0,"6":0,"7":0,"8":0,"9":0,"10":2,"11":1,"12":4,"13":1,"14":2,"15":3,"16":7,"17":1,"18":1,"19":1,"20":1,"21":4,"22":3,"23":0,"24":0,"25":0,"26":0,"27":0,"28":4,"29":0,"30":1,"31":2,"32":1,"33":1,"34":1,"35":1,"36":4,"37":4,"38":0,"39":0,"40":0},"b":{"0":[0,0],"1":[0,0],"2":[0,0],"3":[0,0],"4":[0,0],"5":[1,1],"6":[0,4],"7":[0,0],"8":[1,0],"9":[1,1],"10":[4,1]},"_coverageSchema":"1a1c01bbd47fc00a2c39e90264f33305004495a9","hash":"d29eca1be3cb5f53483166e0af8bebf1d841ed4e"}
,"/Users/mertz/Downloads/P2_main-Hope/scripts/gantt.js": {"path":"/Users/mertz/Downloads/P2_main-Hope/scripts/gantt.js","statementMap":{"0":{"start":{"line":2,"column":15},"end":{"line":2,"column":68}},"1":{"start":{"line":4,"column":18},"end":{"line":4,"column":54}},"2":{"start":{"line":5,"column":18},"end":{"line":5,"column":54}},"3":{"start":{"line":6,"column":25},"end":{"line":6,"column":35}},"4":{"start":{"line":7,"column":21},"end":{"line":7,"column":76}},"5":{"start":{"line":8,"column":21},"end":{"line":8,"column":72}},"6":{"start":{"line":10,"column":18},"end":{"line":10,"column":22}},"7":{"start":{"line":13,"column":21},"end":{"line":18,"column":1}},"8":{"start":{"line":20,"column":18},"end":{"line":25,"column":1}},"9":{"start":{"line":26,"column":21},"end":{"line":31,"column":1}},"10":{"start":{"line":33,"column":0},"end":{"line":40,"column":3}},"11":{"start":{"line":34,"column":2},"end":{"line":39,"column":5}},"12":{"start":{"line":35,"column":18},"end":{"line":35,"column":43}},"13":{"start":{"line":36,"column":19},"end":{"line":36,"column":103}},"14":{"start":{"line":37,"column":19},"end":{"line":37,"column":103}},"15":{"start":{"line":38,"column":4},"end":{"line":38,"column":43}},"16":{"start":{"line":42,"column":0},"end":{"line":49,"column":3}},"17":{"start":{"line":43,"column":2},"end":{"line":48,"column":5}},"18":{"start":{"line":44,"column":18},"end":{"line":44,"column":43}},"19":{"start":{"line":45,"column":19},"end":{"line":45,"column":103}},"20":{"start":{"line":46,"column":19},"end":{"line":46,"column":103}},"21":{"start":{"line":47,"column":4},"end":{"line":47,"column":43}},"22":{"start":{"line":52,"column":2},"end":{"line":52,"column":55}},"23":{"start":{"line":53,"column":2},"end":{"line":53,"column":55}},"24":{"start":{"line":54,"column":2},"end":{"line":54,"column":17}},"25":{"start":{"line":57,"column":0},"end":{"line":63,"column":3}},"26":{"start":{"line":58,"column":15},"end":{"line":58,"column":43}},"27":{"start":{"line":59,"column":2},"end":{"line":59,"column":28}},"28":{"start":{"line":60,"column":59},"end":{"line":60,"column":86}},"29":{"start":{"line":62,"column":2},"end":{"line":62,"column":60}},"30":{"start":{"line":66,"column":2},"end":{"line":77,"column":5}},"31":{"start":{"line":68,"column":6},"end":{"line":68,"column":101}},"32":{"start":{"line":69,"column":4},"end":{"line":76,"column":5}},"33":{"start":{"line":70,"column":6},"end":{"line":70,"column":27}},"34":{"start":{"line":73,"column":22},"end":{"line":73,"column":59}},"35":{"start":{"line":74,"column":22},"end":{"line":74,"column":59}},"36":{"start":{"line":75,"column":6},"end":{"line":75,"column":31}},"37":{"start":{"line":78,"column":2},"end":{"line":78,"column":14}},"38":{"start":{"line":82,"column":24},"end":{"line":82,"column":26}},"39":{"start":{"line":83,"column":27},"end":{"line":83,"column":29}},"40":{"start":{"line":84,"column":2},"end":{"line":84,"column":19}},"41":{"start":{"line":86,"column":2},"end":{"line":106,"column":5}},"42":{"start":{"line":87,"column":4},"end":{"line":105,"column":5}},"43":{"start":{"line":92,"column":6},"end":{"line":94,"column":7}},"44":{"start":{"line":93,"column":8},"end":{"line":93,"column":47}},"45":{"start":{"line":95,"column":21},"end":{"line":101,"column":7}},"46":{"start":{"line":102,"column":6},"end":{"line":102,"column":64}},"47":{"start":{"line":103,"column":6},"end":{"line":103,"column":70}},"48":{"start":{"line":104,"column":6},"end":{"line":104,"column":33}},"49":{"start":{"line":107,"column":2},"end":{"line":111,"column":5}},"50":{"start":{"line":115,"column":16},"end":{"line":115,"column":41}},"51":{"start":{"line":116,"column":22},"end":{"line":116,"column":103}},"52":{"start":{"line":118,"column":2},"end":{"line":118,"column":53}},"53":{"start":{"line":119,"column":2},"end":{"line":119,"column":53}},"54":{"start":{"line":120,"column":2},"end":{"line":120,"column":44}},"55":{"start":{"line":121,"column":2},"end":{"line":121,"column":57}},"56":{"start":{"line":122,"column":2},"end":{"line":122,"column":56}},"57":{"start":{"line":123,"column":2},"end":{"line":123,"column":16}},"58":{"start":{"line":124,"column":2},"end":{"line":124,"column":17}},"59":{"start":{"line":127,"column":0},"end":{"line":204,"column":3}},"60":{"start":{"line":128,"column":15},"end":{"line":139,"column":3}},"61":{"start":{"line":142,"column":17},"end":{"line":201,"column":3}},"62":{"start":{"line":189,"column":14},"end":{"line":189,"column":86}},"63":{"start":{"line":203,"column":18},"end":{"line":203,"column":71}},"64":{"start":{"line":207,"column":18},"end":{"line":231,"column":1}},"65":{"start":{"line":215,"column":8},"end":{"line":215,"column":13}},"66":{"start":{"line":216,"column":4},"end":{"line":216,"column":55}},"67":{"start":{"line":217,"column":4},"end":{"line":217,"column":55}},"68":{"start":{"line":218,"column":4},"end":{"line":218,"column":79}},"69":{"start":{"line":218,"column":68},"end":{"line":218,"column":79}},"70":{"start":{"line":220,"column":4},"end":{"line":220,"column":20}},"71":{"start":{"line":221,"column":4},"end":{"line":221,"column":22}},"72":{"start":{"line":222,"column":4},"end":{"line":222,"column":46}},"73":{"start":{"line":224,"column":4},"end":{"line":224,"column":28}},"74":{"start":{"line":227,"column":4},"end":{"line":227,"column":52}},"75":{"start":{"line":228,"column":4},"end":{"line":228,"column":55}},"76":{"start":{"line":229,"column":4},"end":{"line":229,"column":17}},"77":{"start":{"line":233,"column":21},"end":{"line":251,"column":1}},"78":{"start":{"line":241,"column":8},"end":{"line":241,"column":13}},"79":{"start":{"line":242,"column":4},"end":{"line":242,"column":15}},"80":{"start":{"line":243,"column":4},"end":{"line":243,"column":40}},"81":{"start":{"line":244,"column":4},"end":{"line":244,"column":28}},"82":{"start":{"line":245,"column":4},"end":{"line":245,"column":32}},"83":{"start":{"line":246,"column":4},"end":{"line":248,"column":7}},"84":{"start":{"line":247,"column":6},"end":{"line":247,"column":76}},"85":{"start":{"line":249,"column":4},"end":{"line":249,"column":18}},"86":{"start":{"line":252,"column":0},"end":{"line":257,"column":2}},"87":{"start":{"line":258,"column":38},"end":{"line":258,"column":35830}},"88":{"start":{"line":258,"column":42},"end":{"line":258,"column":35819}},"89":{"start":{"line":258,"column":35855},"end":{"line":258,"column":35895}},"90":{"start":{"line":258,"column":35859},"end":{"line":258,"column":35884}},"91":{"start":{"line":258,"column":35896},"end":{"line":258,"column":35904}},"92":{"start":{"line":258,"column":35929},"end":{"line":258,"column":35971}},"93":{"start":{"line":258,"column":35933},"end":{"line":258,"column":35960}},"94":{"start":{"line":258,"column":35972},"end":{"line":258,"column":35980}},"95":{"start":{"line":258,"column":35999},"end":{"line":258,"column":36036}},"96":{"start":{"line":258,"column":36003},"end":{"line":258,"column":36025}},"97":{"start":{"line":258,"column":36055},"end":{"line":258,"column":36095}},"98":{"start":{"line":258,"column":36059},"end":{"line":258,"column":36084}}},"fnMap":{"0":{"name":"(anonymous_0)","decl":{"start":{"line":33,"column":46},"end":{"line":33,"column":47}},"loc":{"start":{"line":33,"column":58},"end":{"line":40,"column":1}},"line":33},"1":{"name":"(anonymous_1)","decl":{"start":{"line":34,"column":38},"end":{"line":34,"column":39}},"loc":{"start":{"line":34,"column":44},"end":{"line":39,"column":3}},"line":34},"2":{"name":"(anonymous_2)","decl":{"start":{"line":42,"column":46},"end":{"line":42,"column":47}},"loc":{"start":{"line":42,"column":58},"end":{"line":49,"column":1}},"line":42},"3":{"name":"(anonymous_3)","decl":{"start":{"line":43,"column":38},"end":{"line":43,"column":39}},"loc":{"start":{"line":43,"column":44},"end":{"line":48,"column":3}},"line":43},"4":{"name":"updateTimeChart","decl":{"start":{"line":51,"column":9},"end":{"line":51,"column":24}},"loc":{"start":{"line":51,"column":48},"end":{"line":55,"column":1}},"line":51},"5":{"name":"(anonymous_5)","decl":{"start":{"line":57,"column":35},"end":{"line":57,"column":36}},"loc":{"start":{"line":57,"column":58},"end":{"line":63,"column":1}},"line":57},"6":{"name":"sortData","decl":{"start":{"line":65,"column":9},"end":{"line":65,"column":17}},"loc":{"start":{"line":65,"column":24},"end":{"line":79,"column":1}},"line":65},"7":{"name":"(anonymous_7)","decl":{"start":{"line":66,"column":12},"end":{"line":66,"column":13}},"loc":{"start":{"line":66,"column":22},"end":{"line":77,"column":3}},"line":66},"8":{"name":"makeTasksFromData","decl":{"start":{"line":81,"column":9},"end":{"line":81,"column":26}},"loc":{"start":{"line":81,"column":37},"end":{"line":112,"column":1}},"line":81},"9":{"name":"(anonymous_9)","decl":{"start":{"line":86,"column":19},"end":{"line":86,"column":20}},"loc":{"start":{"line":86,"column":29},"end":{"line":106,"column":3}},"line":86},"10":{"name":"updateChart","decl":{"start":{"line":114,"column":9},"end":{"line":114,"column":20}},"loc":{"start":{"line":114,"column":67},"end":{"line":125,"column":1}},"line":114},"11":{"name":"(anonymous_11)","decl":{"start":{"line":127,"column":46},"end":{"line":127,"column":47}},"loc":{"start":{"line":127,"column":58},"end":{"line":204,"column":1}},"line":127},"12":{"name":"(anonymous_12)","decl":{"start":{"line":188,"column":19},"end":{"line":188,"column":20}},"loc":{"start":{"line":188,"column":42},"end":{"line":190,"column":13}},"line":188},"13":{"name":"(anonymous_13)","decl":{"start":{"line":210,"column":2},"end":{"line":210,"column":3}},"loc":{"start":{"line":210,"column":27},"end":{"line":230,"column":3}},"line":210},"14":{"name":"(anonymous_14)","decl":{"start":{"line":235,"column":2},"end":{"line":235,"column":3}},"loc":{"start":{"line":235,"column":27},"end":{"line":250,"column":3}},"line":235},"15":{"name":"(anonymous_15)","decl":{"start":{"line":246,"column":34},"end":{"line":246,"column":35}},"loc":{"start":{"line":246,"column":56},"end":{"line":248,"column":5}},"line":246},"16":{"name":"oo_cm","decl":{"start":{"line":258,"column":30},"end":{"line":258,"column":35}},"loc":{"start":{"line":258,"column":37},"end":{"line":258,"column":35831}},"line":258},"17":{"name":"oo_oo","decl":{"start":{"line":258,"column":35841},"end":{"line":258,"column":35846}},"loc":{"start":{"line":258,"column":35854},"end":{"line":258,"column":35905}},"line":258},"18":{"name":"oo_tr","decl":{"start":{"line":258,"column":35915},"end":{"line":258,"column":35920}},"loc":{"start":{"line":258,"column":35928},"end":{"line":258,"column":35981}},"line":258},"19":{"name":"oo_ts","decl":{"start":{"line":258,"column":35991},"end":{"line":258,"column":35996}},"loc":{"start":{"line":258,"column":35998},"end":{"line":258,"column":36037}},"line":258},"20":{"name":"oo_te","decl":{"start":{"line":258,"column":36047},"end":{"line":258,"column":36052}},"loc":{"start":{"line":258,"column":36054},"end":{"line":258,"column":36096}},"line":258}},"branchMap":{"0":{"loc":{"start":{"line":69,"column":4},"end":{"line":76,"column":5}},"type":"if","locations":[{"start":{"line":69,"column":4},"end":{"line":76,"column":5}},{"start":{"line":71,"column":11},"end":{"line":76,"column":5}}],"line":69},"1":{"loc":{"start":{"line":87,"column":4},"end":{"line":105,"column":5}},"type":"if","locations":[{"start":{"line":87,"column":4},"end":{"line":105,"column":5}},{"start":{},"end":{}}],"line":87},"2":{"loc":{"start":{"line":88,"column":6},"end":{"line":90,"column":50}},"type":"binary-expr","locations":[{"start":{"line":88,"column":6},"end":{"line":88,"column":42}},{"start":{"line":89,"column":6},"end":{"line":89,"column":38}},{"start":{"line":90,"column":6},"end":{"line":90,"column":50}}],"line":88},"3":{"loc":{"start":{"line":92,"column":6},"end":{"line":94,"column":7}},"type":"if","locations":[{"start":{"line":92,"column":6},"end":{"line":94,"column":7}},{"start":{},"end":{}}],"line":92},"4":{"loc":{"start":{"line":92,"column":10},"end":{"line":92,"column":103}},"type":"binary-expr","locations":[{"start":{"line":92,"column":10},"end":{"line":92,"column":49}},{"start":{"line":92,"column":53},"end":{"line":92,"column":103}}],"line":92},"5":{"loc":{"start":{"line":218,"column":4},"end":{"line":218,"column":79}},"type":"if","locations":[{"start":{"line":218,"column":4},"end":{"line":218,"column":79}},{"start":{},"end":{}}],"line":218},"6":{"loc":{"start":{"line":218,"column":8},"end":{"line":218,"column":66}},"type":"binary-expr","locations":[{"start":{"line":218,"column":8},"end":{"line":218,"column":35}},{"start":{"line":218,"column":39},"end":{"line":218,"column":66}}],"line":218},"7":{"loc":{"start":{"line":258,"column":49},"end":{"line":258,"column":35818}},"type":"binary-expr","locations":[{"start":{"line":258,"column":49},"end":{"line":258,"column":86}},{"start":{"line":258,"column":90},"end":{"line":258,"column":35818}}],"line":258}},"s":{"0":3,"1":3,"2":3,"3":3,"4":3,"5":3,"6":3,"7":3,"8":3,"9":3,"10":3,"11":0,"12":0,"13":0,"14":0,"15":0,"16":3,"17":0,"18":0,"19":0,"20":0,"21":0,"22":1,"23":1,"24":1,"25":3,"26":0,"27":0,"28":0,"29":0,"30":1,"31":6,"32":6,"33":5,"34":1,"35":1,"36":1,"37":1,"38":1,"39":1,"40":1,"41":1,"42":2,"43":2,"44":2,"45":2,"46":2,"47":2,"48":2,"49":1,"50":1,"51":1,"52":1,"53":1,"54":1,"55":1,"56":1,"57":1,"58":1,"59":3,"60":0,"61":0,"62":0,"63":0,"64":3,"65":0,"66":0,"67":0,"68":0,"69":0,"70":0,"71":0,"72":0,"73":0,"74":0,"75":0,"76":0,"77":3,"78":0,"79":0,"80":0,"81":0,"82":0,"83":0,"84":0,"85":0,"86":3,"87":1,"88":1,"89":1,"90":1,"91":1,"92":0,"93":0,"94":0,"95":0,"96":0,"97":0,"98":0},"f":{"0":0,"1":0,"2":0,"3":0,"4":1,"5":0,"6":1,"7":6,"8":1,"9":2,"10":1,"11":0,"12":0,"13":0,"14":0,"15":0,"16":1,"17":1,"18":0,"19":0,"20":0},"b":{"0":[5,1],"1":[2,0],"2":[2,2,2],"3":[2,0],"4":[2,2],"5":[0,0],"6":[0,0],"7":[1,0]},"_coverageSchema":"1a1c01bbd47fc00a2c39e90264f33305004495a9","hash":"88d306c18cffdf4913d01b697ba24dba7ff32165"}
,"/Users/mertz/Downloads/P2_main-Hope/scripts/logbook.js": {"path":"/Users/mertz/Downloads/P2_main-Hope/scripts/logbook.js","statementMap":{"0":{"start":{"line":1,"column":22},"end":{"line":1,"column":77}},"1":{"start":{"line":3,"column":22},"end":{"line":3,"column":62}},"2":{"start":{"line":4,"column":23},"end":{"line":4,"column":61}},"3":{"start":{"line":5,"column":24},"end":{"line":5,"column":67}},"4":{"start":{"line":6,"column":27},"end":{"line":6,"column":92}},"5":{"start":{"line":7,"column":35},"end":{"line":7,"column":100}},"6":{"start":{"line":8,"column":32},"end":{"line":8,"column":78}},"7":{"start":{"line":9,"column":30},"end":{"line":9,"column":60}},"8":{"start":{"line":11,"column":0},"end":{"line":26,"column":3}},"9":{"start":{"line":12,"column":19},"end":{"line":12,"column":41}},"10":{"start":{"line":13,"column":22},"end":{"line":13,"column":67}},"11":{"start":{"line":14,"column":2},"end":{"line":19,"column":5}},"12":{"start":{"line":15,"column":26},"end":{"line":15,"column":81}},"13":{"start":{"line":16,"column":4},"end":{"line":18,"column":5}},"14":{"start":{"line":17,"column":6},"end":{"line":17,"column":27}},"15":{"start":{"line":20,"column":2},"end":{"line":22,"column":3}},"16":{"start":{"line":21,"column":4},"end":{"line":21,"column":58}},"17":{"start":{"line":23,"column":2},"end":{"line":25,"column":5}},"18":{"start":{"line":24,"column":4},"end":{"line":24,"column":34}},"19":{"start":{"line":28,"column":0},"end":{"line":40,"column":3}},"20":{"start":{"line":29,"column":2},"end":{"line":39,"column":3}},"21":{"start":{"line":30,"column":4},"end":{"line":36,"column":7}},"22":{"start":{"line":38,"column":4},"end":{"line":38,"column":25}},"23":{"start":{"line":42,"column":0},"end":{"line":53,"column":3}},"24":{"start":{"line":43,"column":2},"end":{"line":43,"column":25}},"25":{"start":{"line":45,"column":23},"end":{"line":48,"column":3}},"26":{"start":{"line":49,"column":24},"end":{"line":49,"column":64}},"27":{"start":{"line":50,"column":27},"end":{"line":50,"column":85}},"28":{"start":{"line":51,"column":2},"end":{"line":51,"column":61}},"29":{"start":{"line":52,"column":2},"end":{"line":52,"column":24}},"30":{"start":{"line":56,"column":14},"end":{"line":56,"column":43}},"31":{"start":{"line":57,"column":2},"end":{"line":57,"column":26}},"32":{"start":{"line":59,"column":20},"end":{"line":59,"column":49}},"33":{"start":{"line":60,"column":19},"end":{"line":60,"column":35}},"34":{"start":{"line":61,"column":17},"end":{"line":61,"column":41}},"35":{"start":{"line":62,"column":20},"end":{"line":62,"column":50}},"36":{"start":{"line":63,"column":20},"end":{"line":63,"column":43}},"37":{"start":{"line":65,"column":2},"end":{"line":65,"column":41}},"38":{"start":{"line":66,"column":2},"end":{"line":66,"column":23}},"39":{"start":{"line":67,"column":2},"end":{"line":67,"column":26}},"40":{"start":{"line":69,"column":2},"end":{"line":69,"column":34}},"41":{"start":{"line":70,"column":2},"end":{"line":70,"column":32}},"42":{"start":{"line":71,"column":2},"end":{"line":71,"column":35}},"43":{"start":{"line":72,"column":2},"end":{"line":72,"column":29}},"44":{"start":{"line":73,"column":2},"end":{"line":73,"column":29}},"45":{"start":{"line":75,"column":2},"end":{"line":75,"column":46}},"46":{"start":{"line":76,"column":2},"end":{"line":76,"column":38}},"47":{"start":{"line":77,"column":2},"end":{"line":77,"column":44}},"48":{"start":{"line":79,"column":2},"end":{"line":79,"column":13}},"49":{"start":{"line":83,"column":19},"end":{"line":83,"column":50}},"50":{"start":{"line":84,"column":2},"end":{"line":84,"column":29}},"51":{"start":{"line":85,"column":2},"end":{"line":85,"column":18}},"52":{"start":{"line":89,"column":17},"end":{"line":89,"column":45}},"53":{"start":{"line":90,"column":2},"end":{"line":90,"column":28}},"54":{"start":{"line":91,"column":2},"end":{"line":91,"column":16}},"55":{"start":{"line":95,"column":20},"end":{"line":95,"column":47}},"56":{"start":{"line":96,"column":2},"end":{"line":96,"column":31}},"57":{"start":{"line":97,"column":2},"end":{"line":97,"column":19}},"58":{"start":{"line":101,"column":20},"end":{"line":101,"column":51}},"59":{"start":{"line":102,"column":2},"end":{"line":102,"column":29}},"60":{"start":{"line":103,"column":2},"end":{"line":103,"column":28}},"61":{"start":{"line":104,"column":2},"end":{"line":107,"column":5}},"62":{"start":{"line":105,"column":4},"end":{"line":105,"column":23}},"63":{"start":{"line":106,"column":4},"end":{"line":106,"column":26}},"64":{"start":{"line":108,"column":2},"end":{"line":108,"column":19}},"65":{"start":{"line":113,"column":2},"end":{"line":116,"column":5}},"66":{"start":{"line":114,"column":4},"end":{"line":114,"column":28}},"67":{"start":{"line":115,"column":4},"end":{"line":115,"column":55}},"68":{"start":{"line":119,"column":2},"end":{"line":128,"column":5}},"69":{"start":{"line":120,"column":4},"end":{"line":120,"column":27}},"70":{"start":{"line":121,"column":18},"end":{"line":121,"column":30}},"71":{"start":{"line":122,"column":24},"end":{"line":122,"column":66}},"72":{"start":{"line":123,"column":4},"end":{"line":123,"column":42}},"73":{"start":{"line":124,"column":4},"end":{"line":124,"column":40}},"74":{"start":{"line":125,"column":4},"end":{"line":125,"column":43}},"75":{"start":{"line":126,"column":4},"end":{"line":126,"column":23}},"76":{"start":{"line":127,"column":4},"end":{"line":127,"column":26}},"77":{"start":{"line":132,"column":2},"end":{"line":134,"column":5}},"78":{"start":{"line":133,"column":4},"end":{"line":133,"column":28}},"79":{"start":{"line":138,"column":19},"end":{"line":138,"column":53}},"80":{"start":{"line":139,"column":2},"end":{"line":139,"column":39}},"81":{"start":{"line":140,"column":2},"end":{"line":140,"column":32}},"82":{"start":{"line":142,"column":2},"end":{"line":147,"column":5}},"83":{"start":{"line":143,"column":4},"end":{"line":146,"column":5}},"84":{"start":{"line":144,"column":6},"end":{"line":144,"column":43}},"85":{"start":{"line":145,"column":6},"end":{"line":145,"column":36}},"86":{"start":{"line":148,"column":2},"end":{"line":151,"column":5}},"87":{"start":{"line":149,"column":4},"end":{"line":149,"column":41}},"88":{"start":{"line":150,"column":4},"end":{"line":150,"column":34}},"89":{"start":{"line":155,"column":32},"end":{"line":155,"column":61}},"90":{"start":{"line":156,"column":27},"end":{"line":156,"column":54}},"91":{"start":{"line":158,"column":2},"end":{"line":158,"column":46}},"92":{"start":{"line":159,"column":2},"end":{"line":159,"column":65}},"93":{"start":{"line":161,"column":2},"end":{"line":161,"column":54}},"94":{"start":{"line":162,"column":2},"end":{"line":162,"column":51}},"95":{"start":{"line":163,"column":2},"end":{"line":163,"column":51}},"96":{"start":{"line":165,"column":2},"end":{"line":165,"column":52}},"97":{"start":{"line":169,"column":32},"end":{"line":169,"column":63}},"98":{"start":{"line":170,"column":2},"end":{"line":170,"column":40}},"99":{"start":{"line":171,"column":2},"end":{"line":171,"column":41}},"100":{"start":{"line":172,"column":2},"end":{"line":189,"column":5}},"101":{"start":{"line":173,"column":4},"end":{"line":173,"column":27}},"102":{"start":{"line":174,"column":4},"end":{"line":174,"column":28}},"103":{"start":{"line":175,"column":21},"end":{"line":181,"column":6}},"104":{"start":{"line":182,"column":4},"end":{"line":188,"column":5}},"105":{"start":{"line":183,"column":19},"end":{"line":183,"column":40}},"106":{"start":{"line":184,"column":26},"end":{"line":184,"column":67}},"107":{"start":{"line":185,"column":6},"end":{"line":185,"column":37}},"108":{"start":{"line":187,"column":6},"end":{"line":187,"column":27}},"109":{"start":{"line":190,"column":2},"end":{"line":190,"column":59}},"110":{"start":{"line":193,"column":27},"end":{"line":193,"column":29}},"111":{"start":{"line":194,"column":25},"end":{"line":194,"column":27}},"112":{"start":{"line":195,"column":28},"end":{"line":195,"column":30}},"113":{"start":{"line":198,"column":2},"end":{"line":222,"column":5}},"114":{"start":{"line":199,"column":4},"end":{"line":199,"column":27}},"115":{"start":{"line":200,"column":22},"end":{"line":200,"column":46}},"116":{"start":{"line":201,"column":21},"end":{"line":206,"column":6}},"117":{"start":{"line":207,"column":4},"end":{"line":221,"column":5}},"118":{"start":{"line":208,"column":19},"end":{"line":208,"column":40}},"119":{"start":{"line":210,"column":6},"end":{"line":210,"column":29}},"120":{"start":{"line":211,"column":6},"end":{"line":211,"column":66}},"121":{"start":{"line":213,"column":6},"end":{"line":213,"column":45}},"122":{"start":{"line":214,"column":6},"end":{"line":214,"column":39}},"123":{"start":{"line":215,"column":6},"end":{"line":218,"column":9}},"124":{"start":{"line":216,"column":8},"end":{"line":216,"column":49}},"125":{"start":{"line":217,"column":8},"end":{"line":217,"column":39}},"126":{"start":{"line":220,"column":6},"end":{"line":220,"column":27}},"127":{"start":{"line":225,"column":2},"end":{"line":225,"column":26}},"128":{"start":{"line":226,"column":2},"end":{"line":226,"column":29}},"129":{"start":{"line":227,"column":2},"end":{"line":227,"column":28}},"130":{"start":{"line":229,"column":2},"end":{"line":235,"column":3}},"131":{"start":{"line":230,"column":4},"end":{"line":234,"column":7}},"132":{"start":{"line":231,"column":6},"end":{"line":231,"column":62}},"133":{"start":{"line":232,"column":6},"end":{"line":232,"column":58}},"134":{"start":{"line":233,"column":6},"end":{"line":233,"column":64}},"135":{"start":{"line":238,"column":20},"end":{"line":238,"column":67}},"136":{"start":{"line":239,"column":2},"end":{"line":241,"column":5}},"137":{"start":{"line":240,"column":4},"end":{"line":240,"column":19}},"138":{"start":{"line":244,"column":2},"end":{"line":247,"column":3}},"139":{"start":{"line":245,"column":4},"end":{"line":245,"column":47}},"140":{"start":{"line":246,"column":4},"end":{"line":246,"column":22}},"141":{"start":{"line":249,"column":18},"end":{"line":249,"column":47}},"142":{"start":{"line":250,"column":26},"end":{"line":250,"column":54}},"143":{"start":{"line":252,"column":2},"end":{"line":252,"column":34}},"144":{"start":{"line":253,"column":2},"end":{"line":253,"column":22}},"145":{"start":{"line":254,"column":2},"end":{"line":254,"column":50}},"146":{"start":{"line":256,"column":2},"end":{"line":256,"column":39}},"147":{"start":{"line":258,"column":2},"end":{"line":288,"column":3}},"148":{"start":{"line":259,"column":4},"end":{"line":287,"column":7}},"149":{"start":{"line":260,"column":31},"end":{"line":260,"column":60}},"150":{"start":{"line":261,"column":34},"end":{"line":261,"column":63}},"151":{"start":{"line":262,"column":27},"end":{"line":262,"column":58}},"152":{"start":{"line":263,"column":25},"end":{"line":263,"column":53}},"153":{"start":{"line":264,"column":28},"end":{"line":264,"column":59}},"154":{"start":{"line":265,"column":28},"end":{"line":265,"column":55}},"155":{"start":{"line":267,"column":6},"end":{"line":267,"column":43}},"156":{"start":{"line":268,"column":6},"end":{"line":268,"column":34}},"157":{"start":{"line":269,"column":6},"end":{"line":269,"column":36}},"158":{"start":{"line":270,"column":6},"end":{"line":270,"column":37}},"159":{"start":{"line":271,"column":6},"end":{"line":271,"column":37}},"160":{"start":{"line":273,"column":6},"end":{"line":273,"column":62}},"161":{"start":{"line":274,"column":6},"end":{"line":274,"column":62}},"162":{"start":{"line":276,"column":6},"end":{"line":278,"column":7}},"163":{"start":{"line":277,"column":8},"end":{"line":277,"column":36}},"164":{"start":{"line":279,"column":6},"end":{"line":279,"column":59}},"165":{"start":{"line":281,"column":6},"end":{"line":281,"column":52}},"166":{"start":{"line":282,"column":6},"end":{"line":282,"column":50}},"167":{"start":{"line":283,"column":6},"end":{"line":283,"column":53}},"168":{"start":{"line":284,"column":6},"end":{"line":284,"column":56}},"169":{"start":{"line":285,"column":6},"end":{"line":285,"column":50}},"170":{"start":{"line":286,"column":6},"end":{"line":286,"column":44}},"171":{"start":{"line":289,"column":2},"end":{"line":289,"column":62}},"172":{"start":{"line":290,"column":2},"end":{"line":290,"column":50}},"173":{"start":{"line":294,"column":2},"end":{"line":294,"column":54}},"174":{"start":{"line":296,"column":2},"end":{"line":313,"column":5}},"175":{"start":{"line":297,"column":28},"end":{"line":297,"column":62}},"176":{"start":{"line":298,"column":4},"end":{"line":298,"column":51}},"177":{"start":{"line":299,"column":4},"end":{"line":299,"column":44}},"178":{"start":{"line":301,"column":4},"end":{"line":307,"column":7}},"179":{"start":{"line":302,"column":6},"end":{"line":306,"column":7}},"180":{"start":{"line":303,"column":8},"end":{"line":303,"column":55}},"181":{"start":{"line":304,"column":8},"end":{"line":304,"column":48}},"182":{"start":{"line":305,"column":8},"end":{"line":305,"column":59}},"183":{"start":{"line":308,"column":4},"end":{"line":312,"column":7}},"184":{"start":{"line":309,"column":6},"end":{"line":309,"column":53}},"185":{"start":{"line":310,"column":6},"end":{"line":310,"column":46}},"186":{"start":{"line":311,"column":6},"end":{"line":311,"column":57}},"187":{"start":{"line":315,"column":2},"end":{"line":315,"column":60}},"188":{"start":{"line":316,"column":2},"end":{"line":333,"column":5}},"189":{"start":{"line":317,"column":31},"end":{"line":317,"column":65}},"190":{"start":{"line":318,"column":4},"end":{"line":318,"column":57}},"191":{"start":{"line":319,"column":4},"end":{"line":319,"column":50}},"192":{"start":{"line":321,"column":4},"end":{"line":327,"column":7}},"193":{"start":{"line":322,"column":6},"end":{"line":326,"column":7}},"194":{"start":{"line":323,"column":8},"end":{"line":323,"column":61}},"195":{"start":{"line":324,"column":8},"end":{"line":324,"column":54}},"196":{"start":{"line":325,"column":8},"end":{"line":325,"column":65}},"197":{"start":{"line":328,"column":4},"end":{"line":332,"column":7}},"198":{"start":{"line":329,"column":6},"end":{"line":329,"column":59}},"199":{"start":{"line":330,"column":6},"end":{"line":330,"column":52}},"200":{"start":{"line":331,"column":6},"end":{"line":331,"column":63}},"201":{"start":{"line":336,"column":22},"end":{"line":336,"column":53}},"202":{"start":{"line":337,"column":2},"end":{"line":337,"column":30}},"203":{"start":{"line":338,"column":2},"end":{"line":338,"column":37}},"204":{"start":{"line":340,"column":2},"end":{"line":362,"column":5}},"205":{"start":{"line":341,"column":4},"end":{"line":341,"column":27}},"206":{"start":{"line":342,"column":24},"end":{"line":347,"column":5}},"207":{"start":{"line":348,"column":24},"end":{"line":348,"column":72}},"208":{"start":{"line":349,"column":21},"end":{"line":355,"column":6}},"209":{"start":{"line":356,"column":4},"end":{"line":361,"column":5}},"210":{"start":{"line":357,"column":19},"end":{"line":357,"column":40}},"211":{"start":{"line":358,"column":26},"end":{"line":358,"column":67}},"212":{"start":{"line":360,"column":6},"end":{"line":360,"column":27}},"213":{"start":{"line":363,"column":2},"end":{"line":363,"column":35}},"214":{"start":{"line":365,"column":0},"end":{"line":378,"column":2}},"215":{"start":{"line":379,"column":38},"end":{"line":379,"column":35830}},"216":{"start":{"line":379,"column":42},"end":{"line":379,"column":35819}},"217":{"start":{"line":379,"column":35855},"end":{"line":379,"column":35895}},"218":{"start":{"line":379,"column":35859},"end":{"line":379,"column":35884}},"219":{"start":{"line":379,"column":35896},"end":{"line":379,"column":35904}},"220":{"start":{"line":379,"column":35929},"end":{"line":379,"column":35971}},"221":{"start":{"line":379,"column":35933},"end":{"line":379,"column":35960}},"222":{"start":{"line":379,"column":35972},"end":{"line":379,"column":35980}},"223":{"start":{"line":379,"column":35999},"end":{"line":379,"column":36036}},"224":{"start":{"line":379,"column":36003},"end":{"line":379,"column":36025}},"225":{"start":{"line":379,"column":36055},"end":{"line":379,"column":36095}},"226":{"start":{"line":379,"column":36059},"end":{"line":379,"column":36084}}},"fnMap":{"0":{"name":"(anonymous_0)","decl":{"start":{"line":11,"column":42},"end":{"line":11,"column":43}},"loc":{"start":{"line":11,"column":53},"end":{"line":26,"column":1}},"line":11},"1":{"name":"(anonymous_1)","decl":{"start":{"line":14,"column":16},"end":{"line":14,"column":17}},"loc":{"start":{"line":14,"column":26},"end":{"line":19,"column":3}},"line":14},"2":{"name":"(anonymous_2)","decl":{"start":{"line":23,"column":19},"end":{"line":23,"column":20}},"loc":{"start":{"line":23,"column":37},"end":{"line":25,"column":3}},"line":23},"3":{"name":"(anonymous_3)","decl":{"start":{"line":28,"column":40},"end":{"line":28,"column":41}},"loc":{"start":{"line":28,"column":57},"end":{"line":40,"column":1}},"line":28},"4":{"name":"(anonymous_4)","decl":{"start":{"line":42,"column":50},"end":{"line":42,"column":51}},"loc":{"start":{"line":42,"column":61},"end":{"line":53,"column":1}},"line":42},"5":{"name":"createLogbookEntry","decl":{"start":{"line":55,"column":9},"end":{"line":55,"column":27}},"loc":{"start":{"line":55,"column":55},"end":{"line":80,"column":1}},"line":55},"6":{"name":"createCheckbox","decl":{"start":{"line":82,"column":9},"end":{"line":82,"column":23}},"loc":{"start":{"line":82,"column":26},"end":{"line":86,"column":1}},"line":82},"7":{"name":"createHeader","decl":{"start":{"line":88,"column":9},"end":{"line":88,"column":21}},"loc":{"start":{"line":88,"column":28},"end":{"line":92,"column":1}},"line":88},"8":{"name":"createParagraph","decl":{"start":{"line":94,"column":9},"end":{"line":94,"column":24}},"loc":{"start":{"line":94,"column":31},"end":{"line":98,"column":1}},"line":94},"9":{"name":"createDeleteButton","decl":{"start":{"line":100,"column":9},"end":{"line":100,"column":27}},"loc":{"start":{"line":100,"column":39},"end":{"line":109,"column":1}},"line":100},"10":{"name":"(anonymous_10)","decl":{"start":{"line":104,"column":38},"end":{"line":104,"column":39}},"loc":{"start":{"line":104,"column":44},"end":{"line":107,"column":3}},"line":104},"11":{"name":"tempBoxEventlistener","decl":{"start":{"line":112,"column":9},"end":{"line":112,"column":29}},"loc":{"start":{"line":112,"column":51},"end":{"line":117,"column":1}},"line":112},"12":{"name":"(anonymous_12)","decl":{"start":{"line":113,"column":41},"end":{"line":113,"column":42}},"loc":{"start":{"line":113,"column":52},"end":{"line":116,"column":3}},"line":113},"13":{"name":"deleteBtnTempContainer","decl":{"start":{"line":118,"column":9},"end":{"line":118,"column":31}},"loc":{"start":{"line":118,"column":58},"end":{"line":129,"column":1}},"line":118},"14":{"name":"(anonymous_14)","decl":{"start":{"line":119,"column":42},"end":{"line":119,"column":43}},"loc":{"start":{"line":119,"column":59},"end":{"line":128,"column":3}},"line":119},"15":{"name":"makeEditable","decl":{"start":{"line":131,"column":9},"end":{"line":131,"column":21}},"loc":{"start":{"line":131,"column":31},"end":{"line":135,"column":1}},"line":131},"16":{"name":"(anonymous_16)","decl":{"start":{"line":132,"column":36},"end":{"line":132,"column":37}},"loc":{"start":{"line":132,"column":42},"end":{"line":134,"column":3}},"line":132},"17":{"name":"createTextArea","decl":{"start":{"line":137,"column":9},"end":{"line":137,"column":23}},"loc":{"start":{"line":137,"column":33},"end":{"line":152,"column":1}},"line":137},"18":{"name":"(anonymous_18)","decl":{"start":{"line":142,"column":40},"end":{"line":142,"column":41}},"loc":{"start":{"line":142,"column":51},"end":{"line":147,"column":3}},"line":142},"19":{"name":"(anonymous_19)","decl":{"start":{"line":148,"column":40},"end":{"line":148,"column":41}},"loc":{"start":{"line":148,"column":51},"end":{"line":151,"column":3}},"line":148},"20":{"name":"makeLogbookList","decl":{"start":{"line":154,"column":9},"end":{"line":154,"column":24}},"loc":{"start":{"line":154,"column":39},"end":{"line":166,"column":1}},"line":154},"21":{"name":"makeDeleteBtnLogbookEntry","decl":{"start":{"line":168,"column":9},"end":{"line":168,"column":34}},"loc":{"start":{"line":168,"column":58},"end":{"line":191,"column":1}},"line":168},"22":{"name":"(anonymous_22)","decl":{"start":{"line":172,"column":50},"end":{"line":172,"column":51}},"loc":{"start":{"line":172,"column":67},"end":{"line":189,"column":3}},"line":172},"23":{"name":"makeLogbookEntryClickable","decl":{"start":{"line":197,"column":9},"end":{"line":197,"column":34}},"loc":{"start":{"line":197,"column":58},"end":{"line":223,"column":1}},"line":197},"24":{"name":"(anonymous_24)","decl":{"start":{"line":198,"column":50},"end":{"line":198,"column":51}},"loc":{"start":{"line":198,"column":67},"end":{"line":222,"column":3}},"line":198},"25":{"name":"(anonymous_25)","decl":{"start":{"line":215,"column":48},"end":{"line":215,"column":49}},"loc":{"start":{"line":215,"column":54},"end":{"line":218,"column":7}},"line":215},"26":{"name":"resetLogbookData","decl":{"start":{"line":224,"column":9},"end":{"line":224,"column":25}},"loc":{"start":{"line":224,"column":32},"end":{"line":236,"column":1}},"line":224},"27":{"name":"(anonymous_27)","decl":{"start":{"line":230,"column":32},"end":{"line":230,"column":33}},"loc":{"start":{"line":230,"column":55},"end":{"line":234,"column":5}},"line":230},"28":{"name":"fixContainerIndexes","decl":{"start":{"line":237,"column":9},"end":{"line":237,"column":28}},"loc":{"start":{"line":237,"column":31},"end":{"line":242,"column":1}},"line":237},"29":{"name":"(anonymous_29)","decl":{"start":{"line":239,"column":20},"end":{"line":239,"column":21}},"loc":{"start":{"line":239,"column":36},"end":{"line":241,"column":3}},"line":239},"30":{"name":"makeLogbookContainerDivContent","decl":{"start":{"line":243,"column":9},"end":{"line":243,"column":39}},"loc":{"start":{"line":243,"column":69},"end":{"line":291,"column":1}},"line":243},"31":{"name":"(anonymous_31)","decl":{"start":{"line":259,"column":32},"end":{"line":259,"column":33}},"loc":{"start":{"line":259,"column":51},"end":{"line":287,"column":5}},"line":259},"32":{"name":"makeEditAble","decl":{"start":{"line":293,"column":9},"end":{"line":293,"column":21}},"loc":{"start":{"line":293,"column":62},"end":{"line":334,"column":1}},"line":293},"33":{"name":"(anonymous_33)","decl":{"start":{"line":296,"column":39},"end":{"line":296,"column":40}},"loc":{"start":{"line":296,"column":45},"end":{"line":313,"column":3}},"line":296},"34":{"name":"(anonymous_34)","decl":{"start":{"line":301,"column":49},"end":{"line":301,"column":50}},"loc":{"start":{"line":301,"column":60},"end":{"line":307,"column":5}},"line":301},"35":{"name":"(anonymous_35)","decl":{"start":{"line":308,"column":49},"end":{"line":308,"column":50}},"loc":{"start":{"line":308,"column":60},"end":{"line":312,"column":5}},"line":308},"36":{"name":"(anonymous_36)","decl":{"start":{"line":316,"column":42},"end":{"line":316,"column":43}},"loc":{"start":{"line":316,"column":48},"end":{"line":333,"column":3}},"line":316},"37":{"name":"(anonymous_37)","decl":{"start":{"line":321,"column":52},"end":{"line":321,"column":53}},"loc":{"start":{"line":321,"column":63},"end":{"line":327,"column":5}},"line":321},"38":{"name":"(anonymous_38)","decl":{"start":{"line":328,"column":52},"end":{"line":328,"column":53}},"loc":{"start":{"line":328,"column":63},"end":{"line":332,"column":5}},"line":328},"39":{"name":"makeLogbookContainerSaveBtn","decl":{"start":{"line":335,"column":9},"end":{"line":335,"column":36}},"loc":{"start":{"line":335,"column":69},"end":{"line":364,"column":1}},"line":335},"40":{"name":"(anonymous_40)","decl":{"start":{"line":340,"column":40},"end":{"line":340,"column":41}},"loc":{"start":{"line":340,"column":57},"end":{"line":362,"column":3}},"line":340},"41":{"name":"oo_cm","decl":{"start":{"line":379,"column":30},"end":{"line":379,"column":35}},"loc":{"start":{"line":379,"column":37},"end":{"line":379,"column":35831}},"line":379},"42":{"name":"oo_oo","decl":{"start":{"line":379,"column":35841},"end":{"line":379,"column":35846}},"loc":{"start":{"line":379,"column":35854},"end":{"line":379,"column":35905}},"line":379},"43":{"name":"oo_tr","decl":{"start":{"line":379,"column":35915},"end":{"line":379,"column":35920}},"loc":{"start":{"line":379,"column":35928},"end":{"line":379,"column":35981}},"line":379},"44":{"name":"oo_ts","decl":{"start":{"line":379,"column":35991},"end":{"line":379,"column":35996}},"loc":{"start":{"line":379,"column":35998},"end":{"line":379,"column":36037}},"line":379},"45":{"name":"oo_te","decl":{"start":{"line":379,"column":36047},"end":{"line":379,"column":36052}},"loc":{"start":{"line":379,"column":36054},"end":{"line":379,"column":36096}},"line":379}},"branchMap":{"0":{"loc":{"start":{"line":16,"column":4},"end":{"line":18,"column":5}},"type":"if","locations":[{"start":{"line":16,"column":4},"end":{"line":18,"column":5}},{"start":{},"end":{}}],"line":16},"1":{"loc":{"start":{"line":143,"column":4},"end":{"line":146,"column":5}},"type":"if","locations":[{"start":{"line":143,"column":4},"end":{"line":146,"column":5}},{"start":{},"end":{}}],"line":143},"2":{"loc":{"start":{"line":229,"column":2},"end":{"line":235,"column":3}},"type":"if","locations":[{"start":{"line":229,"column":2},"end":{"line":235,"column":3}},{"start":{},"end":{}}],"line":229},"3":{"loc":{"start":{"line":244,"column":2},"end":{"line":247,"column":3}},"type":"if","locations":[{"start":{"line":244,"column":2},"end":{"line":247,"column":3}},{"start":{},"end":{}}],"line":244},"4":{"loc":{"start":{"line":258,"column":2},"end":{"line":288,"column":3}},"type":"if","locations":[{"start":{"line":258,"column":2},"end":{"line":288,"column":3}},{"start":{},"end":{}}],"line":258},"5":{"loc":{"start":{"line":276,"column":6},"end":{"line":278,"column":7}},"type":"if","locations":[{"start":{"line":276,"column":6},"end":{"line":278,"column":7}},{"start":{},"end":{}}],"line":276},"6":{"loc":{"start":{"line":302,"column":6},"end":{"line":306,"column":7}},"type":"if","locations":[{"start":{"line":302,"column":6},"end":{"line":306,"column":7}},{"start":{},"end":{}}],"line":302},"7":{"loc":{"start":{"line":322,"column":6},"end":{"line":326,"column":7}},"type":"if","locations":[{"start":{"line":322,"column":6},"end":{"line":326,"column":7}},{"start":{},"end":{}}],"line":322},"8":{"loc":{"start":{"line":379,"column":49},"end":{"line":379,"column":35818}},"type":"binary-expr","locations":[{"start":{"line":379,"column":49},"end":{"line":379,"column":86}},{"start":{"line":379,"column":90},"end":{"line":379,"column":35818}}],"line":379}},"s":{"0":9,"1":9,"2":9,"3":9,"4":9,"5":9,"6":9,"7":9,"8":9,"9":0,"10":0,"11":0,"12":0,"13":0,"14":0,"15":0,"16":0,"17":0,"18":0,"19":9,"20":0,"21":0,"22":0,"23":9,"24":0,"25":0,"26":0,"27":0,"28":0,"29":0,"30":1,"31":1,"32":1,"33":1,"34":1,"35":1,"36":1,"37":1,"38":1,"39":1,"40":1,"41":1,"42":1,"43":1,"44":1,"45":1,"46":1,"47":1,"48":1,"49":2,"50":2,"51":2,"52":2,"53":2,"54":2,"55":2,"56":2,"57":2,"58":2,"59":2,"60":2,"61":2,"62":0,"63":0,"64":2,"65":3,"66":0,"67":0,"68":2,"69":0,"70":0,"71":0,"72":0,"73":0,"74":0,"75":0,"76":0,"77":3,"78":0,"79":0,"80":0,"81":0,"82":0,"83":0,"84":0,"85":0,"86":0,"87":0,"88":0,"89":1,"90":1,"91":1,"92":1,"93":1,"94":1,"95":1,"96":1,"97":2,"98":2,"99":2,"100":2,"101":1,"102":1,"103":1,"104":1,"105":1,"106":1,"107":1,"108":0,"109":2,"110":9,"111":9,"112":9,"113":1,"114":0,"115":0,"116":0,"117":0,"118":0,"119":0,"120":0,"121":0,"122":0,"123":0,"124":0,"125":0,"126":0,"127":1,"128":1,"129":1,"130":1,"131":0,"132":0,"133":0,"134":0,"135":1,"136":1,"137":3,"138":1,"139":1,"140":1,"141":1,"142":1,"143":1,"144":1,"145":1,"146":1,"147":1,"148":1,"149":2,"150":2,"151":2,"152":2,"153":2,"154":2,"155":2,"156":2,"157":2,"158":2,"159":2,"160":2,"161":2,"162":2,"163":1,"164":2,"165":2,"166":2,"167":2,"168":2,"169":2,"170":2,"171":1,"172":1,"173":2,"174":2,"175":0,"176":0,"177":0,"178":0,"179":0,"180":0,"181":0,"182":0,"183":0,"184":0,"185":0,"186":0,"187":2,"188":2,"189":0,"190":0,"191":0,"192":0,"193":0,"194":0,"195":0,"196":0,"197":0,"198":0,"199":0,"200":0,"201":2,"202":2,"203":2,"204":2,"205":0,"206":0,"207":0,"208":0,"209":0,"210":0,"211":0,"212":0,"213":2,"214":9,"215":1,"216":1,"217":1,"218":1,"219":1,"220":0,"221":0,"222":0,"223":0,"224":0,"225":0,"226":0},"f":{"0":0,"1":0,"2":0,"3":0,"4":0,"5":1,"6":2,"7":2,"8":2,"9":2,"10":0,"11":3,"12":0,"13":2,"14":0,"15":3,"16":0,"17":0,"18":0,"19":0,"20":1,"21":2,"22":1,"23":1,"24":0,"25":0,"26":1,"27":0,"28":1,"29":3,"30":1,"31":2,"32":2,"33":0,"34":0,"35":0,"36":0,"37":0,"38":0,"39":2,"40":0,"41":1,"42":1,"43":0,"44":0,"45":0},"b":{"0":[0,0],"1":[0,0],"2":[0,1],"3":[1,0],"4":[1,0],"5":[1,1],"6":[0,0],"7":[0,0],"8":[1,1]},"_coverageSchema":"1a1c01bbd47fc00a2c39e90264f33305004495a9","hash":"b1e66e7dfa7f79f685fadb08863e1b5460671641"}
}
