{"C:\\Users\\fiske\\Documents\\GitHub\\P2_main\\scripts\\backlog.js": {"path":"C:\\Users\\fiske\\Documents\\GitHub\\P2_main\\scripts\\backlog.js","statementMap":{"0":{"start":{"line":1,"column":0},"end":{"line":1,"column":46}},"1":{"start":{"line":2,"column":15},"end":{"line":2,"column":68}},"2":{"start":{"line":3,"column":21},"end":{"line":3,"column":55}},"3":{"start":{"line":4,"column":17},"end":{"line":8,"column":1}},"4":{"start":{"line":10,"column":0},"end":{"line":14,"column":3}},"5":{"start":{"line":11,"column":16},"end":{"line":11,"column":38}},"6":{"start":{"line":12,"column":22},"end":{"line":12,"column":38}},"7":{"start":{"line":13,"column":2},"end":{"line":13,"column":27}},"8":{"start":{"line":17,"column":22},"end":{"line":17,"column":83}},"9":{"start":{"line":17,"column":45},"end":{"line":17,"column":82}},"10":{"start":{"line":18,"column":2},"end":{"line":27,"column":5}},"11":{"start":{"line":19,"column":24},"end":{"line":19,"column":115}},"12":{"start":{"line":20,"column":4},"end":{"line":26,"column":5}},"13":{"start":{"line":21,"column":6},"end":{"line":21,"column":25}},"14":{"start":{"line":23,"column":24},"end":{"line":23,"column":59}},"15":{"start":{"line":24,"column":24},"end":{"line":24,"column":59}},"16":{"start":{"line":25,"column":6},"end":{"line":25,"column":35}},"17":{"start":{"line":28,"column":2},"end":{"line":28,"column":21}},"18":{"start":{"line":32,"column":16},"end":{"line":32,"column":33}},"19":{"start":{"line":33,"column":19},"end":{"line":33,"column":20}},"20":{"start":{"line":35,"column":2},"end":{"line":41,"column":5}},"21":{"start":{"line":36,"column":4},"end":{"line":38,"column":5}},"22":{"start":{"line":37,"column":6},"end":{"line":37,"column":45}},"23":{"start":{"line":39,"column":4},"end":{"line":39,"column":17}},"24":{"start":{"line":40,"column":4},"end":{"line":40,"column":42}},"25":{"start":{"line":44,"column":2},"end":{"line":47,"column":3}},"26":{"start":{"line":45,"column":4},"end":{"line":45,"column":58}},"27":{"start":{"line":46,"column":4},"end":{"line":46,"column":25}},"28":{"start":{"line":48,"column":23},"end":{"line":48,"column":52}},"29":{"start":{"line":49,"column":2},"end":{"line":49,"column":35}},"30":{"start":{"line":51,"column":2},"end":{"line":51,"column":34}},"31":{"start":{"line":52,"column":2},"end":{"line":54,"column":3}},"32":{"start":{"line":53,"column":4},"end":{"line":53,"column":43}},"33":{"start":{"line":58,"column":16},"end":{"line":58,"column":47}},"34":{"start":{"line":59,"column":20},"end":{"line":59,"column":48}},"35":{"start":{"line":60,"column":22},"end":{"line":60,"column":50}},"36":{"start":{"line":61,"column":25},"end":{"line":61,"column":53}},"37":{"start":{"line":62,"column":25},"end":{"line":62,"column":53}},"38":{"start":{"line":63,"column":26},"end":{"line":63,"column":54}},"39":{"start":{"line":64,"column":24},"end":{"line":64,"column":52}},"40":{"start":{"line":65,"column":23},"end":{"line":65,"column":51}},"41":{"start":{"line":66,"column":25},"end":{"line":66,"column":53}},"42":{"start":{"line":68,"column":2},"end":{"line":68,"column":28}},"43":{"start":{"line":69,"column":2},"end":{"line":69,"column":36}},"44":{"start":{"line":70,"column":2},"end":{"line":70,"column":42}},"45":{"start":{"line":71,"column":2},"end":{"line":71,"column":42}},"46":{"start":{"line":72,"column":2},"end":{"line":72,"column":45}},"47":{"start":{"line":73,"column":2},"end":{"line":73,"column":41}},"48":{"start":{"line":74,"column":2},"end":{"line":74,"column":38}},"49":{"start":{"line":75,"column":2},"end":{"line":75,"column":42}},"50":{"start":{"line":77,"column":2},"end":{"line":77,"column":37}},"51":{"start":{"line":78,"column":2},"end":{"line":78,"column":40}},"52":{"start":{"line":79,"column":2},"end":{"line":79,"column":40}},"53":{"start":{"line":80,"column":2},"end":{"line":80,"column":41}},"54":{"start":{"line":81,"column":2},"end":{"line":81,"column":39}},"55":{"start":{"line":82,"column":2},"end":{"line":82,"column":38}},"56":{"start":{"line":83,"column":2},"end":{"line":83,"column":40}},"57":{"start":{"line":84,"column":2},"end":{"line":84,"column":31}},"58":{"start":{"line":85,"column":2},"end":{"line":85,"column":15}},"59":{"start":{"line":89,"column":14},"end":{"line":89,"column":42}},"60":{"start":{"line":90,"column":20},"end":{"line":90,"column":48}},"61":{"start":{"line":91,"column":19},"end":{"line":91,"column":47}},"62":{"start":{"line":92,"column":19},"end":{"line":92,"column":47}},"63":{"start":{"line":93,"column":20},"end":{"line":93,"column":48}},"64":{"start":{"line":94,"column":18},"end":{"line":94,"column":46}},"65":{"start":{"line":95,"column":17},"end":{"line":95,"column":45}},"66":{"start":{"line":96,"column":19},"end":{"line":96,"column":47}},"67":{"start":{"line":98,"column":2},"end":{"line":98,"column":37}},"68":{"start":{"line":99,"column":2},"end":{"line":99,"column":39}},"69":{"start":{"line":100,"column":2},"end":{"line":100,"column":54}},"70":{"start":{"line":101,"column":2},"end":{"line":101,"column":56}},"71":{"start":{"line":102,"column":2},"end":{"line":102,"column":52}},"72":{"start":{"line":103,"column":2},"end":{"line":103,"column":50}},"73":{"start":{"line":104,"column":2},"end":{"line":104,"column":54}},"74":{"start":{"line":105,"column":2},"end":{"line":105,"column":45}},"75":{"start":{"line":107,"column":2},"end":{"line":107,"column":29}},"76":{"start":{"line":108,"column":2},"end":{"line":108,"column":28}},"77":{"start":{"line":109,"column":2},"end":{"line":109,"column":28}},"78":{"start":{"line":110,"column":2},"end":{"line":110,"column":29}},"79":{"start":{"line":111,"column":2},"end":{"line":111,"column":27}},"80":{"start":{"line":112,"column":2},"end":{"line":112,"column":26}},"81":{"start":{"line":113,"column":2},"end":{"line":113,"column":28}},"82":{"start":{"line":114,"column":2},"end":{"line":114,"column":25}},"83":{"start":{"line":116,"column":0},"end":{"line":116,"column":72}}},"fnMap":{"0":{"name":"(anonymous_0)","decl":{"start":{"line":10,"column":35},"end":{"line":10,"column":36}},"loc":{"start":{"line":10,"column":52},"end":{"line":14,"column":1}},"line":10},"1":{"name":"sortTasks","decl":{"start":{"line":16,"column":9},"end":{"line":16,"column":18}},"loc":{"start":{"line":16,"column":26},"end":{"line":29,"column":1}},"line":16},"2":{"name":"(anonymous_2)","decl":{"start":{"line":17,"column":35},"end":{"line":17,"column":36}},"loc":{"start":{"line":17,"column":45},"end":{"line":17,"column":82}},"line":17},"3":{"name":"(anonymous_3)","decl":{"start":{"line":18,"column":19},"end":{"line":18,"column":20}},"loc":{"start":{"line":18,"column":29},"end":{"line":27,"column":3}},"line":18},"4":{"name":"createTasks","decl":{"start":{"line":31,"column":9},"end":{"line":31,"column":20}},"loc":{"start":{"line":31,"column":28},"end":{"line":55,"column":1}},"line":31},"5":{"name":"(anonymous_5)","decl":{"start":{"line":35,"column":16},"end":{"line":35,"column":17}},"loc":{"start":{"line":35,"column":33},"end":{"line":41,"column":3}},"line":35},"6":{"name":"makeTableHeader","decl":{"start":{"line":57,"column":9},"end":{"line":57,"column":24}},"loc":{"start":{"line":57,"column":27},"end":{"line":86,"column":1}},"line":57},"7":{"name":"makeTableRow","decl":{"start":{"line":88,"column":9},"end":{"line":88,"column":21}},"loc":{"start":{"line":88,"column":47},"end":{"line":115,"column":1}},"line":88}},"branchMap":{"0":{"loc":{"start":{"line":20,"column":4},"end":{"line":26,"column":5}},"type":"if","locations":[{"start":{"line":20,"column":4},"end":{"line":26,"column":5}},{"start":{"line":22,"column":11},"end":{"line":26,"column":5}}],"line":20},"1":{"loc":{"start":{"line":36,"column":4},"end":{"line":38,"column":5}},"type":"if","locations":[{"start":{"line":36,"column":4},"end":{"line":38,"column":5}},{"start":{},"end":{}}],"line":36},"2":{"loc":{"start":{"line":44,"column":2},"end":{"line":47,"column":3}},"type":"if","locations":[{"start":{"line":44,"column":2},"end":{"line":47,"column":3}},{"start":{},"end":{}}],"line":44},"3":{"loc":{"start":{"line":52,"column":2},"end":{"line":54,"column":3}},"type":"if","locations":[{"start":{"line":52,"column":2},"end":{"line":54,"column":3}},{"start":{},"end":{}}],"line":52}},"s":{"0":2,"1":2,"2":2,"3":2,"4":2,"5":0,"6":0,"7":0,"8":1,"9":3,"10":1,"11":4,"12":4,"13":4,"14":0,"15":0,"16":0,"17":1,"18":1,"19":1,"20":1,"21":1,"22":0,"23":1,"24":1,"25":1,"26":0,"27":0,"28":1,"29":1,"30":1,"31":1,"32":0,"33":3,"34":3,"35":3,"36":3,"37":3,"38":3,"39":3,"40":3,"41":3,"42":3,"43":3,"44":3,"45":3,"46":3,"47":3,"48":3,"49":3,"50":3,"51":3,"52":3,"53":3,"54":3,"55":3,"56":3,"57":3,"58":3,"59":3,"60":3,"61":3,"62":3,"63":3,"64":3,"65":3,"66":3,"67":3,"68":3,"69":3,"70":3,"71":3,"72":3,"73":3,"74":3,"75":3,"76":3,"77":3,"78":3,"79":3,"80":3,"81":3,"82":3,"83":2},"f":{"0":0,"1":1,"2":3,"3":4,"4":1,"5":1,"6":3,"7":3},"b":{"0":[4,0],"1":[0,1],"2":[0,1],"3":[0,1]},"_coverageSchema":"1a1c01bbd47fc00a2c39e90264f33305004495a9","hash":"98c0e0209e38cf67579659fceabf7eceac97f918"}
,"C:\\Users\\fiske\\Documents\\GitHub\\P2_main\\scripts\\board.js": {"path":"C:\\Users\\fiske\\Documents\\GitHub\\P2_main\\scripts\\board.js","statementMap":{"0":{"start":{"line":1,"column":0},"end":{"line":1,"column":46}},"1":{"start":{"line":3,"column":15},"end":{"line":3,"column":68}},"2":{"start":{"line":4,"column":27},"end":{"line":4,"column":59}},"3":{"start":{"line":5,"column":13},"end":{"line":5,"column":48}},"4":{"start":{"line":6,"column":25},"end":{"line":6,"column":68}},"5":{"start":{"line":8,"column":0},"end":{"line":21,"column":5}},"6":{"start":{"line":9,"column":27},"end":{"line":9,"column":70}},"7":{"start":{"line":11,"column":2},"end":{"line":20,"column":7}},"8":{"start":{"line":12,"column":6},"end":{"line":12,"column":36}},"9":{"start":{"line":13,"column":6},"end":{"line":19,"column":7}},"10":{"start":{"line":14,"column":8},"end":{"line":14,"column":47}},"11":{"start":{"line":15,"column":8},"end":{"line":15,"column":73}},"12":{"start":{"line":17,"column":8},"end":{"line":17,"column":46}},"13":{"start":{"line":18,"column":8},"end":{"line":18,"column":72}},"14":{"start":{"line":23,"column":23},"end":{"line":27,"column":1}},"15":{"start":{"line":30,"column":0},"end":{"line":48,"column":3}},"16":{"start":{"line":31,"column":15},"end":{"line":31,"column":37}},"17":{"start":{"line":32,"column":16},"end":{"line":32,"column":31}},"18":{"start":{"line":35,"column":28},"end":{"line":35,"column":57}},"19":{"start":{"line":36,"column":2},"end":{"line":36,"column":42}},"20":{"start":{"line":37,"column":2},"end":{"line":37,"column":40}},"21":{"start":{"line":38,"column":2},"end":{"line":38,"column":21}},"22":{"start":{"line":41,"column":28},"end":{"line":41,"column":69}},"23":{"start":{"line":42,"column":2},"end":{"line":44,"column":3}},"24":{"start":{"line":43,"column":4},"end":{"line":43,"column":64}},"25":{"start":{"line":46,"column":2},"end":{"line":46,"column":52}},"26":{"start":{"line":47,"column":2},"end":{"line":47,"column":18}},"27":{"start":{"line":51,"column":2},"end":{"line":57,"column":5}},"28":{"start":{"line":52,"column":4},"end":{"line":56,"column":5}},"29":{"start":{"line":53,"column":6},"end":{"line":53,"column":99}},"30":{"start":{"line":55,"column":6},"end":{"line":55,"column":85}},"31":{"start":{"line":58,"column":2},"end":{"line":58,"column":15}},"32":{"start":{"line":63,"column":2},"end":{"line":78,"column":5}},"33":{"start":{"line":64,"column":21},"end":{"line":64,"column":50}},"34":{"start":{"line":65,"column":24},"end":{"line":65,"column":52}},"35":{"start":{"line":67,"column":4},"end":{"line":67,"column":23}},"36":{"start":{"line":68,"column":4},"end":{"line":68,"column":32}},"37":{"start":{"line":69,"column":4},"end":{"line":69,"column":28}},"38":{"start":{"line":70,"column":4},"end":{"line":70,"column":35}},"39":{"start":{"line":71,"column":4},"end":{"line":71,"column":41}},"40":{"start":{"line":73,"column":4},"end":{"line":75,"column":7}},"41":{"start":{"line":74,"column":6},"end":{"line":74,"column":46}},"42":{"start":{"line":77,"column":4},"end":{"line":77,"column":47}},"43":{"start":{"line":84,"column":2},"end":{"line":89,"column":3}},"44":{"start":{"line":88,"column":4},"end":{"line":88,"column":42}},"45":{"start":{"line":90,"column":2},"end":{"line":113,"column":3}},"46":{"start":{"line":91,"column":20},"end":{"line":91,"column":48}},"47":{"start":{"line":92,"column":20},"end":{"line":92,"column":48}},"48":{"start":{"line":94,"column":4},"end":{"line":94,"column":40}},"49":{"start":{"line":95,"column":4},"end":{"line":95,"column":33}},"50":{"start":{"line":96,"column":4},"end":{"line":96,"column":26}},"51":{"start":{"line":98,"column":4},"end":{"line":102,"column":5}},"52":{"start":{"line":99,"column":26},"end":{"line":99,"column":53}},"53":{"start":{"line":100,"column":6},"end":{"line":100,"column":62}},"54":{"start":{"line":101,"column":6},"end":{"line":101,"column":39}},"55":{"start":{"line":104,"column":4},"end":{"line":107,"column":5}},"56":{"start":{"line":105,"column":6},"end":{"line":105,"column":46}},"57":{"start":{"line":106,"column":6},"end":{"line":106,"column":38}},"58":{"start":{"line":108,"column":4},"end":{"line":108,"column":33}},"59":{"start":{"line":109,"column":4},"end":{"line":109,"column":37}},"60":{"start":{"line":110,"column":4},"end":{"line":110,"column":35}},"61":{"start":{"line":111,"column":4},"end":{"line":111,"column":36}},"62":{"start":{"line":112,"column":4},"end":{"line":112,"column":34}},"63":{"start":{"line":116,"column":28},"end":{"line":116,"column":73}},"64":{"start":{"line":117,"column":21},"end":{"line":117,"column":59}},"65":{"start":{"line":119,"column":2},"end":{"line":126,"column":5}},"66":{"start":{"line":120,"column":4},"end":{"line":122,"column":7}},"67":{"start":{"line":121,"column":6},"end":{"line":121,"column":40}},"68":{"start":{"line":123,"column":4},"end":{"line":125,"column":7}},"69":{"start":{"line":124,"column":6},"end":{"line":124,"column":43}},"70":{"start":{"line":128,"column":2},"end":{"line":133,"column":5}},"71":{"start":{"line":129,"column":4},"end":{"line":131,"column":7}},"72":{"start":{"line":130,"column":6},"end":{"line":130,"column":29}},"73":{"start":{"line":132,"column":4},"end":{"line":132,"column":80}},"74":{"start":{"line":132,"column":50},"end":{"line":132,"column":78}},"75":{"start":{"line":136,"column":19},"end":{"line":160,"column":1}},"76":{"start":{"line":137,"column":2},"end":{"line":137,"column":25}},"77":{"start":{"line":138,"column":2},"end":{"line":138,"column":26}},"78":{"start":{"line":139,"column":20},"end":{"line":139,"column":55}},"79":{"start":{"line":140,"column":2},"end":{"line":159,"column":3}},"80":{"start":{"line":141,"column":4},"end":{"line":141,"column":37}},"81":{"start":{"line":142,"column":24},"end":{"line":145,"column":5}},"82":{"start":{"line":146,"column":4},"end":{"line":158,"column":5}},"83":{"start":{"line":147,"column":23},"end":{"line":153,"column":8}},"84":{"start":{"line":154,"column":27},"end":{"line":154,"column":48}},"85":{"start":{"line":155,"column":6},"end":{"line":155,"column":53}},"86":{"start":{"line":157,"column":6},"end":{"line":157,"column":27}},"87":{"start":{"line":163,"column":0},"end":{"line":213,"column":3}},"88":{"start":{"line":164,"column":19},"end":{"line":164,"column":54}},"89":{"start":{"line":165,"column":2},"end":{"line":212,"column":3}},"90":{"start":{"line":166,"column":2},"end":{"line":166,"column":25}},"91":{"start":{"line":169,"column":19},"end":{"line":169,"column":42}},"92":{"start":{"line":170,"column":22},"end":{"line":170,"column":48}},"93":{"start":{"line":171,"column":19},"end":{"line":171,"column":42}},"94":{"start":{"line":172,"column":19},"end":{"line":172,"column":42}},"95":{"start":{"line":173,"column":20},"end":{"line":173,"column":44}},"96":{"start":{"line":174,"column":18},"end":{"line":174,"column":40}},"97":{"start":{"line":175,"column":17},"end":{"line":175,"column":38}},"98":{"start":{"line":178,"column":2},"end":{"line":180,"column":3}},"99":{"start":{"line":179,"column":4},"end":{"line":179,"column":50}},"100":{"start":{"line":183,"column":2},"end":{"line":185,"column":3}},"101":{"start":{"line":184,"column":4},"end":{"line":184,"column":58}},"102":{"start":{"line":187,"column":15},"end":{"line":197,"column":3}},"103":{"start":{"line":199,"column":2},"end":{"line":211,"column":3}},"104":{"start":{"line":200,"column":21},"end":{"line":206,"column":6}},"105":{"start":{"line":207,"column":25},"end":{"line":207,"column":46}},"106":{"start":{"line":208,"column":4},"end":{"line":208,"column":51}},"107":{"start":{"line":210,"column":4},"end":{"line":210,"column":25}},"108":{"start":{"line":216,"column":25},"end":{"line":216,"column":54}},"109":{"start":{"line":217,"column":29},"end":{"line":217,"column":56}},"110":{"start":{"line":218,"column":19},"end":{"line":218,"column":46}},"111":{"start":{"line":219,"column":17},"end":{"line":219,"column":44}},"112":{"start":{"line":220,"column":19},"end":{"line":220,"column":46}},"113":{"start":{"line":221,"column":20},"end":{"line":221,"column":47}},"114":{"start":{"line":222,"column":18},"end":{"line":222,"column":45}},"115":{"start":{"line":224,"column":2},"end":{"line":224,"column":44}},"116":{"start":{"line":225,"column":2},"end":{"line":225,"column":40}},"117":{"start":{"line":227,"column":2},"end":{"line":233,"column":5}},"118":{"start":{"line":228,"column":4},"end":{"line":232,"column":5}},"119":{"start":{"line":229,"column":6},"end":{"line":229,"column":45}},"120":{"start":{"line":231,"column":6},"end":{"line":231,"column":44}},"121":{"start":{"line":235,"column":2},"end":{"line":235,"column":67}},"122":{"start":{"line":236,"column":2},"end":{"line":236,"column":69}},"123":{"start":{"line":237,"column":2},"end":{"line":237,"column":63}},"124":{"start":{"line":238,"column":2},"end":{"line":238,"column":69}},"125":{"start":{"line":239,"column":2},"end":{"line":239,"column":73}},"126":{"start":{"line":240,"column":2},"end":{"line":240,"column":68}},"127":{"start":{"line":242,"column":2},"end":{"line":242,"column":49}},"128":{"start":{"line":243,"column":2},"end":{"line":243,"column":39}},"129":{"start":{"line":244,"column":2},"end":{"line":244,"column":37}},"130":{"start":{"line":245,"column":2},"end":{"line":245,"column":39}},"131":{"start":{"line":246,"column":2},"end":{"line":246,"column":40}},"132":{"start":{"line":247,"column":2},"end":{"line":247,"column":38}},"133":{"start":{"line":248,"column":2},"end":{"line":248,"column":38}},"134":{"start":{"line":252,"column":23},"end":{"line":252,"column":55}},"135":{"start":{"line":253,"column":2},"end":{"line":253,"column":37}},"136":{"start":{"line":254,"column":2},"end":{"line":254,"column":38}},"137":{"start":{"line":255,"column":2},"end":{"line":255,"column":38}},"138":{"start":{"line":257,"column":2},"end":{"line":259,"column":5}},"139":{"start":{"line":258,"column":4},"end":{"line":258,"column":48}},"140":{"start":{"line":260,"column":2},"end":{"line":262,"column":5}},"141":{"start":{"line":261,"column":4},"end":{"line":261,"column":40}},"142":{"start":{"line":264,"column":2},"end":{"line":281,"column":5}},"143":{"start":{"line":265,"column":4},"end":{"line":265,"column":27}},"144":{"start":{"line":266,"column":4},"end":{"line":266,"column":28}},"145":{"start":{"line":267,"column":4},"end":{"line":267,"column":21}},"146":{"start":{"line":268,"column":21},"end":{"line":274,"column":6}},"147":{"start":{"line":275,"column":4},"end":{"line":280,"column":5}},"148":{"start":{"line":276,"column":19},"end":{"line":276,"column":40}},"149":{"start":{"line":277,"column":6},"end":{"line":277,"column":37}},"150":{"start":{"line":279,"column":6},"end":{"line":279,"column":27}},"151":{"start":{"line":282,"column":2},"end":{"line":282,"column":36}},"152":{"start":{"line":285,"column":21},"end":{"line":285,"column":53}},"153":{"start":{"line":286,"column":2},"end":{"line":286,"column":33}},"154":{"start":{"line":287,"column":2},"end":{"line":287,"column":34}},"155":{"start":{"line":288,"column":2},"end":{"line":288,"column":42}},"156":{"start":{"line":289,"column":2},"end":{"line":289,"column":36}},"157":{"start":{"line":291,"column":2},"end":{"line":293,"column":5}},"158":{"start":{"line":292,"column":4},"end":{"line":292,"column":46}},"159":{"start":{"line":294,"column":2},"end":{"line":296,"column":5}},"160":{"start":{"line":295,"column":4},"end":{"line":295,"column":38}},"161":{"start":{"line":297,"column":2},"end":{"line":348,"column":5}},"162":{"start":{"line":298,"column":4},"end":{"line":298,"column":28}},"163":{"start":{"line":299,"column":4},"end":{"line":299,"column":27}},"164":{"start":{"line":301,"column":19},"end":{"line":301,"column":59}},"165":{"start":{"line":302,"column":4},"end":{"line":302,"column":24}},"166":{"start":{"line":303,"column":4},"end":{"line":303,"column":23}},"167":{"start":{"line":304,"column":17},"end":{"line":304,"column":45}},"168":{"start":{"line":305,"column":4},"end":{"line":305,"column":40}},"169":{"start":{"line":306,"column":4},"end":{"line":306,"column":61}},"170":{"start":{"line":307,"column":4},"end":{"line":307,"column":59}},"171":{"start":{"line":308,"column":4},"end":{"line":308,"column":55}},"172":{"start":{"line":309,"column":4},"end":{"line":309,"column":57}},"173":{"start":{"line":310,"column":4},"end":{"line":310,"column":53}},"174":{"start":{"line":311,"column":4},"end":{"line":311,"column":57}},"175":{"start":{"line":313,"column":23},"end":{"line":313,"column":62}},"176":{"start":{"line":314,"column":4},"end":{"line":347,"column":7}},"177":{"start":{"line":315,"column":6},"end":{"line":317,"column":7}},"178":{"start":{"line":316,"column":8},"end":{"line":316,"column":54}},"179":{"start":{"line":319,"column":6},"end":{"line":321,"column":7}},"180":{"start":{"line":320,"column":8},"end":{"line":320,"column":62}},"181":{"start":{"line":322,"column":26},"end":{"line":333,"column":7}},"182":{"start":{"line":334,"column":6},"end":{"line":346,"column":7}},"183":{"start":{"line":335,"column":25},"end":{"line":341,"column":10}},"184":{"start":{"line":342,"column":29},"end":{"line":342,"column":50}},"185":{"start":{"line":343,"column":8},"end":{"line":343,"column":55}},"186":{"start":{"line":345,"column":8},"end":{"line":345,"column":29}},"187":{"start":{"line":349,"column":2},"end":{"line":349,"column":41}},"188":{"start":{"line":350,"column":2},"end":{"line":352,"column":5}},"189":{"start":{"line":351,"column":4},"end":{"line":351,"column":44}},"190":{"start":{"line":353,"column":2},"end":{"line":355,"column":5}},"191":{"start":{"line":354,"column":4},"end":{"line":354,"column":43}},"192":{"start":{"line":356,"column":2},"end":{"line":356,"column":34}},"193":{"start":{"line":358,"column":0},"end":{"line":358,"column":46}}},"fnMap":{"0":{"name":"(anonymous_0)","decl":{"start":{"line":8,"column":46},"end":{"line":8,"column":47}},"loc":{"start":{"line":8,"column":52},"end":{"line":21,"column":3}},"line":8},"1":{"name":"(anonymous_1)","decl":{"start":{"line":11,"column":45},"end":{"line":11,"column":46}},"loc":{"start":{"line":11,"column":51},"end":{"line":20,"column":5}},"line":11},"2":{"name":"getTasks","decl":{"start":{"line":30,"column":44},"end":{"line":30,"column":52}},"loc":{"start":{"line":30,"column":60},"end":{"line":48,"column":1}},"line":30},"3":{"name":"sortTasks","decl":{"start":{"line":50,"column":9},"end":{"line":50,"column":18}},"loc":{"start":{"line":50,"column":26},"end":{"line":59,"column":1}},"line":50},"4":{"name":"(anonymous_4)","decl":{"start":{"line":51,"column":13},"end":{"line":51,"column":14}},"loc":{"start":{"line":51,"column":23},"end":{"line":57,"column":3}},"line":51},"5":{"name":"createLists","decl":{"start":{"line":62,"column":9},"end":{"line":62,"column":20}},"loc":{"start":{"line":62,"column":47},"end":{"line":79,"column":1}},"line":62},"6":{"name":"(anonymous_6)","decl":{"start":{"line":63,"column":16},"end":{"line":63,"column":17}},"loc":{"start":{"line":63,"column":33},"end":{"line":78,"column":3}},"line":63},"7":{"name":"(anonymous_7)","decl":{"start":{"line":73,"column":18},"end":{"line":73,"column":19}},"loc":{"start":{"line":73,"column":28},"end":{"line":75,"column":5}},"line":73},"8":{"name":"createListTask","decl":{"start":{"line":83,"column":9},"end":{"line":83,"column":23}},"loc":{"start":{"line":83,"column":49},"end":{"line":114,"column":1}},"line":83},"9":{"name":"makeDraggable","decl":{"start":{"line":115,"column":9},"end":{"line":115,"column":22}},"loc":{"start":{"line":115,"column":25},"end":{"line":134,"column":1}},"line":115},"10":{"name":"(anonymous_10)","decl":{"start":{"line":119,"column":28},"end":{"line":119,"column":29}},"loc":{"start":{"line":119,"column":41},"end":{"line":126,"column":3}},"line":119},"11":{"name":"(anonymous_11)","decl":{"start":{"line":120,"column":42},"end":{"line":120,"column":43}},"loc":{"start":{"line":120,"column":48},"end":{"line":122,"column":5}},"line":120},"12":{"name":"(anonymous_12)","decl":{"start":{"line":123,"column":40},"end":{"line":123,"column":41}},"loc":{"start":{"line":123,"column":46},"end":{"line":125,"column":5}},"line":123},"13":{"name":"(anonymous_13)","decl":{"start":{"line":128,"column":21},"end":{"line":128,"column":22}},"loc":{"start":{"line":128,"column":36},"end":{"line":133,"column":3}},"line":128},"14":{"name":"(anonymous_14)","decl":{"start":{"line":129,"column":43},"end":{"line":129,"column":44}},"loc":{"start":{"line":129,"column":54},"end":{"line":131,"column":5}},"line":129},"15":{"name":"(anonymous_15)","decl":{"start":{"line":132,"column":39},"end":{"line":132,"column":40}},"loc":{"start":{"line":132,"column":50},"end":{"line":132,"column":78}},"line":132},"16":{"name":"(anonymous_16)","decl":{"start":{"line":136,"column":19},"end":{"line":136,"column":20}},"loc":{"start":{"line":136,"column":47},"end":{"line":160,"column":1}},"line":136},"17":{"name":"(anonymous_17)","decl":{"start":{"line":163,"column":46},"end":{"line":163,"column":47}},"loc":{"start":{"line":163,"column":57},"end":{"line":213,"column":1}},"line":163},"18":{"name":"(anonymous_18)","decl":{"start":{"line":165,"column":38},"end":{"line":165,"column":39}},"loc":{"start":{"line":165,"column":55},"end":{"line":212,"column":1}},"line":165},"19":{"name":"makeDescription","decl":{"start":{"line":215,"column":9},"end":{"line":215,"column":24}},"loc":{"start":{"line":215,"column":40},"end":{"line":249,"column":1}},"line":215},"20":{"name":"(anonymous_20)","decl":{"start":{"line":227,"column":36},"end":{"line":227,"column":37}},"loc":{"start":{"line":227,"column":42},"end":{"line":233,"column":3}},"line":227},"21":{"name":"makeDeleteButton","decl":{"start":{"line":251,"column":9},"end":{"line":251,"column":25}},"loc":{"start":{"line":251,"column":41},"end":{"line":283,"column":1}},"line":251},"22":{"name":"(anonymous_22)","decl":{"start":{"line":257,"column":40},"end":{"line":257,"column":41}},"loc":{"start":{"line":257,"column":46},"end":{"line":259,"column":3}},"line":257},"23":{"name":"(anonymous_23)","decl":{"start":{"line":260,"column":39},"end":{"line":260,"column":40}},"loc":{"start":{"line":260,"column":45},"end":{"line":262,"column":3}},"line":260},"24":{"name":"(anonymous_24)","decl":{"start":{"line":264,"column":41},"end":{"line":264,"column":42}},"loc":{"start":{"line":264,"column":58},"end":{"line":281,"column":3}},"line":264},"25":{"name":"makeEditButton","decl":{"start":{"line":284,"column":9},"end":{"line":284,"column":23}},"loc":{"start":{"line":284,"column":39},"end":{"line":357,"column":1}},"line":284},"26":{"name":"(anonymous_26)","decl":{"start":{"line":291,"column":40},"end":{"line":291,"column":41}},"loc":{"start":{"line":291,"column":46},"end":{"line":293,"column":3}},"line":291},"27":{"name":"(anonymous_27)","decl":{"start":{"line":294,"column":39},"end":{"line":294,"column":40}},"loc":{"start":{"line":294,"column":45},"end":{"line":296,"column":3}},"line":294},"28":{"name":"(anonymous_28)","decl":{"start":{"line":297,"column":39},"end":{"line":297,"column":40}},"loc":{"start":{"line":297,"column":56},"end":{"line":348,"column":3}},"line":297},"29":{"name":"(anonymous_29)","decl":{"start":{"line":314,"column":41},"end":{"line":314,"column":42}},"loc":{"start":{"line":314,"column":53},"end":{"line":347,"column":5}},"line":314},"30":{"name":"(anonymous_30)","decl":{"start":{"line":350,"column":40},"end":{"line":350,"column":41}},"loc":{"start":{"line":350,"column":46},"end":{"line":352,"column":3}},"line":350},"31":{"name":"(anonymous_31)","decl":{"start":{"line":353,"column":39},"end":{"line":353,"column":40}},"loc":{"start":{"line":353,"column":45},"end":{"line":355,"column":3}},"line":353}},"branchMap":{"0":{"loc":{"start":{"line":13,"column":6},"end":{"line":19,"column":7}},"type":"if","locations":[{"start":{"line":13,"column":6},"end":{"line":19,"column":7}},{"start":{"line":16,"column":13},"end":{"line":19,"column":7}}],"line":13},"1":{"loc":{"start":{"line":42,"column":2},"end":{"line":44,"column":3}},"type":"if","locations":[{"start":{"line":42,"column":2},"end":{"line":44,"column":3}},{"start":{},"end":{}}],"line":42},"2":{"loc":{"start":{"line":52,"column":4},"end":{"line":56,"column":5}},"type":"if","locations":[{"start":{"line":52,"column":4},"end":{"line":56,"column":5}},{"start":{"line":54,"column":11},"end":{"line":56,"column":5}}],"line":52},"3":{"loc":{"start":{"line":84,"column":2},"end":{"line":89,"column":3}},"type":"if","locations":[{"start":{"line":84,"column":2},"end":{"line":89,"column":3}},{"start":{},"end":{}}],"line":84},"4":{"loc":{"start":{"line":85,"column":4},"end":{"line":86,"column":97}},"type":"binary-expr","locations":[{"start":{"line":85,"column":4},"end":{"line":85,"column":43}},{"start":{"line":86,"column":5},"end":{"line":86,"column":55}},{"start":{"line":86,"column":59},"end":{"line":86,"column":96}}],"line":85},"5":{"loc":{"start":{"line":90,"column":2},"end":{"line":113,"column":3}},"type":"if","locations":[{"start":{"line":90,"column":2},"end":{"line":113,"column":3}},{"start":{},"end":{}}],"line":90},"6":{"loc":{"start":{"line":98,"column":4},"end":{"line":102,"column":5}},"type":"if","locations":[{"start":{"line":98,"column":4},"end":{"line":102,"column":5}},{"start":{},"end":{}}],"line":98},"7":{"loc":{"start":{"line":104,"column":4},"end":{"line":107,"column":5}},"type":"if","locations":[{"start":{"line":104,"column":4},"end":{"line":107,"column":5}},{"start":{},"end":{}}],"line":104},"8":{"loc":{"start":{"line":104,"column":8},"end":{"line":104,"column":108}},"type":"binary-expr","locations":[{"start":{"line":104,"column":8},"end":{"line":104,"column":68}},{"start":{"line":104,"column":72},"end":{"line":104,"column":108}}],"line":104},"9":{"loc":{"start":{"line":140,"column":2},"end":{"line":159,"column":3}},"type":"if","locations":[{"start":{"line":140,"column":2},"end":{"line":159,"column":3}},{"start":{},"end":{}}],"line":140},"10":{"loc":{"start":{"line":140,"column":6},"end":{"line":140,"column":72}},"type":"binary-expr","locations":[{"start":{"line":140,"column":6},"end":{"line":140,"column":32}},{"start":{"line":140,"column":36},"end":{"line":140,"column":72}}],"line":140},"11":{"loc":{"start":{"line":178,"column":2},"end":{"line":180,"column":3}},"type":"if","locations":[{"start":{"line":178,"column":2},"end":{"line":180,"column":3}},{"start":{},"end":{}}],"line":178},"12":{"loc":{"start":{"line":178,"column":6},"end":{"line":178,"column":94}},"type":"binary-expr","locations":[{"start":{"line":178,"column":6},"end":{"line":178,"column":15}},{"start":{"line":178,"column":19},"end":{"line":178,"column":31}},{"start":{"line":178,"column":35},"end":{"line":178,"column":44}},{"start":{"line":178,"column":48},"end":{"line":178,"column":57}},{"start":{"line":178,"column":61},"end":{"line":178,"column":71}},{"start":{"line":178,"column":75},"end":{"line":178,"column":83}},{"start":{"line":178,"column":87},"end":{"line":178,"column":94}}],"line":178},"13":{"loc":{"start":{"line":183,"column":2},"end":{"line":185,"column":3}},"type":"if","locations":[{"start":{"line":183,"column":2},"end":{"line":185,"column":3}},{"start":{},"end":{}}],"line":183},"14":{"loc":{"start":{"line":228,"column":4},"end":{"line":232,"column":5}},"type":"if","locations":[{"start":{"line":228,"column":4},"end":{"line":232,"column":5}},{"start":{"line":230,"column":11},"end":{"line":232,"column":5}}],"line":228},"15":{"loc":{"start":{"line":311,"column":24},"end":{"line":311,"column":56}},"type":"binary-expr","locations":[{"start":{"line":311,"column":24},"end":{"line":311,"column":50}},{"start":{"line":311,"column":54},"end":{"line":311,"column":56}}],"line":311},"16":{"loc":{"start":{"line":315,"column":6},"end":{"line":317,"column":7}},"type":"if","locations":[{"start":{"line":315,"column":6},"end":{"line":317,"column":7}},{"start":{},"end":{}}],"line":315},"17":{"loc":{"start":{"line":315,"column":10},"end":{"line":315,"column":87}},"type":"binary-expr","locations":[{"start":{"line":315,"column":10},"end":{"line":315,"column":19}},{"start":{"line":315,"column":23},"end":{"line":315,"column":35}},{"start":{"line":315,"column":39},"end":{"line":315,"column":48}},{"start":{"line":315,"column":52},"end":{"line":315,"column":61}},{"start":{"line":315,"column":65},"end":{"line":315,"column":75}},{"start":{"line":315,"column":79},"end":{"line":315,"column":87}}],"line":315},"18":{"loc":{"start":{"line":319,"column":6},"end":{"line":321,"column":7}},"type":"if","locations":[{"start":{"line":319,"column":6},"end":{"line":321,"column":7}},{"start":{},"end":{}}],"line":319}},"s":{"0":3,"1":3,"2":3,"3":3,"4":3,"5":3,"6":0,"7":0,"8":0,"9":0,"10":0,"11":0,"12":0,"13":0,"14":3,"15":3,"16":0,"17":0,"18":0,"19":0,"20":0,"21":0,"22":0,"23":0,"24":0,"25":0,"26":0,"27":2,"28":8,"29":0,"30":8,"31":2,"32":0,"33":0,"34":0,"35":0,"36":0,"37":0,"38":0,"39":0,"40":0,"41":0,"42":0,"43":0,"44":0,"45":0,"46":0,"47":0,"48":0,"49":0,"50":0,"51":0,"52":0,"53":0,"54":0,"55":0,"56":0,"57":0,"58":0,"59":0,"60":0,"61":0,"62":0,"63":0,"64":0,"65":0,"66":0,"67":0,"68":0,"69":0,"70":0,"71":0,"72":0,"73":0,"74":0,"75":3,"76":0,"77":0,"78":0,"79":0,"80":0,"81":0,"82":0,"83":0,"84":0,"85":0,"86":0,"87":3,"88":0,"89":0,"90":0,"91":0,"92":0,"93":0,"94":0,"95":0,"96":0,"97":0,"98":0,"99":0,"100":0,"101":0,"102":0,"103":0,"104":0,"105":0,"106":0,"107":0,"108":1,"109":1,"110":1,"111":1,"112":1,"113":1,"114":1,"115":1,"116":1,"117":1,"118":2,"119":1,"120":1,"121":1,"122":1,"123":1,"124":1,"125":1,"126":1,"127":1,"128":1,"129":1,"130":1,"131":1,"132":1,"133":1,"134":0,"135":0,"136":0,"137":0,"138":0,"139":0,"140":0,"141":0,"142":0,"143":0,"144":0,"145":0,"146":0,"147":0,"148":0,"149":0,"150":0,"151":0,"152":0,"153":0,"154":0,"155":0,"156":0,"157":0,"158":0,"159":0,"160":0,"161":0,"162":0,"163":0,"164":0,"165":0,"166":0,"167":0,"168":0,"169":0,"170":0,"171":0,"172":0,"173":0,"174":0,"175":0,"176":0,"177":0,"178":0,"179":0,"180":0,"181":0,"182":0,"183":0,"184":0,"185":0,"186":0,"187":0,"188":0,"189":0,"190":0,"191":0,"192":0,"193":3},"f":{"0":0,"1":0,"2":0,"3":2,"4":8,"5":0,"6":0,"7":0,"8":0,"9":0,"10":0,"11":0,"12":0,"13":0,"14":0,"15":0,"16":0,"17":0,"18":0,"19":1,"20":2,"21":0,"22":0,"23":0,"24":0,"25":0,"26":0,"27":0,"28":0,"29":0,"30":0,"31":0},"b":{"0":[0,0],"1":[0,0],"2":[0,8],"3":[0,0],"4":[0,0,0],"5":[0,0],"6":[0,0],"7":[0,0],"8":[0,0],"9":[0,0],"10":[0,0],"11":[0,0],"12":[0,0,0,0,0,0,0],"13":[0,0],"14":[1,1],"15":[0,0],"16":[0,0],"17":[0,0,0,0,0,0],"18":[0,0]},"_coverageSchema":"1a1c01bbd47fc00a2c39e90264f33305004495a9","hash":"5e07a3683895068331916dfcfbe14743650c2f1f"}
,"C:\\Users\\fiske\\Documents\\GitHub\\P2_main\\scripts\\gantt.js": {"path":"C:\\Users\\fiske\\Documents\\GitHub\\P2_main\\scripts\\gantt.js","statementMap":{"0":{"start":{"line":2,"column":15},"end":{"line":2,"column":68}},"1":{"start":{"line":4,"column":18},"end":{"line":4,"column":54}},"2":{"start":{"line":5,"column":18},"end":{"line":5,"column":54}},"3":{"start":{"line":6,"column":25},"end":{"line":6,"column":35}},"4":{"start":{"line":7,"column":21},"end":{"line":7,"column":76}},"5":{"start":{"line":8,"column":21},"end":{"line":8,"column":72}},"6":{"start":{"line":10,"column":18},"end":{"line":10,"column":22}},"7":{"start":{"line":13,"column":21},"end":{"line":18,"column":1}},"8":{"start":{"line":20,"column":18},"end":{"line":25,"column":1}},"9":{"start":{"line":26,"column":21},"end":{"line":31,"column":1}},"10":{"start":{"line":33,"column":0},"end":{"line":40,"column":5}},"11":{"start":{"line":34,"column":2},"end":{"line":39,"column":5}},"12":{"start":{"line":35,"column":18},"end":{"line":35,"column":43}},"13":{"start":{"line":36,"column":19},"end":{"line":36,"column":103}},"14":{"start":{"line":37,"column":19},"end":{"line":37,"column":103}},"15":{"start":{"line":38,"column":4},"end":{"line":38,"column":43}},"16":{"start":{"line":42,"column":2},"end":{"line":49,"column":5}},"17":{"start":{"line":43,"column":2},"end":{"line":48,"column":5}},"18":{"start":{"line":44,"column":18},"end":{"line":44,"column":43}},"19":{"start":{"line":45,"column":19},"end":{"line":45,"column":103}},"20":{"start":{"line":46,"column":19},"end":{"line":46,"column":103}},"21":{"start":{"line":47,"column":4},"end":{"line":47,"column":43}},"22":{"start":{"line":52,"column":2},"end":{"line":52,"column":55}},"23":{"start":{"line":53,"column":2},"end":{"line":53,"column":55}},"24":{"start":{"line":54,"column":2},"end":{"line":54,"column":17}},"25":{"start":{"line":57,"column":0},"end":{"line":63,"column":3}},"26":{"start":{"line":58,"column":15},"end":{"line":58,"column":43}},"27":{"start":{"line":59,"column":2},"end":{"line":59,"column":28}},"28":{"start":{"line":60,"column":59},"end":{"line":60,"column":86}},"29":{"start":{"line":62,"column":2},"end":{"line":62,"column":60}},"30":{"start":{"line":66,"column":2},"end":{"line":77,"column":5}},"31":{"start":{"line":68,"column":6},"end":{"line":68,"column":101}},"32":{"start":{"line":69,"column":4},"end":{"line":76,"column":5}},"33":{"start":{"line":70,"column":6},"end":{"line":70,"column":27}},"34":{"start":{"line":73,"column":22},"end":{"line":73,"column":59}},"35":{"start":{"line":74,"column":22},"end":{"line":74,"column":59}},"36":{"start":{"line":75,"column":6},"end":{"line":75,"column":31}},"37":{"start":{"line":78,"column":2},"end":{"line":78,"column":14}},"38":{"start":{"line":83,"column":24},"end":{"line":83,"column":26}},"39":{"start":{"line":84,"column":27},"end":{"line":84,"column":29}},"40":{"start":{"line":85,"column":2},"end":{"line":85,"column":19}},"41":{"start":{"line":87,"column":2},"end":{"line":107,"column":5}},"42":{"start":{"line":88,"column":4},"end":{"line":106,"column":5}},"43":{"start":{"line":93,"column":6},"end":{"line":95,"column":7}},"44":{"start":{"line":94,"column":8},"end":{"line":94,"column":47}},"45":{"start":{"line":96,"column":21},"end":{"line":102,"column":7}},"46":{"start":{"line":103,"column":6},"end":{"line":103,"column":64}},"47":{"start":{"line":104,"column":6},"end":{"line":104,"column":70}},"48":{"start":{"line":105,"column":6},"end":{"line":105,"column":33}},"49":{"start":{"line":108,"column":2},"end":{"line":112,"column":5}},"50":{"start":{"line":116,"column":16},"end":{"line":116,"column":41}},"51":{"start":{"line":117,"column":2},"end":{"line":117,"column":60}},"52":{"start":{"line":119,"column":2},"end":{"line":119,"column":53}},"53":{"start":{"line":120,"column":2},"end":{"line":120,"column":53}},"54":{"start":{"line":121,"column":2},"end":{"line":121,"column":44}},"55":{"start":{"line":122,"column":2},"end":{"line":122,"column":57}},"56":{"start":{"line":123,"column":2},"end":{"line":123,"column":56}},"57":{"start":{"line":124,"column":2},"end":{"line":124,"column":16}},"58":{"start":{"line":125,"column":2},"end":{"line":125,"column":17}},"59":{"start":{"line":128,"column":0},"end":{"line":205,"column":3}},"60":{"start":{"line":129,"column":15},"end":{"line":140,"column":3}},"61":{"start":{"line":143,"column":17},"end":{"line":202,"column":3}},"62":{"start":{"line":190,"column":14},"end":{"line":190,"column":86}},"63":{"start":{"line":204,"column":18},"end":{"line":204,"column":71}},"64":{"start":{"line":208,"column":18},"end":{"line":232,"column":1}},"65":{"start":{"line":216,"column":8},"end":{"line":216,"column":13}},"66":{"start":{"line":217,"column":4},"end":{"line":217,"column":55}},"67":{"start":{"line":218,"column":4},"end":{"line":218,"column":55}},"68":{"start":{"line":219,"column":4},"end":{"line":219,"column":79}},"69":{"start":{"line":219,"column":68},"end":{"line":219,"column":79}},"70":{"start":{"line":221,"column":4},"end":{"line":221,"column":20}},"71":{"start":{"line":222,"column":4},"end":{"line":222,"column":22}},"72":{"start":{"line":223,"column":4},"end":{"line":223,"column":46}},"73":{"start":{"line":225,"column":4},"end":{"line":225,"column":28}},"74":{"start":{"line":228,"column":4},"end":{"line":228,"column":52}},"75":{"start":{"line":229,"column":4},"end":{"line":229,"column":55}},"76":{"start":{"line":230,"column":4},"end":{"line":230,"column":17}},"77":{"start":{"line":234,"column":21},"end":{"line":252,"column":1}},"78":{"start":{"line":242,"column":8},"end":{"line":242,"column":13}},"79":{"start":{"line":243,"column":4},"end":{"line":243,"column":15}},"80":{"start":{"line":244,"column":4},"end":{"line":244,"column":40}},"81":{"start":{"line":245,"column":4},"end":{"line":245,"column":28}},"82":{"start":{"line":246,"column":4},"end":{"line":246,"column":32}},"83":{"start":{"line":247,"column":4},"end":{"line":249,"column":7}},"84":{"start":{"line":248,"column":6},"end":{"line":248,"column":76}},"85":{"start":{"line":250,"column":4},"end":{"line":250,"column":18}},"86":{"start":{"line":253,"column":0},"end":{"line":253,"column":77}}},"fnMap":{"0":{"name":"(anonymous_0)","decl":{"start":{"line":33,"column":46},"end":{"line":33,"column":47}},"loc":{"start":{"line":33,"column":57},"end":{"line":40,"column":3}},"line":33},"1":{"name":"(anonymous_1)","decl":{"start":{"line":34,"column":38},"end":{"line":34,"column":39}},"loc":{"start":{"line":34,"column":44},"end":{"line":39,"column":3}},"line":34},"2":{"name":"(anonymous_2)","decl":{"start":{"line":42,"column":48},"end":{"line":42,"column":49}},"loc":{"start":{"line":42,"column":59},"end":{"line":49,"column":3}},"line":42},"3":{"name":"(anonymous_3)","decl":{"start":{"line":43,"column":38},"end":{"line":43,"column":39}},"loc":{"start":{"line":43,"column":44},"end":{"line":48,"column":3}},"line":43},"4":{"name":"updateTimeChart","decl":{"start":{"line":51,"column":9},"end":{"line":51,"column":24}},"loc":{"start":{"line":51,"column":48},"end":{"line":55,"column":1}},"line":51},"5":{"name":"(anonymous_5)","decl":{"start":{"line":57,"column":35},"end":{"line":57,"column":36}},"loc":{"start":{"line":57,"column":58},"end":{"line":63,"column":1}},"line":57},"6":{"name":"sortData","decl":{"start":{"line":65,"column":9},"end":{"line":65,"column":17}},"loc":{"start":{"line":65,"column":24},"end":{"line":79,"column":1}},"line":65},"7":{"name":"(anonymous_7)","decl":{"start":{"line":66,"column":12},"end":{"line":66,"column":13}},"loc":{"start":{"line":66,"column":22},"end":{"line":77,"column":3}},"line":66},"8":{"name":"makeTasksFromData","decl":{"start":{"line":82,"column":9},"end":{"line":82,"column":26}},"loc":{"start":{"line":82,"column":37},"end":{"line":113,"column":1}},"line":82},"9":{"name":"(anonymous_9)","decl":{"start":{"line":87,"column":19},"end":{"line":87,"column":20}},"loc":{"start":{"line":87,"column":29},"end":{"line":107,"column":3}},"line":87},"10":{"name":"updateChart","decl":{"start":{"line":115,"column":9},"end":{"line":115,"column":20}},"loc":{"start":{"line":115,"column":67},"end":{"line":126,"column":1}},"line":115},"11":{"name":"(anonymous_11)","decl":{"start":{"line":128,"column":46},"end":{"line":128,"column":47}},"loc":{"start":{"line":128,"column":58},"end":{"line":205,"column":1}},"line":128},"12":{"name":"(anonymous_12)","decl":{"start":{"line":189,"column":19},"end":{"line":189,"column":20}},"loc":{"start":{"line":189,"column":42},"end":{"line":191,"column":13}},"line":189},"13":{"name":"(anonymous_13)","decl":{"start":{"line":211,"column":2},"end":{"line":211,"column":3}},"loc":{"start":{"line":211,"column":27},"end":{"line":231,"column":3}},"line":211},"14":{"name":"(anonymous_14)","decl":{"start":{"line":236,"column":2},"end":{"line":236,"column":3}},"loc":{"start":{"line":236,"column":27},"end":{"line":251,"column":3}},"line":236},"15":{"name":"(anonymous_15)","decl":{"start":{"line":247,"column":34},"end":{"line":247,"column":35}},"loc":{"start":{"line":247,"column":56},"end":{"line":249,"column":5}},"line":247}},"branchMap":{"0":{"loc":{"start":{"line":69,"column":4},"end":{"line":76,"column":5}},"type":"if","locations":[{"start":{"line":69,"column":4},"end":{"line":76,"column":5}},{"start":{"line":71,"column":11},"end":{"line":76,"column":5}}],"line":69},"1":{"loc":{"start":{"line":88,"column":4},"end":{"line":106,"column":5}},"type":"if","locations":[{"start":{"line":88,"column":4},"end":{"line":106,"column":5}},{"start":{},"end":{}}],"line":88},"2":{"loc":{"start":{"line":89,"column":6},"end":{"line":91,"column":50}},"type":"binary-expr","locations":[{"start":{"line":89,"column":6},"end":{"line":89,"column":42}},{"start":{"line":90,"column":6},"end":{"line":90,"column":38}},{"start":{"line":91,"column":6},"end":{"line":91,"column":50}}],"line":89},"3":{"loc":{"start":{"line":93,"column":6},"end":{"line":95,"column":7}},"type":"if","locations":[{"start":{"line":93,"column":6},"end":{"line":95,"column":7}},{"start":{},"end":{}}],"line":93},"4":{"loc":{"start":{"line":93,"column":10},"end":{"line":93,"column":103}},"type":"binary-expr","locations":[{"start":{"line":93,"column":10},"end":{"line":93,"column":49}},{"start":{"line":93,"column":53},"end":{"line":93,"column":103}}],"line":93},"5":{"loc":{"start":{"line":219,"column":4},"end":{"line":219,"column":79}},"type":"if","locations":[{"start":{"line":219,"column":4},"end":{"line":219,"column":79}},{"start":{},"end":{}}],"line":219},"6":{"loc":{"start":{"line":219,"column":8},"end":{"line":219,"column":66}},"type":"binary-expr","locations":[{"start":{"line":219,"column":8},"end":{"line":219,"column":35}},{"start":{"line":219,"column":39},"end":{"line":219,"column":66}}],"line":219}},"s":{"0":3,"1":3,"2":3,"3":3,"4":3,"5":3,"6":3,"7":3,"8":3,"9":3,"10":3,"11":0,"12":0,"13":0,"14":0,"15":0,"16":3,"17":0,"18":0,"19":0,"20":0,"21":0,"22":1,"23":1,"24":1,"25":3,"26":0,"27":0,"28":0,"29":0,"30":1,"31":6,"32":6,"33":5,"34":1,"35":1,"36":1,"37":1,"38":1,"39":1,"40":1,"41":1,"42":2,"43":2,"44":2,"45":2,"46":2,"47":2,"48":2,"49":1,"50":1,"51":1,"52":1,"53":1,"54":1,"55":1,"56":1,"57":1,"58":1,"59":3,"60":0,"61":0,"62":0,"63":0,"64":3,"65":0,"66":0,"67":0,"68":0,"69":0,"70":0,"71":0,"72":0,"73":0,"74":0,"75":0,"76":0,"77":3,"78":0,"79":0,"80":0,"81":0,"82":0,"83":0,"84":0,"85":0,"86":3},"f":{"0":0,"1":0,"2":0,"3":0,"4":1,"5":0,"6":1,"7":6,"8":1,"9":2,"10":1,"11":0,"12":0,"13":0,"14":0,"15":0},"b":{"0":[5,1],"1":[2,0],"2":[2,2,2],"3":[2,0],"4":[2,2],"5":[0,0],"6":[0,0]},"_coverageSchema":"1a1c01bbd47fc00a2c39e90264f33305004495a9","hash":"c04520c0b364bc3bd2ca48ae07361062985c6463"}
,"C:\\Users\\fiske\\Documents\\GitHub\\P2_main\\scripts\\logbook.js": {"path":"C:\\Users\\fiske\\Documents\\GitHub\\P2_main\\scripts\\logbook.js","statementMap":{"0":{"start":{"line":1,"column":22},"end":{"line":1,"column":77}},"1":{"start":{"line":3,"column":22},"end":{"line":3,"column":62}},"2":{"start":{"line":4,"column":23},"end":{"line":4,"column":61}},"3":{"start":{"line":5,"column":24},"end":{"line":5,"column":67}},"4":{"start":{"line":6,"column":27},"end":{"line":6,"column":92}},"5":{"start":{"line":7,"column":35},"end":{"line":7,"column":100}},"6":{"start":{"line":8,"column":32},"end":{"line":8,"column":78}},"7":{"start":{"line":9,"column":29},"end":{"line":9,"column":82}},"8":{"start":{"line":10,"column":30},"end":{"line":10,"column":60}},"9":{"start":{"line":12,"column":0},"end":{"line":27,"column":3}},"10":{"start":{"line":13,"column":19},"end":{"line":13,"column":41}},"11":{"start":{"line":14,"column":2},"end":{"line":14,"column":24}},"12":{"start":{"line":15,"column":2},"end":{"line":20,"column":5}},"13":{"start":{"line":16,"column":26},"end":{"line":16,"column":81}},"14":{"start":{"line":17,"column":4},"end":{"line":19,"column":5}},"15":{"start":{"line":18,"column":6},"end":{"line":18,"column":27}},"16":{"start":{"line":21,"column":2},"end":{"line":23,"column":3}},"17":{"start":{"line":22,"column":4},"end":{"line":22,"column":58}},"18":{"start":{"line":24,"column":2},"end":{"line":26,"column":5}},"19":{"start":{"line":25,"column":4},"end":{"line":25,"column":34}},"20":{"start":{"line":29,"column":0},"end":{"line":41,"column":3}},"21":{"start":{"line":30,"column":2},"end":{"line":40,"column":3}},"22":{"start":{"line":31,"column":4},"end":{"line":37,"column":7}},"23":{"start":{"line":39,"column":4},"end":{"line":39,"column":25}},"24":{"start":{"line":43,"column":0},"end":{"line":54,"column":3}},"25":{"start":{"line":44,"column":2},"end":{"line":44,"column":25}},"26":{"start":{"line":46,"column":23},"end":{"line":49,"column":3}},"27":{"start":{"line":50,"column":24},"end":{"line":50,"column":64}},"28":{"start":{"line":51,"column":27},"end":{"line":51,"column":85}},"29":{"start":{"line":52,"column":2},"end":{"line":52,"column":61}},"30":{"start":{"line":53,"column":2},"end":{"line":53,"column":24}},"31":{"start":{"line":57,"column":14},"end":{"line":57,"column":43}},"32":{"start":{"line":58,"column":2},"end":{"line":58,"column":26}},"33":{"start":{"line":60,"column":20},"end":{"line":60,"column":49}},"34":{"start":{"line":61,"column":19},"end":{"line":61,"column":35}},"35":{"start":{"line":62,"column":17},"end":{"line":62,"column":41}},"36":{"start":{"line":63,"column":20},"end":{"line":63,"column":50}},"37":{"start":{"line":64,"column":20},"end":{"line":64,"column":43}},"38":{"start":{"line":66,"column":2},"end":{"line":66,"column":41}},"39":{"start":{"line":67,"column":2},"end":{"line":67,"column":23}},"40":{"start":{"line":68,"column":2},"end":{"line":68,"column":25}},"41":{"start":{"line":70,"column":2},"end":{"line":70,"column":34}},"42":{"start":{"line":71,"column":2},"end":{"line":71,"column":32}},"43":{"start":{"line":72,"column":2},"end":{"line":72,"column":35}},"44":{"start":{"line":73,"column":2},"end":{"line":73,"column":29}},"45":{"start":{"line":74,"column":2},"end":{"line":74,"column":29}},"46":{"start":{"line":76,"column":2},"end":{"line":76,"column":46}},"47":{"start":{"line":77,"column":2},"end":{"line":77,"column":38}},"48":{"start":{"line":78,"column":2},"end":{"line":78,"column":44}},"49":{"start":{"line":80,"column":2},"end":{"line":80,"column":13}},"50":{"start":{"line":84,"column":19},"end":{"line":84,"column":50}},"51":{"start":{"line":85,"column":2},"end":{"line":85,"column":29}},"52":{"start":{"line":86,"column":2},"end":{"line":86,"column":18}},"53":{"start":{"line":90,"column":17},"end":{"line":90,"column":45}},"54":{"start":{"line":91,"column":2},"end":{"line":91,"column":28}},"55":{"start":{"line":92,"column":2},"end":{"line":92,"column":16}},"56":{"start":{"line":96,"column":20},"end":{"line":96,"column":47}},"57":{"start":{"line":97,"column":2},"end":{"line":97,"column":31}},"58":{"start":{"line":98,"column":2},"end":{"line":98,"column":19}},"59":{"start":{"line":102,"column":20},"end":{"line":102,"column":51}},"60":{"start":{"line":103,"column":2},"end":{"line":103,"column":29}},"61":{"start":{"line":104,"column":2},"end":{"line":104,"column":28}},"62":{"start":{"line":105,"column":2},"end":{"line":108,"column":5}},"63":{"start":{"line":106,"column":4},"end":{"line":106,"column":23}},"64":{"start":{"line":107,"column":4},"end":{"line":107,"column":26}},"65":{"start":{"line":109,"column":2},"end":{"line":109,"column":19}},"66":{"start":{"line":114,"column":2},"end":{"line":117,"column":5}},"67":{"start":{"line":115,"column":4},"end":{"line":115,"column":28}},"68":{"start":{"line":116,"column":4},"end":{"line":116,"column":55}},"69":{"start":{"line":120,"column":2},"end":{"line":129,"column":5}},"70":{"start":{"line":121,"column":4},"end":{"line":121,"column":27}},"71":{"start":{"line":122,"column":18},"end":{"line":122,"column":30}},"72":{"start":{"line":123,"column":4},"end":{"line":123,"column":23}},"73":{"start":{"line":124,"column":4},"end":{"line":124,"column":42}},"74":{"start":{"line":125,"column":4},"end":{"line":125,"column":40}},"75":{"start":{"line":126,"column":4},"end":{"line":126,"column":43}},"76":{"start":{"line":127,"column":4},"end":{"line":127,"column":23}},"77":{"start":{"line":128,"column":4},"end":{"line":128,"column":26}},"78":{"start":{"line":133,"column":2},"end":{"line":135,"column":5}},"79":{"start":{"line":134,"column":4},"end":{"line":134,"column":28}},"80":{"start":{"line":139,"column":19},"end":{"line":139,"column":53}},"81":{"start":{"line":140,"column":2},"end":{"line":140,"column":39}},"82":{"start":{"line":141,"column":2},"end":{"line":141,"column":32}},"83":{"start":{"line":143,"column":2},"end":{"line":148,"column":5}},"84":{"start":{"line":144,"column":4},"end":{"line":147,"column":5}},"85":{"start":{"line":145,"column":6},"end":{"line":145,"column":43}},"86":{"start":{"line":146,"column":6},"end":{"line":146,"column":36}},"87":{"start":{"line":149,"column":2},"end":{"line":152,"column":5}},"88":{"start":{"line":150,"column":4},"end":{"line":150,"column":41}},"89":{"start":{"line":151,"column":4},"end":{"line":151,"column":34}},"90":{"start":{"line":156,"column":32},"end":{"line":156,"column":61}},"91":{"start":{"line":157,"column":27},"end":{"line":157,"column":54}},"92":{"start":{"line":159,"column":2},"end":{"line":159,"column":45}},"93":{"start":{"line":160,"column":2},"end":{"line":160,"column":64}},"94":{"start":{"line":162,"column":2},"end":{"line":162,"column":53}},"95":{"start":{"line":163,"column":2},"end":{"line":163,"column":50}},"96":{"start":{"line":164,"column":2},"end":{"line":164,"column":50}},"97":{"start":{"line":166,"column":2},"end":{"line":166,"column":51}},"98":{"start":{"line":170,"column":32},"end":{"line":170,"column":63}},"99":{"start":{"line":171,"column":2},"end":{"line":171,"column":40}},"100":{"start":{"line":172,"column":2},"end":{"line":172,"column":41}},"101":{"start":{"line":173,"column":2},"end":{"line":190,"column":5}},"102":{"start":{"line":174,"column":4},"end":{"line":174,"column":27}},"103":{"start":{"line":175,"column":4},"end":{"line":175,"column":28}},"104":{"start":{"line":176,"column":21},"end":{"line":182,"column":6}},"105":{"start":{"line":183,"column":4},"end":{"line":189,"column":5}},"106":{"start":{"line":184,"column":19},"end":{"line":184,"column":40}},"107":{"start":{"line":185,"column":6},"end":{"line":185,"column":24}},"108":{"start":{"line":186,"column":6},"end":{"line":186,"column":37}},"109":{"start":{"line":188,"column":6},"end":{"line":188,"column":27}},"110":{"start":{"line":191,"column":2},"end":{"line":191,"column":59}},"111":{"start":{"line":194,"column":27},"end":{"line":194,"column":29}},"112":{"start":{"line":195,"column":25},"end":{"line":195,"column":27}},"113":{"start":{"line":196,"column":28},"end":{"line":196,"column":30}},"114":{"start":{"line":199,"column":2},"end":{"line":223,"column":5}},"115":{"start":{"line":200,"column":4},"end":{"line":200,"column":27}},"116":{"start":{"line":201,"column":22},"end":{"line":201,"column":46}},"117":{"start":{"line":202,"column":21},"end":{"line":207,"column":6}},"118":{"start":{"line":208,"column":4},"end":{"line":222,"column":5}},"119":{"start":{"line":209,"column":19},"end":{"line":209,"column":40}},"120":{"start":{"line":211,"column":6},"end":{"line":211,"column":29}},"121":{"start":{"line":212,"column":6},"end":{"line":212,"column":66}},"122":{"start":{"line":214,"column":6},"end":{"line":214,"column":45}},"123":{"start":{"line":215,"column":6},"end":{"line":215,"column":39}},"124":{"start":{"line":216,"column":6},"end":{"line":219,"column":9}},"125":{"start":{"line":217,"column":8},"end":{"line":217,"column":49}},"126":{"start":{"line":218,"column":8},"end":{"line":218,"column":39}},"127":{"start":{"line":221,"column":6},"end":{"line":221,"column":27}},"128":{"start":{"line":226,"column":2},"end":{"line":226,"column":26}},"129":{"start":{"line":227,"column":2},"end":{"line":227,"column":29}},"130":{"start":{"line":228,"column":2},"end":{"line":228,"column":28}},"131":{"start":{"line":230,"column":2},"end":{"line":236,"column":3}},"132":{"start":{"line":231,"column":4},"end":{"line":235,"column":7}},"133":{"start":{"line":232,"column":6},"end":{"line":232,"column":62}},"134":{"start":{"line":233,"column":6},"end":{"line":233,"column":58}},"135":{"start":{"line":234,"column":6},"end":{"line":234,"column":64}},"136":{"start":{"line":239,"column":20},"end":{"line":239,"column":67}},"137":{"start":{"line":240,"column":2},"end":{"line":242,"column":5}},"138":{"start":{"line":241,"column":4},"end":{"line":241,"column":19}},"139":{"start":{"line":245,"column":2},"end":{"line":248,"column":3}},"140":{"start":{"line":246,"column":4},"end":{"line":246,"column":47}},"141":{"start":{"line":247,"column":4},"end":{"line":247,"column":22}},"142":{"start":{"line":250,"column":18},"end":{"line":250,"column":47}},"143":{"start":{"line":251,"column":26},"end":{"line":251,"column":54}},"144":{"start":{"line":253,"column":2},"end":{"line":253,"column":34}},"145":{"start":{"line":254,"column":2},"end":{"line":254,"column":22}},"146":{"start":{"line":255,"column":2},"end":{"line":255,"column":50}},"147":{"start":{"line":257,"column":2},"end":{"line":257,"column":39}},"148":{"start":{"line":259,"column":2},"end":{"line":289,"column":3}},"149":{"start":{"line":260,"column":4},"end":{"line":288,"column":7}},"150":{"start":{"line":261,"column":31},"end":{"line":261,"column":60}},"151":{"start":{"line":262,"column":34},"end":{"line":262,"column":63}},"152":{"start":{"line":263,"column":27},"end":{"line":263,"column":58}},"153":{"start":{"line":264,"column":25},"end":{"line":264,"column":53}},"154":{"start":{"line":265,"column":28},"end":{"line":265,"column":59}},"155":{"start":{"line":266,"column":28},"end":{"line":266,"column":55}},"156":{"start":{"line":268,"column":6},"end":{"line":268,"column":43}},"157":{"start":{"line":269,"column":6},"end":{"line":269,"column":34}},"158":{"start":{"line":270,"column":6},"end":{"line":270,"column":36}},"159":{"start":{"line":271,"column":6},"end":{"line":271,"column":37}},"160":{"start":{"line":272,"column":6},"end":{"line":272,"column":37}},"161":{"start":{"line":274,"column":6},"end":{"line":274,"column":62}},"162":{"start":{"line":275,"column":6},"end":{"line":275,"column":62}},"163":{"start":{"line":277,"column":6},"end":{"line":279,"column":7}},"164":{"start":{"line":278,"column":8},"end":{"line":278,"column":36}},"165":{"start":{"line":280,"column":6},"end":{"line":280,"column":59}},"166":{"start":{"line":282,"column":6},"end":{"line":282,"column":52}},"167":{"start":{"line":283,"column":6},"end":{"line":283,"column":50}},"168":{"start":{"line":284,"column":6},"end":{"line":284,"column":53}},"169":{"start":{"line":285,"column":6},"end":{"line":285,"column":56}},"170":{"start":{"line":286,"column":6},"end":{"line":286,"column":50}},"171":{"start":{"line":287,"column":6},"end":{"line":287,"column":44}},"172":{"start":{"line":290,"column":2},"end":{"line":290,"column":61}},"173":{"start":{"line":291,"column":2},"end":{"line":291,"column":50}},"174":{"start":{"line":295,"column":2},"end":{"line":295,"column":54}},"175":{"start":{"line":297,"column":2},"end":{"line":314,"column":5}},"176":{"start":{"line":298,"column":28},"end":{"line":298,"column":62}},"177":{"start":{"line":299,"column":4},"end":{"line":299,"column":51}},"178":{"start":{"line":300,"column":4},"end":{"line":300,"column":44}},"179":{"start":{"line":302,"column":4},"end":{"line":308,"column":7}},"180":{"start":{"line":303,"column":6},"end":{"line":307,"column":7}},"181":{"start":{"line":304,"column":8},"end":{"line":304,"column":55}},"182":{"start":{"line":305,"column":8},"end":{"line":305,"column":48}},"183":{"start":{"line":306,"column":8},"end":{"line":306,"column":59}},"184":{"start":{"line":309,"column":4},"end":{"line":313,"column":7}},"185":{"start":{"line":310,"column":6},"end":{"line":310,"column":53}},"186":{"start":{"line":311,"column":6},"end":{"line":311,"column":46}},"187":{"start":{"line":312,"column":6},"end":{"line":312,"column":57}},"188":{"start":{"line":315,"column":2},"end":{"line":315,"column":60}},"189":{"start":{"line":316,"column":2},"end":{"line":333,"column":5}},"190":{"start":{"line":317,"column":31},"end":{"line":317,"column":65}},"191":{"start":{"line":318,"column":4},"end":{"line":318,"column":57}},"192":{"start":{"line":319,"column":4},"end":{"line":319,"column":50}},"193":{"start":{"line":321,"column":4},"end":{"line":327,"column":7}},"194":{"start":{"line":322,"column":6},"end":{"line":326,"column":7}},"195":{"start":{"line":323,"column":8},"end":{"line":323,"column":61}},"196":{"start":{"line":324,"column":8},"end":{"line":324,"column":54}},"197":{"start":{"line":325,"column":8},"end":{"line":325,"column":65}},"198":{"start":{"line":328,"column":4},"end":{"line":332,"column":7}},"199":{"start":{"line":329,"column":6},"end":{"line":329,"column":59}},"200":{"start":{"line":330,"column":6},"end":{"line":330,"column":52}},"201":{"start":{"line":331,"column":6},"end":{"line":331,"column":63}},"202":{"start":{"line":336,"column":22},"end":{"line":336,"column":53}},"203":{"start":{"line":337,"column":2},"end":{"line":337,"column":30}},"204":{"start":{"line":338,"column":2},"end":{"line":338,"column":37}},"205":{"start":{"line":340,"column":2},"end":{"line":362,"column":5}},"206":{"start":{"line":341,"column":4},"end":{"line":341,"column":27}},"207":{"start":{"line":342,"column":24},"end":{"line":347,"column":5}},"208":{"start":{"line":348,"column":4},"end":{"line":348,"column":29}},"209":{"start":{"line":349,"column":21},"end":{"line":355,"column":6}},"210":{"start":{"line":356,"column":4},"end":{"line":361,"column":5}},"211":{"start":{"line":357,"column":19},"end":{"line":357,"column":40}},"212":{"start":{"line":358,"column":6},"end":{"line":358,"column":24}},"213":{"start":{"line":360,"column":6},"end":{"line":360,"column":27}},"214":{"start":{"line":363,"column":2},"end":{"line":363,"column":35}},"215":{"start":{"line":365,"column":0},"end":{"line":365,"column":106}}},"fnMap":{"0":{"name":"(anonymous_0)","decl":{"start":{"line":12,"column":42},"end":{"line":12,"column":43}},"loc":{"start":{"line":12,"column":53},"end":{"line":27,"column":1}},"line":12},"1":{"name":"(anonymous_1)","decl":{"start":{"line":15,"column":16},"end":{"line":15,"column":17}},"loc":{"start":{"line":15,"column":26},"end":{"line":20,"column":3}},"line":15},"2":{"name":"(anonymous_2)","decl":{"start":{"line":24,"column":19},"end":{"line":24,"column":20}},"loc":{"start":{"line":24,"column":37},"end":{"line":26,"column":3}},"line":24},"3":{"name":"(anonymous_3)","decl":{"start":{"line":29,"column":40},"end":{"line":29,"column":41}},"loc":{"start":{"line":29,"column":57},"end":{"line":41,"column":1}},"line":29},"4":{"name":"(anonymous_4)","decl":{"start":{"line":43,"column":50},"end":{"line":43,"column":51}},"loc":{"start":{"line":43,"column":61},"end":{"line":54,"column":1}},"line":43},"5":{"name":"createLogbookEntry","decl":{"start":{"line":56,"column":9},"end":{"line":56,"column":27}},"loc":{"start":{"line":56,"column":55},"end":{"line":81,"column":1}},"line":56},"6":{"name":"createCheckbox","decl":{"start":{"line":83,"column":9},"end":{"line":83,"column":23}},"loc":{"start":{"line":83,"column":26},"end":{"line":87,"column":1}},"line":83},"7":{"name":"createHeader","decl":{"start":{"line":89,"column":9},"end":{"line":89,"column":21}},"loc":{"start":{"line":89,"column":28},"end":{"line":93,"column":1}},"line":89},"8":{"name":"createParagraph","decl":{"start":{"line":95,"column":9},"end":{"line":95,"column":24}},"loc":{"start":{"line":95,"column":31},"end":{"line":99,"column":1}},"line":95},"9":{"name":"createDeleteButton","decl":{"start":{"line":101,"column":9},"end":{"line":101,"column":27}},"loc":{"start":{"line":101,"column":39},"end":{"line":110,"column":1}},"line":101},"10":{"name":"(anonymous_10)","decl":{"start":{"line":105,"column":38},"end":{"line":105,"column":39}},"loc":{"start":{"line":105,"column":44},"end":{"line":108,"column":3}},"line":105},"11":{"name":"tempBoxEventlistener","decl":{"start":{"line":113,"column":9},"end":{"line":113,"column":29}},"loc":{"start":{"line":113,"column":51},"end":{"line":118,"column":1}},"line":113},"12":{"name":"(anonymous_12)","decl":{"start":{"line":114,"column":41},"end":{"line":114,"column":42}},"loc":{"start":{"line":114,"column":52},"end":{"line":117,"column":3}},"line":114},"13":{"name":"deleteBtnTempContainer","decl":{"start":{"line":119,"column":9},"end":{"line":119,"column":31}},"loc":{"start":{"line":119,"column":58},"end":{"line":130,"column":1}},"line":119},"14":{"name":"(anonymous_14)","decl":{"start":{"line":120,"column":42},"end":{"line":120,"column":43}},"loc":{"start":{"line":120,"column":59},"end":{"line":129,"column":3}},"line":120},"15":{"name":"makeEditable","decl":{"start":{"line":132,"column":9},"end":{"line":132,"column":21}},"loc":{"start":{"line":132,"column":31},"end":{"line":136,"column":1}},"line":132},"16":{"name":"(anonymous_16)","decl":{"start":{"line":133,"column":36},"end":{"line":133,"column":37}},"loc":{"start":{"line":133,"column":42},"end":{"line":135,"column":3}},"line":133},"17":{"name":"createTextArea","decl":{"start":{"line":138,"column":9},"end":{"line":138,"column":23}},"loc":{"start":{"line":138,"column":33},"end":{"line":153,"column":1}},"line":138},"18":{"name":"(anonymous_18)","decl":{"start":{"line":143,"column":40},"end":{"line":143,"column":41}},"loc":{"start":{"line":143,"column":51},"end":{"line":148,"column":3}},"line":143},"19":{"name":"(anonymous_19)","decl":{"start":{"line":149,"column":40},"end":{"line":149,"column":41}},"loc":{"start":{"line":149,"column":51},"end":{"line":152,"column":3}},"line":149},"20":{"name":"makeLogbookList","decl":{"start":{"line":155,"column":9},"end":{"line":155,"column":24}},"loc":{"start":{"line":155,"column":38},"end":{"line":167,"column":1}},"line":155},"21":{"name":"makeDeleteBtnLogbookEntry","decl":{"start":{"line":169,"column":9},"end":{"line":169,"column":34}},"loc":{"start":{"line":169,"column":58},"end":{"line":192,"column":1}},"line":169},"22":{"name":"(anonymous_22)","decl":{"start":{"line":173,"column":50},"end":{"line":173,"column":51}},"loc":{"start":{"line":173,"column":67},"end":{"line":190,"column":3}},"line":173},"23":{"name":"makeLogbookEntryClickable","decl":{"start":{"line":198,"column":9},"end":{"line":198,"column":34}},"loc":{"start":{"line":198,"column":58},"end":{"line":224,"column":1}},"line":198},"24":{"name":"(anonymous_24)","decl":{"start":{"line":199,"column":50},"end":{"line":199,"column":51}},"loc":{"start":{"line":199,"column":67},"end":{"line":223,"column":3}},"line":199},"25":{"name":"(anonymous_25)","decl":{"start":{"line":216,"column":48},"end":{"line":216,"column":49}},"loc":{"start":{"line":216,"column":54},"end":{"line":219,"column":7}},"line":216},"26":{"name":"resetLogbookData","decl":{"start":{"line":225,"column":9},"end":{"line":225,"column":25}},"loc":{"start":{"line":225,"column":32},"end":{"line":237,"column":1}},"line":225},"27":{"name":"(anonymous_27)","decl":{"start":{"line":231,"column":32},"end":{"line":231,"column":33}},"loc":{"start":{"line":231,"column":55},"end":{"line":235,"column":5}},"line":231},"28":{"name":"fixContainerIndexes","decl":{"start":{"line":238,"column":9},"end":{"line":238,"column":28}},"loc":{"start":{"line":238,"column":31},"end":{"line":243,"column":1}},"line":238},"29":{"name":"(anonymous_29)","decl":{"start":{"line":240,"column":20},"end":{"line":240,"column":21}},"loc":{"start":{"line":240,"column":36},"end":{"line":242,"column":3}},"line":240},"30":{"name":"makeLogbookContainerDivContent","decl":{"start":{"line":244,"column":9},"end":{"line":244,"column":39}},"loc":{"start":{"line":244,"column":69},"end":{"line":292,"column":1}},"line":244},"31":{"name":"(anonymous_31)","decl":{"start":{"line":260,"column":32},"end":{"line":260,"column":33}},"loc":{"start":{"line":260,"column":51},"end":{"line":288,"column":5}},"line":260},"32":{"name":"makeEditAble","decl":{"start":{"line":294,"column":9},"end":{"line":294,"column":21}},"loc":{"start":{"line":294,"column":62},"end":{"line":334,"column":1}},"line":294},"33":{"name":"(anonymous_33)","decl":{"start":{"line":297,"column":39},"end":{"line":297,"column":40}},"loc":{"start":{"line":297,"column":45},"end":{"line":314,"column":3}},"line":297},"34":{"name":"(anonymous_34)","decl":{"start":{"line":302,"column":49},"end":{"line":302,"column":50}},"loc":{"start":{"line":302,"column":60},"end":{"line":308,"column":5}},"line":302},"35":{"name":"(anonymous_35)","decl":{"start":{"line":309,"column":49},"end":{"line":309,"column":50}},"loc":{"start":{"line":309,"column":60},"end":{"line":313,"column":5}},"line":309},"36":{"name":"(anonymous_36)","decl":{"start":{"line":316,"column":42},"end":{"line":316,"column":43}},"loc":{"start":{"line":316,"column":48},"end":{"line":333,"column":3}},"line":316},"37":{"name":"(anonymous_37)","decl":{"start":{"line":321,"column":52},"end":{"line":321,"column":53}},"loc":{"start":{"line":321,"column":63},"end":{"line":327,"column":5}},"line":321},"38":{"name":"(anonymous_38)","decl":{"start":{"line":328,"column":52},"end":{"line":328,"column":53}},"loc":{"start":{"line":328,"column":63},"end":{"line":332,"column":5}},"line":328},"39":{"name":"makeLogbookConainerSaveBtn","decl":{"start":{"line":335,"column":9},"end":{"line":335,"column":35}},"loc":{"start":{"line":335,"column":68},"end":{"line":364,"column":1}},"line":335},"40":{"name":"(anonymous_40)","decl":{"start":{"line":340,"column":40},"end":{"line":340,"column":41}},"loc":{"start":{"line":340,"column":57},"end":{"line":362,"column":3}},"line":340}},"branchMap":{"0":{"loc":{"start":{"line":17,"column":4},"end":{"line":19,"column":5}},"type":"if","locations":[{"start":{"line":17,"column":4},"end":{"line":19,"column":5}},{"start":{},"end":{}}],"line":17},"1":{"loc":{"start":{"line":144,"column":4},"end":{"line":147,"column":5}},"type":"if","locations":[{"start":{"line":144,"column":4},"end":{"line":147,"column":5}},{"start":{},"end":{}}],"line":144},"2":{"loc":{"start":{"line":230,"column":2},"end":{"line":236,"column":3}},"type":"if","locations":[{"start":{"line":230,"column":2},"end":{"line":236,"column":3}},{"start":{},"end":{}}],"line":230},"3":{"loc":{"start":{"line":245,"column":2},"end":{"line":248,"column":3}},"type":"if","locations":[{"start":{"line":245,"column":2},"end":{"line":248,"column":3}},{"start":{},"end":{}}],"line":245},"4":{"loc":{"start":{"line":259,"column":2},"end":{"line":289,"column":3}},"type":"if","locations":[{"start":{"line":259,"column":2},"end":{"line":289,"column":3}},{"start":{},"end":{}}],"line":259},"5":{"loc":{"start":{"line":277,"column":6},"end":{"line":279,"column":7}},"type":"if","locations":[{"start":{"line":277,"column":6},"end":{"line":279,"column":7}},{"start":{},"end":{}}],"line":277},"6":{"loc":{"start":{"line":303,"column":6},"end":{"line":307,"column":7}},"type":"if","locations":[{"start":{"line":303,"column":6},"end":{"line":307,"column":7}},{"start":{},"end":{}}],"line":303},"7":{"loc":{"start":{"line":322,"column":6},"end":{"line":326,"column":7}},"type":"if","locations":[{"start":{"line":322,"column":6},"end":{"line":326,"column":7}},{"start":{},"end":{}}],"line":322}},"s":{"0":2,"1":2,"2":2,"3":2,"4":2,"5":2,"6":2,"7":2,"8":2,"9":2,"10":0,"11":0,"12":0,"13":0,"14":0,"15":0,"16":0,"17":0,"18":0,"19":0,"20":2,"21":0,"22":0,"23":0,"24":2,"25":0,"26":0,"27":0,"28":0,"29":0,"30":0,"31":1,"32":1,"33":1,"34":1,"35":1,"36":1,"37":1,"38":1,"39":1,"40":1,"41":1,"42":1,"43":1,"44":1,"45":1,"46":1,"47":1,"48":1,"49":1,"50":1,"51":1,"52":1,"53":1,"54":1,"55":1,"56":1,"57":1,"58":1,"59":1,"60":1,"61":1,"62":1,"63":0,"64":0,"65":1,"66":1,"67":0,"68":0,"69":0,"70":0,"71":0,"72":0,"73":0,"74":0,"75":0,"76":0,"77":0,"78":2,"79":0,"80":0,"81":0,"82":0,"83":0,"84":0,"85":0,"86":0,"87":0,"88":0,"89":0,"90":0,"91":0,"92":0,"93":0,"94":0,"95":0,"96":0,"97":0,"98":1,"99":1,"100":1,"101":1,"102":1,"103":1,"104":1,"105":1,"106":1,"107":1,"108":1,"109":0,"110":1,"111":2,"112":2,"113":2,"114":0,"115":0,"116":0,"117":0,"118":0,"119":0,"120":0,"121":0,"122":0,"123":0,"124":0,"125":0,"126":0,"127":0,"128":0,"129":0,"130":0,"131":0,"132":0,"133":0,"134":0,"135":0,"136":0,"137":0,"138":0,"139":0,"140":0,"141":0,"142":0,"143":0,"144":0,"145":0,"146":0,"147":0,"148":0,"149":0,"150":0,"151":0,"152":0,"153":0,"154":0,"155":0,"156":0,"157":0,"158":0,"159":0,"160":0,"161":0,"162":0,"163":0,"164":0,"165":0,"166":0,"167":0,"168":0,"169":0,"170":0,"171":0,"172":0,"173":0,"174":0,"175":0,"176":0,"177":0,"178":0,"179":0,"180":0,"181":0,"182":0,"183":0,"184":0,"185":0,"186":0,"187":0,"188":0,"189":0,"190":0,"191":0,"192":0,"193":0,"194":0,"195":0,"196":0,"197":0,"198":0,"199":0,"200":0,"201":0,"202":0,"203":0,"204":0,"205":0,"206":0,"207":0,"208":0,"209":0,"210":0,"211":0,"212":0,"213":0,"214":0,"215":2},"f":{"0":0,"1":0,"2":0,"3":0,"4":0,"5":1,"6":1,"7":1,"8":1,"9":1,"10":0,"11":1,"12":0,"13":0,"14":0,"15":2,"16":0,"17":0,"18":0,"19":0,"20":0,"21":1,"22":1,"23":0,"24":0,"25":0,"26":0,"27":0,"28":0,"29":0,"30":0,"31":0,"32":0,"33":0,"34":0,"35":0,"36":0,"37":0,"38":0,"39":0,"40":0},"b":{"0":[0,0],"1":[0,0],"2":[0,0],"3":[0,0],"4":[0,0],"5":[0,0],"6":[0,0],"7":[0,0]},"_coverageSchema":"1a1c01bbd47fc00a2c39e90264f33305004495a9","hash":"6bdf04ff3b17c759f3caab0e4250f18779cf455d"}
}
