TN:
SF:routes\serverAssignee.js
FN:14,eventsHandlerAssignee
FN:32,(anonymous_1)
FN:40,(anonymous_2)
FN:42,(anonymous_3)
FN:46,(anonymous_4)
FN:49,(anonymous_5)
FN:62,sendAssigneeToAll
FN:63,(anonymous_7)
FN:68,(anonymous_8)
FNF:9
FNH:2
FNDA:0,eventsHandlerAssignee
FNDA:0,(anonymous_1)
FNDA:0,(anonymous_2)
FNDA:0,(anonymous_3)
FNDA:1,(anonymous_4)
FNDA:1,(anonymous_5)
FNDA:0,sendAssigneeToAll
FNDA:0,(anonymous_7)
FNDA:0,(anonymous_8)
DA:1,1
DA:2,1
DA:3,1
DA:4,1
DA:5,1
DA:7,1
DA:8,1
DA:10,1
DA:12,1
DA:15,0
DA:20,0
DA:22,0
DA:24,0
DA:28,0
DA:29,0
DA:32,0
DA:33,0
DA:34,0
DA:36,0
DA:40,0
DA:41,0
DA:42,0
DA:46,1
DA:47,1
DA:48,1
DA:49,1
DA:50,1
DA:51,0
DA:54,1
DA:61,1
DA:63,0
DA:64,0
DA:65,0
DA:66,0
DA:67,0
DA:68,0
DA:69,0
DA:74,1
DA:76,1
LF:39
LH:18
BRDA:33,0,0,0
BRDA:33,0,1,0
BRDA:50,1,0,0
BRDA:50,1,1,1
BRDA:64,2,0,0
BRDA:64,2,1,0
BRDA:66,3,0,0
BRDA:66,3,1,0
BRF:8
BRH:1
end_of_record
TN:
SF:routes\serverLogbook.js
FN:12,(anonymous_0)
FN:16,(anonymous_1)
FN:19,(anonymous_2)
FN:30,(anonymous_3)
FN:33,(anonymous_4)
FN:44,(anonymous_5)
FN:52,(anonymous_6)
FN:65,(anonymous_7)
FN:69,(anonymous_8)
FN:84,(anonymous_9)
FN:87,(anonymous_10)
FN:98,eventsHandlerLogbooks
FN:116,(anonymous_12)
FN:124,(anonymous_13)
FN:126,(anonymous_14)
FN:130,sendEventsToAlle
FN:131,(anonymous_16)
FN:136,(anonymous_17)
FNF:18
FNH:8
FNDA:0,(anonymous_0)
FNDA:1,(anonymous_1)
FNDA:1,(anonymous_2)
FNDA:1,(anonymous_3)
FNDA:1,(anonymous_4)
FNDA:0,(anonymous_5)
FNDA:0,(anonymous_6)
FNDA:1,(anonymous_7)
FNDA:1,(anonymous_8)
FNDA:1,(anonymous_9)
FNDA:1,(anonymous_10)
FNDA:0,eventsHandlerLogbooks
FNDA:0,(anonymous_12)
FNDA:0,(anonymous_13)
FNDA:0,(anonymous_14)
FNDA:0,sendEventsToAlle
FNDA:0,(anonymous_16)
FNDA:0,(anonymous_17)
DA:1,1
DA:2,1
DA:3,1
DA:4,1
DA:5,1
DA:7,1
DA:8,1
DA:10,1
DA:12,1
DA:13,0
DA:16,1
DA:17,1
DA:18,1
DA:19,1
DA:20,1
DA:21,0
DA:22,0
DA:24,1
DA:25,1
DA:30,1
DA:31,1
DA:32,1
DA:33,1
DA:34,1
DA:35,0
DA:36,0
DA:38,1
DA:39,1
DA:44,1
DA:45,0
DA:46,0
DA:47,0
DA:48,0
DA:53,0
DA:54,0
DA:55,0
DA:57,0
DA:58,0
DA:65,1
DA:66,1
DA:67,1
DA:69,1
DA:70,1
DA:72,0
DA:76,1
DA:84,1
DA:85,1
DA:86,1
DA:87,1
DA:88,1
DA:89,0
DA:92,1
DA:97,1
DA:99,0
DA:104,0
DA:106,0
DA:108,0
DA:112,0
DA:113,0
DA:116,0
DA:117,0
DA:118,0
DA:120,0
DA:124,0
DA:125,0
DA:126,0
DA:129,1
DA:131,0
DA:132,0
DA:133,0
DA:134,0
DA:135,0
DA:136,0
DA:137,0
DA:142,1
DA:144,1
LF:76
LH:40
BRDA:20,0,0,0
BRDA:20,0,1,1
BRDA:34,1,0,0
BRDA:34,1,1,1
BRDA:53,2,0,0
BRDA:53,2,1,0
BRDA:70,3,0,0
BRDA:70,3,1,1
BRDA:88,4,0,0
BRDA:88,4,1,1
BRDA:117,5,0,0
BRDA:117,5,1,0
BRDA:132,6,0,0
BRDA:132,6,1,0
BRDA:134,7,0,0
BRDA:134,7,1,0
BRF:16
BRH:4
end_of_record
TN:
SF:routes\serverTasks.js
FN:14,eventsHandler
FN:32,(anonymous_1)
FN:39,(anonymous_2)
FN:41,(anonymous_3)
FN:46,sendEventsToAll
FN:47,(anonymous_5)
FN:52,(anonymous_6)
FN:61,(anonymous_7)
FN:66,(anonymous_8)
FN:79,(anonymous_9)
FN:89,(anonymous_10)
FN:98,(anonymous_11)
FN:101,(anonymous_12)
FN:110,(anonymous_13)
FN:112,(anonymous_14)
FNF:15
FNH:8
FNDA:0,eventsHandler
FNDA:0,(anonymous_1)
FNDA:0,(anonymous_2)
FNDA:0,(anonymous_3)
FNDA:0,sendEventsToAll
FNDA:0,(anonymous_5)
FNDA:0,(anonymous_6)
FNDA:1,(anonymous_7)
FNDA:1,(anonymous_8)
FNDA:1,(anonymous_9)
FNDA:1,(anonymous_10)
FNDA:1,(anonymous_11)
FNDA:1,(anonymous_12)
FNDA:1,(anonymous_13)
FNDA:1,(anonymous_14)
DA:1,1
DA:2,1
DA:3,1
DA:4,1
DA:6,1
DA:7,1
DA:9,1
DA:11,1
DA:12,1
DA:15,0
DA:20,0
DA:22,0
DA:24,0
DA:28,0
DA:29,0
DA:32,0
DA:33,0
DA:34,0
DA:36,0
DA:39,0
DA:40,0
DA:41,0
DA:44,1
DA:47,0
DA:48,0
DA:49,0
DA:50,0
DA:51,0
DA:52,0
DA:53,0
DA:58,1
DA:61,1
DA:62,1
DA:63,1
DA:64,1
DA:66,1
DA:67,1
DA:68,0
DA:70,1
DA:79,1
DA:80,1
DA:81,1
DA:82,1
DA:85,1
DA:90,1
DA:91,0
DA:93,1
DA:98,1
DA:99,1
DA:100,1
DA:101,1
DA:102,1
DA:103,0
DA:105,1
DA:110,1
DA:111,1
DA:112,1
DA:113,1
DA:114,0
DA:116,1
DA:121,1
LF:61
LH:37
BRDA:33,0,0,0
BRDA:33,0,1,0
BRDA:48,1,0,0
BRDA:48,1,1,0
BRDA:50,2,0,0
BRDA:50,2,1,0
BRDA:67,3,0,0
BRDA:67,3,1,1
BRDA:90,4,0,0
BRDA:90,4,1,1
BRDA:102,5,0,0
BRDA:102,5,1,1
BRDA:113,6,0,0
BRDA:113,6,1,1
BRF:14
BRH:4
end_of_record
TN:
SF:scripts\assignee.js
FN:7,addNewAssignee
FN:29,getAssignees
FN:39,makeAssigneeSelect
FN:59,(anonymous_3)
FNF:4
FNH:3
FNDA:2,addNewAssignee
FNDA:0,getAssignees
FNDA:1,makeAssigneeSelect
FNDA:3,(anonymous_3)
DA:1,2
DA:3,2
DA:4,2
DA:6,2
DA:8,2
DA:9,2
DA:10,2
DA:13,2
DA:14,2
DA:21,2
DA:22,0
DA:24,2
DA:28,2
DA:29,2
DA:30,0
DA:31,0
DA:32,0
DA:33,0
DA:35,0
DA:40,1
DA:41,1
DA:42,1
DA:44,1
DA:45,1
DA:46,1
DA:47,1
DA:48,1
DA:50,1
DA:51,1
DA:52,1
DA:53,1
DA:55,1
DA:56,1
DA:57,1
DA:59,1
DA:60,3
DA:62,3
DA:63,3
DA:64,3
DA:65,3
DA:66,3
DA:67,3
DA:68,3
DA:69,3
DA:70,3
DA:72,0
DA:73,0
DA:74,0
DA:75,0
DA:79,1
DA:80,1
DA:81,1
DA:83,2
LF:53
LH:43
BRDA:30,0,0,0
BRDA:30,0,1,0
BRDA:30,1,0,0
BRDA:30,1,1,0
BRDA:32,2,0,0
BRDA:32,2,1,0
BRDA:40,3,0,1
BRDA:40,3,1,0
BRDA:62,4,0,3
BRDA:62,4,1,0
BRF:10
BRH:2
end_of_record
TN:
SF:scripts\backlog.js
FN:10,(anonymous_0)
FN:16,sortTasks
FN:17,(anonymous_2)
FN:18,(anonymous_3)
FN:31,createTasks
FN:35,(anonymous_5)
FN:57,makeTableHeader
FN:88,makeTableRow
FNF:8
FNH:7
FNDA:0,(anonymous_0)
FNDA:1,sortTasks
FNDA:3,(anonymous_2)
FNDA:4,(anonymous_3)
FNDA:1,createTasks
FNDA:1,(anonymous_5)
FNDA:3,makeTableHeader
FNDA:3,makeTableRow
DA:1,2
DA:2,2
DA:3,2
DA:4,2
DA:10,2
DA:11,0
DA:12,0
DA:13,0
DA:17,3
DA:18,1
DA:19,4
DA:20,4
DA:21,4
DA:23,0
DA:24,0
DA:25,0
DA:28,1
DA:32,1
DA:33,1
DA:35,1
DA:36,1
DA:37,0
DA:39,1
DA:40,1
DA:44,1
DA:45,0
DA:46,0
DA:48,1
DA:49,1
DA:51,1
DA:52,1
DA:53,0
DA:58,3
DA:59,3
DA:60,3
DA:61,3
DA:62,3
DA:63,3
DA:64,3
DA:65,3
DA:66,3
DA:68,3
DA:69,3
DA:70,3
DA:71,3
DA:72,3
DA:73,3
DA:74,3
DA:75,3
DA:77,3
DA:78,3
DA:79,3
DA:80,3
DA:81,3
DA:82,3
DA:83,3
DA:84,3
DA:85,3
DA:89,3
DA:90,3
DA:91,3
DA:92,3
DA:93,3
DA:94,3
DA:95,3
DA:96,3
DA:98,3
DA:99,3
DA:100,3
DA:101,3
DA:102,3
DA:103,3
DA:104,3
DA:105,3
DA:107,3
DA:108,3
DA:109,3
DA:110,3
DA:111,3
DA:112,3
DA:113,3
DA:114,3
DA:116,2
LF:83
LH:73
BRDA:20,0,0,4
BRDA:20,0,1,0
BRDA:36,1,0,0
BRDA:36,1,1,1
BRDA:44,2,0,0
BRDA:44,2,1,1
BRDA:52,3,0,0
BRDA:52,3,1,1
BRF:8
BRH:4
end_of_record
TN:
SF:scripts\board.js
FN:14,handleExpand
FN:17,(anonymous_1)
FN:44,(anonymous_2)
FN:60,(anonymous_3)
FN:62,(anonymous_4)
FN:63,(anonymous_5)
FN:66,(anonymous_6)
FN:71,handleServerSentEvent
FN:74,(anonymous_8)
FN:88,(anonymous_9)
FN:95,handleTaskCreation
FN:103,sortTasks
FN:104,(anonymous_12)
FN:114,handleCleanUpLists
FN:116,(anonymous_14)
FN:123,createTaskContainer
FN:144,createDeleteButton
FN:151,(anonymous_17)
FN:154,(anonymous_18)
FN:158,(anonymous_19)
FN:163,deleteEntry
FN:182,createEditButton
FN:191,createEditButtonEventListeners
FN:192,(anonymous_23)
FN:208,(anonymous_24)
FN:212,(anonymous_25)
FN:215,(anonymous_26)
FN:219,saveData
FN:236,createDescription
FN:254,(anonymous_29)
FN:265,(anonymous_30)
FN:292,makeTaskContainerDraggable
FN:294,(anonymous_32)
FN:297,(anonymous_33)
FN:302,createFormData
FN:324,createUpdatedData
FNF:36
FNH:20
FNDA:0,handleExpand
FNDA:0,(anonymous_1)
FNDA:0,(anonymous_2)
FNDA:0,(anonymous_3)
FNDA:0,(anonymous_4)
FNDA:0,(anonymous_5)
FNDA:0,(anonymous_6)
FNDA:0,handleServerSentEvent
FNDA:0,(anonymous_8)
FNDA:0,(anonymous_9)
FNDA:2,handleTaskCreation
FNDA:1,sortTasks
FNDA:4,(anonymous_12)
FNDA:1,handleCleanUpLists
FNDA:2,(anonymous_14)
FNDA:3,createTaskContainer
FNDA:7,createDeleteButton
FNDA:1,(anonymous_17)
FNDA:1,(anonymous_18)
FNDA:1,(anonymous_19)
FNDA:1,deleteEntry
FNDA:4,createEditButton
FNDA:3,createEditButtonEventListeners
FNDA:0,(anonymous_23)
FNDA:0,(anonymous_24)
FNDA:0,(anonymous_25)
FNDA:0,(anonymous_26)
FNDA:0,saveData
FNDA:4,createDescription
FNDA:0,(anonymous_29)
FNDA:1,(anonymous_30)
FNDA:2,makeTaskContainerDraggable
FNDA:1,(anonymous_32)
FNDA:1,(anonymous_33)
FNDA:1,createFormData
FNDA:1,createUpdatedData
DA:1,2
DA:2,2
DA:3,2
DA:4,2
DA:10,2
DA:12,2
DA:15,0
DA:16,0
DA:17,0
DA:18,0
DA:21,0
DA:22,0
DA:23,0
DA:30,0
DA:31,0
DA:33,0
DA:35,0
DA:36,0
DA:37,0
DA:38,0
DA:40,0
DA:44,0
DA:45,0
DA:46,0
DA:47,0
DA:48,0
DA:49,0
DA:50,0
DA:52,0
DA:53,0
DA:54,0
DA:60,2
DA:61,0
DA:62,0
DA:63,0
DA:64,0
DA:66,0
DA:70,2
DA:72,0
DA:74,0
DA:75,0
DA:76,0
DA:80,0
DA:83,0
DA:84,0
DA:86,0
DA:88,0
DA:89,0
DA:90,0
DA:91,0
DA:96,2
DA:97,2
DA:98,2
DA:99,1
DA:104,1
DA:105,4
DA:106,0
DA:108,4
DA:111,1
DA:115,1
DA:116,1
DA:117,2
DA:124,3
DA:125,3
DA:127,3
DA:128,3
DA:129,3
DA:130,3
DA:132,3
DA:133,3
DA:134,3
DA:135,3
DA:137,3
DA:138,3
DA:139,3
DA:141,3
DA:145,7
DA:146,7
DA:147,7
DA:148,7
DA:149,7
DA:151,7
DA:152,1
DA:154,7
DA:155,1
DA:158,7
DA:159,1
DA:161,7
DA:164,1
DA:165,1
DA:166,1
DA:167,1
DA:174,1
DA:175,1
DA:176,1
DA:178,0
DA:183,4
DA:185,4
DA:186,4
DA:187,4
DA:188,4
DA:189,4
DA:192,3
DA:193,0
DA:194,0
DA:195,0
DA:196,0
DA:197,0
DA:198,0
DA:200,0
DA:201,0
DA:202,0
DA:203,0
DA:204,0
DA:205,0
DA:206,0
DA:208,0
DA:209,0
DA:212,3
DA:213,0
DA:215,3
DA:216,0
DA:220,0
DA:221,0
DA:222,0
DA:229,0
DA:230,0
DA:232,0
DA:237,4
DA:238,4
DA:239,4
DA:242,4
DA:243,8
DA:244,8
DA:245,8
DA:246,8
DA:247,8
DA:248,8
DA:249,8
DA:250,8
DA:251,8
DA:254,4
DA:255,0
DA:256,0
DA:258,0
DA:261,4
DA:265,2
DA:266,1
DA:267,1
DA:268,1
DA:269,1
DA:270,1
DA:271,1
DA:275,1
DA:276,1
DA:277,1
DA:284,1
DA:285,1
DA:287,0
DA:293,2
DA:294,2
DA:295,1
DA:297,2
DA:298,1
DA:303,1
DA:304,1
DA:305,1
DA:306,1
DA:307,1
DA:308,1
DA:309,1
DA:311,1
DA:322,1
DA:325,1
DA:337,1
DA:338,1
DA:340,2
LF:177
LH:106
BRDA:47,0,0,0
BRDA:47,0,1,0
BRDA:75,1,0,0
BRDA:75,1,1,0
BRDA:75,2,0,0
BRDA:75,2,1,0
BRDA:83,3,0,0
BRDA:83,3,1,0
BRDA:89,4,0,0
BRDA:89,4,1,0
BRDA:98,5,0,1
BRDA:98,5,1,1
BRDA:105,6,0,0
BRDA:105,6,1,4
BRDA:255,7,0,0
BRDA:255,7,1,0
BRDA:269,8,0,1
BRDA:269,8,1,0
BRDA:269,9,0,1
BRDA:269,9,1,1
BRDA:269,9,2,1
BRF:21
BRH:7
end_of_record
TN:
SF:scripts\gantt.js
FN:33,(anonymous_0)
FN:34,(anonymous_1)
FN:42,(anonymous_2)
FN:43,(anonymous_3)
FN:51,updateTimeChart
FN:57,(anonymous_5)
FN:65,sortData
FN:66,(anonymous_7)
FN:81,makeTasksFromData
FN:86,(anonymous_9)
FN:114,updateChart
FN:127,(anonymous_11)
FN:188,(anonymous_12)
FN:210,(anonymous_13)
FN:235,(anonymous_14)
FN:246,(anonymous_15)
FNF:16
FNH:6
FNDA:0,(anonymous_0)
FNDA:0,(anonymous_1)
FNDA:0,(anonymous_2)
FNDA:0,(anonymous_3)
FNDA:1,updateTimeChart
FNDA:0,(anonymous_5)
FNDA:1,sortData
FNDA:6,(anonymous_7)
FNDA:1,makeTasksFromData
FNDA:2,(anonymous_9)
FNDA:1,updateChart
FNDA:0,(anonymous_11)
FNDA:0,(anonymous_12)
FNDA:0,(anonymous_13)
FNDA:0,(anonymous_14)
FNDA:0,(anonymous_15)
DA:2,3
DA:4,3
DA:5,3
DA:6,3
DA:7,3
DA:8,3
DA:10,3
DA:13,3
DA:20,3
DA:26,3
DA:33,3
DA:34,0
DA:35,0
DA:36,0
DA:37,0
DA:38,0
DA:42,3
DA:43,0
DA:44,0
DA:45,0
DA:46,0
DA:47,0
DA:52,1
DA:53,1
DA:54,1
DA:57,3
DA:58,0
DA:59,0
DA:60,0
DA:62,0
DA:66,1
DA:68,6
DA:69,6
DA:70,5
DA:73,1
DA:74,1
DA:75,1
DA:78,1
DA:82,1
DA:83,1
DA:84,1
DA:86,1
DA:87,2
DA:92,2
DA:93,2
DA:95,2
DA:102,2
DA:103,2
DA:104,2
DA:107,1
DA:115,1
DA:116,1
DA:118,1
DA:119,1
DA:120,1
DA:121,1
DA:122,1
DA:123,1
DA:124,1
DA:127,3
DA:128,0
DA:142,0
DA:189,0
DA:203,0
DA:207,3
DA:215,0
DA:216,0
DA:217,0
DA:218,0
DA:220,0
DA:221,0
DA:222,0
DA:224,0
DA:227,0
DA:228,0
DA:229,0
DA:233,3
DA:241,0
DA:242,0
DA:243,0
DA:244,0
DA:245,0
DA:246,0
DA:247,0
DA:249,0
DA:252,3
LF:86
LH:49
BRDA:69,0,0,5
BRDA:69,0,1,1
BRDA:87,1,0,2
BRDA:87,1,1,0
BRDA:88,2,0,2
BRDA:88,2,1,2
BRDA:88,2,2,2
BRDA:92,3,0,2
BRDA:92,3,1,0
BRDA:92,4,0,2
BRDA:92,4,1,2
BRDA:218,5,0,0
BRDA:218,5,1,0
BRDA:218,6,0,0
BRDA:218,6,1,0
BRF:15
BRH:9
end_of_record
TN:
SF:scripts\logbook.js
FN:11,(anonymous_0)
FN:14,(anonymous_1)
FN:23,(anonymous_2)
FN:28,(anonymous_3)
FN:42,(anonymous_4)
FN:55,createLogbookEntry
FN:82,createCheckbox
FN:88,createHeader
FN:94,createParagraph
FN:100,createDeleteButton
FN:104,(anonymous_10)
FN:112,tempBoxEventlistener
FN:113,(anonymous_12)
FN:118,deleteBtnTempContainer
FN:119,(anonymous_14)
FN:131,makeEditable
FN:132,(anonymous_16)
FN:137,createTextArea
FN:142,(anonymous_18)
FN:148,(anonymous_19)
FN:154,makeLogbookList
FN:168,makeDeleteBtnLogbookEntry
FN:172,(anonymous_22)
FN:197,makeLogbookEntryClickable
FN:198,(anonymous_24)
FN:215,(anonymous_25)
FN:224,resetLogbookData
FN:230,(anonymous_27)
FN:237,fixContainerIndexes
FN:239,(anonymous_29)
FN:243,makeLogbookContainerDivContent
FN:259,(anonymous_31)
FN:293,makeEditAble
FN:296,(anonymous_33)
FN:301,(anonymous_34)
FN:308,(anonymous_35)
FN:316,(anonymous_36)
FN:321,(anonymous_37)
FN:328,(anonymous_38)
FN:335,makeLogbookContainerSaveBtn
FN:340,(anonymous_40)
FNF:41
FNH:19
FNDA:0,(anonymous_0)
FNDA:0,(anonymous_1)
FNDA:0,(anonymous_2)
FNDA:0,(anonymous_3)
FNDA:0,(anonymous_4)
FNDA:1,createLogbookEntry
FNDA:2,createCheckbox
FNDA:2,createHeader
FNDA:2,createParagraph
FNDA:2,createDeleteButton
FNDA:0,(anonymous_10)
FNDA:3,tempBoxEventlistener
FNDA:0,(anonymous_12)
FNDA:2,deleteBtnTempContainer
FNDA:0,(anonymous_14)
FNDA:3,makeEditable
FNDA:0,(anonymous_16)
FNDA:0,createTextArea
FNDA:0,(anonymous_18)
FNDA:0,(anonymous_19)
FNDA:1,makeLogbookList
FNDA:2,makeDeleteBtnLogbookEntry
FNDA:1,(anonymous_22)
FNDA:1,makeLogbookEntryClickable
FNDA:0,(anonymous_24)
FNDA:0,(anonymous_25)
FNDA:1,resetLogbookData
FNDA:0,(anonymous_27)
FNDA:1,fixContainerIndexes
FNDA:3,(anonymous_29)
FNDA:1,makeLogbookContainerDivContent
FNDA:2,(anonymous_31)
FNDA:2,makeEditAble
FNDA:0,(anonymous_33)
FNDA:0,(anonymous_34)
FNDA:0,(anonymous_35)
FNDA:0,(anonymous_36)
FNDA:0,(anonymous_37)
FNDA:0,(anonymous_38)
FNDA:2,makeLogbookContainerSaveBtn
FNDA:0,(anonymous_40)
DA:1,9
DA:3,9
DA:4,9
DA:5,9
DA:6,9
DA:7,9
DA:8,9
DA:9,9
DA:11,9
DA:12,0
DA:13,0
DA:14,0
DA:15,0
DA:16,0
DA:17,0
DA:20,0
DA:21,0
DA:23,0
DA:24,0
DA:28,9
DA:29,0
DA:30,0
DA:38,0
DA:42,9
DA:43,0
DA:45,0
DA:49,0
DA:50,0
DA:51,0
DA:52,0
DA:56,1
DA:57,1
DA:59,1
DA:60,1
DA:61,1
DA:62,1
DA:63,1
DA:65,1
DA:66,1
DA:67,1
DA:69,1
DA:70,1
DA:71,1
DA:72,1
DA:73,1
DA:75,1
DA:76,1
DA:77,1
DA:79,1
DA:83,2
DA:84,2
DA:85,2
DA:89,2
DA:90,2
DA:91,2
DA:95,2
DA:96,2
DA:97,2
DA:101,2
DA:102,2
DA:103,2
DA:104,2
DA:105,0
DA:106,0
DA:108,2
DA:113,3
DA:114,0
DA:115,0
DA:119,2
DA:120,0
DA:121,0
DA:122,0
DA:123,0
DA:124,0
DA:125,0
DA:126,0
DA:127,0
DA:132,3
DA:133,0
DA:138,0
DA:139,0
DA:140,0
DA:142,0
DA:143,0
DA:144,0
DA:145,0
DA:148,0
DA:149,0
DA:150,0
DA:155,1
DA:156,1
DA:158,1
DA:159,1
DA:161,1
DA:162,1
DA:163,1
DA:165,1
DA:169,2
DA:170,2
DA:171,2
DA:172,2
DA:173,1
DA:174,1
DA:175,1
DA:182,1
DA:183,1
DA:184,1
DA:185,1
DA:187,0
DA:190,2
DA:193,9
DA:194,9
DA:195,9
DA:198,1
DA:199,0
DA:200,0
DA:201,0
DA:207,0
DA:208,0
DA:210,0
DA:211,0
DA:213,0
DA:214,0
DA:215,0
DA:216,0
DA:217,0
DA:220,0
DA:225,1
DA:226,1
DA:227,1
DA:229,1
DA:230,0
DA:231,0
DA:232,0
DA:233,0
DA:238,1
DA:239,1
DA:240,3
DA:244,1
DA:245,1
DA:246,1
DA:249,1
DA:250,1
DA:252,1
DA:253,1
DA:254,1
DA:256,1
DA:258,1
DA:259,1
DA:260,2
DA:261,2
DA:262,2
DA:263,2
DA:264,2
DA:265,2
DA:267,2
DA:268,2
DA:269,2
DA:270,2
DA:271,2
DA:273,2
DA:274,2
DA:276,2
DA:277,1
DA:279,2
DA:281,2
DA:282,2
DA:283,2
DA:284,2
DA:285,2
DA:286,2
DA:289,1
DA:290,1
DA:294,2
DA:296,2
DA:297,0
DA:298,0
DA:299,0
DA:301,0
DA:302,0
DA:303,0
DA:304,0
DA:305,0
DA:308,0
DA:309,0
DA:310,0
DA:311,0
DA:315,2
DA:316,2
DA:317,0
DA:318,0
DA:319,0
DA:321,0
DA:322,0
DA:323,0
DA:324,0
DA:325,0
DA:328,0
DA:329,0
DA:330,0
DA:331,0
DA:336,2
DA:337,2
DA:338,2
DA:340,2
DA:341,0
DA:342,0
DA:348,0
DA:349,0
DA:356,0
DA:357,0
DA:358,0
DA:360,0
DA:363,2
DA:365,9
LF:215
LH:123
BRDA:16,0,0,0
BRDA:16,0,1,0
BRDA:143,1,0,0
BRDA:143,1,1,0
BRDA:229,2,0,0
BRDA:229,2,1,1
BRDA:244,3,0,1
BRDA:244,3,1,0
BRDA:258,4,0,1
BRDA:258,4,1,0
BRDA:276,5,0,1
BRDA:276,5,1,1
BRDA:302,6,0,0
BRDA:302,6,1,0
BRDA:322,7,0,0
BRDA:322,7,1,0
BRF:16
BRH:5
end_of_record
