TN:
SF:scripts\backlog.js
FN:10,(anonymous_0)
FN:16,sortTasks
FN:17,(anonymous_2)
FN:18,(anonymous_3)
FN:31,createTasks
FN:35,(anonymous_5)
FN:57,makeTableHeader
FN:88,makeTableRow
FNF:8
FNH:7
FNDA:0,(anonymous_0)
FNDA:1,sortTasks
FNDA:3,(anonymous_2)
FNDA:4,(anonymous_3)
FNDA:1,createTasks
FNDA:1,(anonymous_5)
FNDA:3,makeTableHeader
FNDA:3,makeTableRow
DA:1,2
DA:2,2
DA:3,2
DA:4,2
DA:10,2
DA:11,0
DA:12,0
DA:13,0
DA:17,3
DA:18,1
DA:19,4
DA:20,4
DA:21,4
DA:23,0
DA:24,0
DA:25,0
DA:28,1
DA:32,1
DA:33,1
DA:35,1
DA:36,1
DA:37,0
DA:39,1
DA:40,1
DA:44,1
DA:45,0
DA:46,0
DA:48,1
DA:49,1
DA:51,1
DA:52,1
DA:53,0
DA:58,3
DA:59,3
DA:60,3
DA:61,3
DA:62,3
DA:63,3
DA:64,3
DA:65,3
DA:66,3
DA:68,3
DA:69,3
DA:70,3
DA:71,3
DA:72,3
DA:73,3
DA:74,3
DA:75,3
DA:77,3
DA:78,3
DA:79,3
DA:80,3
DA:81,3
DA:82,3
DA:83,3
DA:84,3
DA:85,3
DA:89,3
DA:90,3
DA:91,3
DA:92,3
DA:93,3
DA:94,3
DA:95,3
DA:96,3
DA:98,3
DA:99,3
DA:100,3
DA:101,3
DA:102,3
DA:103,3
DA:104,3
DA:105,3
DA:107,3
DA:108,3
DA:109,3
DA:110,3
DA:111,3
DA:112,3
DA:113,3
DA:114,3
DA:116,2
LF:83
LH:73
BRDA:20,0,0,4
BRDA:20,0,1,0
BRDA:36,1,0,0
BRDA:36,1,1,1
BRDA:44,2,0,0
BRDA:44,2,1,1
BRDA:52,3,0,0
BRDA:52,3,1,1
BRF:8
BRH:4
end_of_record
TN:
SF:scripts\board.js
FN:8,(anonymous_0)
FN:11,(anonymous_1)
FN:30,getTasks
FN:50,sortTasks
FN:51,(anonymous_4)
FN:62,createLists
FN:63,(anonymous_6)
FN:73,(anonymous_7)
FN:83,createListTask
FN:115,makeDraggable
FN:119,(anonymous_10)
FN:120,(anonymous_11)
FN:123,(anonymous_12)
FN:128,(anonymous_13)
FN:129,(anonymous_14)
FN:132,(anonymous_15)
FN:136,(anonymous_16)
FN:163,(anonymous_17)
FN:165,(anonymous_18)
FN:215,makeDescription
FN:227,(anonymous_20)
FN:251,makeDeleteButton
FN:257,(anonymous_22)
FN:260,(anonymous_23)
FN:264,(anonymous_24)
FN:284,makeEditButton
FN:291,(anonymous_26)
FN:294,(anonymous_27)
FN:297,(anonymous_28)
FN:314,(anonymous_29)
FN:350,(anonymous_30)
FN:353,(anonymous_31)
FNF:32
FNH:4
FNDA:0,(anonymous_0)
FNDA:0,(anonymous_1)
FNDA:0,getTasks
FNDA:2,sortTasks
FNDA:8,(anonymous_4)
FNDA:0,createLists
FNDA:0,(anonymous_6)
FNDA:0,(anonymous_7)
FNDA:0,createListTask
FNDA:0,makeDraggable
FNDA:0,(anonymous_10)
FNDA:0,(anonymous_11)
FNDA:0,(anonymous_12)
FNDA:0,(anonymous_13)
FNDA:0,(anonymous_14)
FNDA:0,(anonymous_15)
FNDA:0,(anonymous_16)
FNDA:0,(anonymous_17)
FNDA:0,(anonymous_18)
FNDA:1,makeDescription
FNDA:2,(anonymous_20)
FNDA:0,makeDeleteButton
FNDA:0,(anonymous_22)
FNDA:0,(anonymous_23)
FNDA:0,(anonymous_24)
FNDA:0,makeEditButton
FNDA:0,(anonymous_26)
FNDA:0,(anonymous_27)
FNDA:0,(anonymous_28)
FNDA:0,(anonymous_29)
FNDA:0,(anonymous_30)
FNDA:0,(anonymous_31)
DA:1,3
DA:3,3
DA:4,3
DA:5,3
DA:6,3
DA:8,3
DA:9,0
DA:11,0
DA:12,0
DA:13,0
DA:14,0
DA:15,0
DA:17,0
DA:18,0
DA:23,3
DA:30,3
DA:31,0
DA:32,0
DA:35,0
DA:36,0
DA:37,0
DA:38,0
DA:41,0
DA:42,0
DA:43,0
DA:46,0
DA:47,0
DA:51,2
DA:52,8
DA:53,0
DA:55,8
DA:58,2
DA:63,0
DA:64,0
DA:65,0
DA:67,0
DA:68,0
DA:69,0
DA:70,0
DA:71,0
DA:73,0
DA:74,0
DA:77,0
DA:84,0
DA:88,0
DA:90,0
DA:91,0
DA:92,0
DA:94,0
DA:95,0
DA:96,0
DA:98,0
DA:99,0
DA:100,0
DA:101,0
DA:104,0
DA:105,0
DA:106,0
DA:108,0
DA:109,0
DA:110,0
DA:111,0
DA:112,0
DA:116,0
DA:117,0
DA:119,0
DA:120,0
DA:121,0
DA:123,0
DA:124,0
DA:128,0
DA:129,0
DA:130,0
DA:132,0
DA:136,3
DA:137,0
DA:138,0
DA:139,0
DA:140,0
DA:141,0
DA:142,0
DA:146,0
DA:147,0
DA:154,0
DA:155,0
DA:157,0
DA:163,3
DA:164,0
DA:165,0
DA:166,0
DA:169,0
DA:170,0
DA:171,0
DA:172,0
DA:173,0
DA:174,0
DA:175,0
DA:178,0
DA:179,0
DA:183,0
DA:184,0
DA:187,0
DA:199,0
DA:200,0
DA:207,0
DA:208,0
DA:210,0
DA:216,1
DA:217,1
DA:218,1
DA:219,1
DA:220,1
DA:221,1
DA:222,1
DA:224,1
DA:225,1
DA:227,1
DA:228,2
DA:229,1
DA:231,1
DA:235,1
DA:236,1
DA:237,1
DA:238,1
DA:239,1
DA:240,1
DA:242,1
DA:243,1
DA:244,1
DA:245,1
DA:246,1
DA:247,1
DA:248,1
DA:252,0
DA:253,0
DA:254,0
DA:255,0
DA:257,0
DA:258,0
DA:260,0
DA:261,0
DA:264,0
DA:265,0
DA:266,0
DA:267,0
DA:268,0
DA:275,0
DA:276,0
DA:277,0
DA:279,0
DA:282,0
DA:285,0
DA:286,0
DA:287,0
DA:288,0
DA:289,0
DA:291,0
DA:292,0
DA:294,0
DA:295,0
DA:297,0
DA:298,0
DA:299,0
DA:301,0
DA:302,0
DA:303,0
DA:304,0
DA:305,0
DA:306,0
DA:307,0
DA:308,0
DA:309,0
DA:310,0
DA:311,0
DA:313,0
DA:314,0
DA:315,0
DA:316,0
DA:319,0
DA:320,0
DA:322,0
DA:334,0
DA:335,0
DA:342,0
DA:343,0
DA:345,0
DA:349,0
DA:350,0
DA:351,0
DA:353,0
DA:354,0
DA:356,0
DA:358,3
LF:193
LH:41
BRDA:13,0,0,0
BRDA:13,0,1,0
BRDA:42,1,0,0
BRDA:42,1,1,0
BRDA:52,2,0,0
BRDA:52,2,1,8
BRDA:84,3,0,0
BRDA:84,3,1,0
BRDA:85,4,0,0
BRDA:85,4,1,0
BRDA:85,4,2,0
BRDA:90,5,0,0
BRDA:90,5,1,0
BRDA:98,6,0,0
BRDA:98,6,1,0
BRDA:104,7,0,0
BRDA:104,7,1,0
BRDA:104,8,0,0
BRDA:104,8,1,0
BRDA:140,9,0,0
BRDA:140,9,1,0
BRDA:140,10,0,0
BRDA:140,10,1,0
BRDA:178,11,0,0
BRDA:178,11,1,0
BRDA:178,12,0,0
BRDA:178,12,1,0
BRDA:178,12,2,0
BRDA:178,12,3,0
BRDA:178,12,4,0
BRDA:178,12,5,0
BRDA:178,12,6,0
BRDA:183,13,0,0
BRDA:183,13,1,0
BRDA:228,14,0,1
BRDA:228,14,1,1
BRDA:311,15,0,0
BRDA:311,15,1,0
BRDA:315,16,0,0
BRDA:315,16,1,0
BRDA:315,17,0,0
BRDA:315,17,1,0
BRDA:315,17,2,0
BRDA:315,17,3,0
BRDA:315,17,4,0
BRDA:315,17,5,0
BRDA:319,18,0,0
BRDA:319,18,1,0
BRF:48
BRH:3
end_of_record
TN:
SF:scripts\gantt.js
FN:33,(anonymous_0)
FN:34,(anonymous_1)
FN:42,(anonymous_2)
FN:43,(anonymous_3)
FN:51,updateTimeChart
FN:57,(anonymous_5)
FN:65,sortData
FN:66,(anonymous_7)
FN:82,makeTasksFromData
FN:87,(anonymous_9)
FN:115,updateChart
FN:128,(anonymous_11)
FN:189,(anonymous_12)
FN:211,(anonymous_13)
FN:236,(anonymous_14)
FN:247,(anonymous_15)
FNF:16
FNH:6
FNDA:0,(anonymous_0)
FNDA:0,(anonymous_1)
FNDA:0,(anonymous_2)
FNDA:0,(anonymous_3)
FNDA:1,updateTimeChart
FNDA:0,(anonymous_5)
FNDA:1,sortData
FNDA:6,(anonymous_7)
FNDA:1,makeTasksFromData
FNDA:2,(anonymous_9)
FNDA:1,updateChart
FNDA:0,(anonymous_11)
FNDA:0,(anonymous_12)
FNDA:0,(anonymous_13)
FNDA:0,(anonymous_14)
FNDA:0,(anonymous_15)
DA:2,3
DA:4,3
DA:5,3
DA:6,3
DA:7,3
DA:8,3
DA:10,3
DA:13,3
DA:20,3
DA:26,3
DA:33,3
DA:34,0
DA:35,0
DA:36,0
DA:37,0
DA:38,0
DA:42,3
DA:43,0
DA:44,0
DA:45,0
DA:46,0
DA:47,0
DA:52,1
DA:53,1
DA:54,1
DA:57,3
DA:58,0
DA:59,0
DA:60,0
DA:62,0
DA:66,1
DA:68,6
DA:69,6
DA:70,5
DA:73,1
DA:74,1
DA:75,1
DA:78,1
DA:83,1
DA:84,1
DA:85,1
DA:87,1
DA:88,2
DA:93,2
DA:94,2
DA:96,2
DA:103,2
DA:104,2
DA:105,2
DA:108,1
DA:116,1
DA:117,1
DA:119,1
DA:120,1
DA:121,1
DA:122,1
DA:123,1
DA:124,1
DA:125,1
DA:128,3
DA:129,0
DA:143,0
DA:190,0
DA:204,0
DA:208,3
DA:216,0
DA:217,0
DA:218,0
DA:219,0
DA:221,0
DA:222,0
DA:223,0
DA:225,0
DA:228,0
DA:229,0
DA:230,0
DA:234,3
DA:242,0
DA:243,0
DA:244,0
DA:245,0
DA:246,0
DA:247,0
DA:248,0
DA:250,0
DA:253,3
LF:86
LH:49
BRDA:69,0,0,5
BRDA:69,0,1,1
BRDA:88,1,0,2
BRDA:88,1,1,0
BRDA:89,2,0,2
BRDA:89,2,1,2
BRDA:89,2,2,2
BRDA:93,3,0,2
BRDA:93,3,1,0
BRDA:93,4,0,2
BRDA:93,4,1,2
BRDA:219,5,0,0
BRDA:219,5,1,0
BRDA:219,6,0,0
BRDA:219,6,1,0
BRF:15
BRH:9
end_of_record
TN:
SF:scripts\logbook.js
FN:12,(anonymous_0)
FN:15,(anonymous_1)
FN:24,(anonymous_2)
FN:29,(anonymous_3)
FN:43,(anonymous_4)
FN:56,createLogbookEntry
FN:83,createCheckbox
FN:89,createHeader
FN:95,createParagraph
FN:101,createDeleteButton
FN:105,(anonymous_10)
FN:113,tempBoxEventlistener
FN:114,(anonymous_12)
FN:119,deleteBtnTempContainer
FN:120,(anonymous_14)
FN:132,makeEditable
FN:133,(anonymous_16)
FN:138,createTextArea
FN:143,(anonymous_18)
FN:149,(anonymous_19)
FN:155,makeLogbookList
FN:169,makeDeleteBtnLogbookEntry
FN:173,(anonymous_22)
FN:198,makeLogbookEntryClickable
FN:199,(anonymous_24)
FN:216,(anonymous_25)
FN:225,resetLogbookData
FN:231,(anonymous_27)
FN:238,fixContainerIndexes
FN:240,(anonymous_29)
FN:244,makeLogbookContainerDivContent
FN:260,(anonymous_31)
FN:294,makeEditAble
FN:297,(anonymous_33)
FN:302,(anonymous_34)
FN:309,(anonymous_35)
FN:316,(anonymous_36)
FN:321,(anonymous_37)
FN:328,(anonymous_38)
FN:335,makeLogbookConainerSaveBtn
FN:340,(anonymous_40)
FNF:41
FNH:9
FNDA:0,(anonymous_0)
FNDA:0,(anonymous_1)
FNDA:0,(anonymous_2)
FNDA:0,(anonymous_3)
FNDA:0,(anonymous_4)
FNDA:1,createLogbookEntry
FNDA:1,createCheckbox
FNDA:1,createHeader
FNDA:1,createParagraph
FNDA:1,createDeleteButton
FNDA:0,(anonymous_10)
FNDA:1,tempBoxEventlistener
FNDA:0,(anonymous_12)
FNDA:0,deleteBtnTempContainer
FNDA:0,(anonymous_14)
FNDA:2,makeEditable
FNDA:0,(anonymous_16)
FNDA:0,createTextArea
FNDA:0,(anonymous_18)
FNDA:0,(anonymous_19)
FNDA:0,makeLogbookList
FNDA:1,makeDeleteBtnLogbookEntry
FNDA:1,(anonymous_22)
FNDA:0,makeLogbookEntryClickable
FNDA:0,(anonymous_24)
FNDA:0,(anonymous_25)
FNDA:0,resetLogbookData
FNDA:0,(anonymous_27)
FNDA:0,fixContainerIndexes
FNDA:0,(anonymous_29)
FNDA:0,makeLogbookContainerDivContent
FNDA:0,(anonymous_31)
FNDA:0,makeEditAble
FNDA:0,(anonymous_33)
FNDA:0,(anonymous_34)
FNDA:0,(anonymous_35)
FNDA:0,(anonymous_36)
FNDA:0,(anonymous_37)
FNDA:0,(anonymous_38)
FNDA:0,makeLogbookConainerSaveBtn
FNDA:0,(anonymous_40)
DA:1,2
DA:3,2
DA:4,2
DA:5,2
DA:6,2
DA:7,2
DA:8,2
DA:9,2
DA:10,2
DA:12,2
DA:13,0
DA:14,0
DA:15,0
DA:16,0
DA:17,0
DA:18,0
DA:21,0
DA:22,0
DA:24,0
DA:25,0
DA:29,2
DA:30,0
DA:31,0
DA:39,0
DA:43,2
DA:44,0
DA:46,0
DA:50,0
DA:51,0
DA:52,0
DA:53,0
DA:57,1
DA:58,1
DA:60,1
DA:61,1
DA:62,1
DA:63,1
DA:64,1
DA:66,1
DA:67,1
DA:68,1
DA:70,1
DA:71,1
DA:72,1
DA:73,1
DA:74,1
DA:76,1
DA:77,1
DA:78,1
DA:80,1
DA:84,1
DA:85,1
DA:86,1
DA:90,1
DA:91,1
DA:92,1
DA:96,1
DA:97,1
DA:98,1
DA:102,1
DA:103,1
DA:104,1
DA:105,1
DA:106,0
DA:107,0
DA:109,1
DA:114,1
DA:115,0
DA:116,0
DA:120,0
DA:121,0
DA:122,0
DA:123,0
DA:124,0
DA:125,0
DA:126,0
DA:127,0
DA:128,0
DA:133,2
DA:134,0
DA:139,0
DA:140,0
DA:141,0
DA:143,0
DA:144,0
DA:145,0
DA:146,0
DA:149,0
DA:150,0
DA:151,0
DA:156,0
DA:157,0
DA:159,0
DA:160,0
DA:162,0
DA:163,0
DA:164,0
DA:166,0
DA:170,1
DA:171,1
DA:172,1
DA:173,1
DA:174,1
DA:175,1
DA:176,1
DA:183,1
DA:184,1
DA:185,1
DA:186,1
DA:188,0
DA:191,1
DA:194,2
DA:195,2
DA:196,2
DA:199,0
DA:200,0
DA:201,0
DA:202,0
DA:208,0
DA:209,0
DA:211,0
DA:212,0
DA:214,0
DA:215,0
DA:216,0
DA:217,0
DA:218,0
DA:221,0
DA:226,0
DA:227,0
DA:228,0
DA:230,0
DA:231,0
DA:232,0
DA:233,0
DA:234,0
DA:239,0
DA:240,0
DA:241,0
DA:245,0
DA:246,0
DA:247,0
DA:250,0
DA:251,0
DA:253,0
DA:254,0
DA:255,0
DA:257,0
DA:259,0
DA:260,0
DA:261,0
DA:262,0
DA:263,0
DA:264,0
DA:265,0
DA:266,0
DA:268,0
DA:269,0
DA:270,0
DA:271,0
DA:272,0
DA:274,0
DA:275,0
DA:277,0
DA:278,0
DA:280,0
DA:282,0
DA:283,0
DA:284,0
DA:285,0
DA:286,0
DA:287,0
DA:290,0
DA:291,0
DA:295,0
DA:297,0
DA:298,0
DA:299,0
DA:300,0
DA:302,0
DA:303,0
DA:304,0
DA:305,0
DA:306,0
DA:309,0
DA:310,0
DA:311,0
DA:312,0
DA:315,0
DA:316,0
DA:317,0
DA:318,0
DA:319,0
DA:321,0
DA:322,0
DA:323,0
DA:324,0
DA:325,0
DA:328,0
DA:329,0
DA:330,0
DA:331,0
DA:336,0
DA:337,0
DA:338,0
DA:340,0
DA:341,0
DA:342,0
DA:348,0
DA:349,0
DA:356,0
DA:357,0
DA:358,0
DA:360,0
DA:363,0
DA:365,2
LF:216
LH:63
BRDA:17,0,0,0
BRDA:17,0,1,0
BRDA:144,1,0,0
BRDA:144,1,1,0
BRDA:230,2,0,0
BRDA:230,2,1,0
BRDA:245,3,0,0
BRDA:245,3,1,0
BRDA:259,4,0,0
BRDA:259,4,1,0
BRDA:277,5,0,0
BRDA:277,5,1,0
BRDA:303,6,0,0
BRDA:303,6,1,0
BRDA:322,7,0,0
BRDA:322,7,1,0
BRF:16
BRH:0
end_of_record
